mode: atomic
github.com/moov-io/wire20022/cmd/wire20022/main.go:7.14,13.2 0 0
github.com/moov-io/wire20022/internal/server/server.go:25.55,34.11 4 0
github.com/moov-io/wire20022/internal/server/server.go:34.11,36.3 1 0
github.com/moov-io/wire20022/internal/server/server.go:38.2,38.16 1 0
github.com/moov-io/wire20022/internal/server/server.go:38.16,41.3 2 0
github.com/moov-io/wire20022/internal/server/server.go:44.42,46.12 2 0
github.com/moov-io/wire20022/internal/server/server.go:46.12,50.3 3 0
github.com/moov-io/wire20022/internal/server/server.go:52.2,52.13 1 0
github.com/moov-io/wire20022/internal/server/server.go:55.74,56.46 1 0
github.com/moov-io/wire20022/internal/server/server.go:56.46,59.3 1 0
github.com/moov-io/wire20022/internal/server/server.go:62.134,80.12 2 0
github.com/moov-io/wire20022/internal/server/server.go:80.12,82.48 2 0
github.com/moov-io/wire20022/internal/server/server.go:82.48,84.4 1 0
github.com/moov-io/wire20022/internal/server/server.go:87.2,87.27 1 0
github.com/moov-io/wire20022/internal/server/server.go:87.27,88.56 1 0
github.com/moov-io/wire20022/internal/server/server.go:88.56,91.4 1 0
github.com/moov-io/wire20022/internal/server/server.go:94.2,94.30 1 0
github.com/moov-io/wire20022/internal/server/server.go:97.93,100.56 2 0
github.com/moov-io/wire20022/internal/server/server.go:100.56,102.3 1 0
github.com/moov-io/wire20022/internal/server/server.go:103.2,104.12 2 0
github.com/moov-io/wire20022/internal/server/server.go:104.12,106.46 2 0
github.com/moov-io/wire20022/internal/server/server.go:106.46,108.4 1 0
github.com/moov-io/wire20022/internal/server/server.go:111.2,111.20 1 0
github.com/moov-io/wire20022/pkg/base/factory.go:19.104,25.2 1 8
github.com/moov-io/wire20022/pkg/base/factory.go:32.3,36.2 3 8
github.com/moov-io/wire20022/pkg/base/factory.go:39.101,42.47 2 4
github.com/moov-io/wire20022/pkg/base/factory.go:42.47,43.54 1 5
github.com/moov-io/wire20022/pkg/base/factory.go:43.54,44.60 1 5
github.com/moov-io/wire20022/pkg/base/factory.go:44.60,49.51 3 5
github.com/moov-io/wire20022/pkg/base/factory.go:49.51,52.59 2 5
github.com/moov-io/wire20022/pkg/base/factory.go:52.59,54.7 1 4
github.com/moov-io/wire20022/pkg/base/factory.go:54.12,57.7 1 1
github.com/moov-io/wire20022/pkg/base/factory.go:58.6,58.16 1 5
github.com/moov-io/wire20022/pkg/base/factory.go:64.2,64.15 1 4
github.com/moov-io/wire20022/pkg/base/factory.go:68.71,70.33 2 3
github.com/moov-io/wire20022/pkg/base/factory.go:70.33,72.3 1 3
github.com/moov-io/wire20022/pkg/base/factory.go:73.2,73.15 1 3
github.com/moov-io/wire20022/pkg/base/factory.go:77.73,79.35 2 3
github.com/moov-io/wire20022/pkg/base/factory.go:79.35,81.3 1 3
github.com/moov-io/wire20022/pkg/base/factory.go:82.2,82.15 1 3
github.com/moov-io/wire20022/pkg/base/factory.go:91.56,93.36 2 4
github.com/moov-io/wire20022/pkg/base/factory.go:93.36,95.3 1 3
github.com/moov-io/wire20022/pkg/base/factory.go:97.2,98.53 2 4
github.com/moov-io/wire20022/pkg/base/factory.go:98.53,101.3 2 2
github.com/moov-io/wire20022/pkg/base/factory.go:114.35,117.36 2 2
github.com/moov-io/wire20022/pkg/base/factory.go:117.36,119.3 1 2
github.com/moov-io/wire20022/pkg/base/factory.go:121.2,121.16 1 2
github.com/moov-io/wire20022/pkg/base/helpers.go:10.43,18.3 1 5
github.com/moov-io/wire20022/pkg/base/helpers.go:19.49,26.3 1 5
github.com/moov-io/wire20022/pkg/base/helpers.go:27.54,34.3 1 4
github.com/moov-io/wire20022/pkg/base/helpers.go:35.50,42.3 1 4
github.com/moov-io/wire20022/pkg/base/helpers.go:43.55,50.3 1 4
github.com/moov-io/wire20022/pkg/base/helpers.go:51.50,57.3 1 4
github.com/moov-io/wire20022/pkg/base/helpers.go:58.49,64.3 1 4
github.com/moov-io/wire20022/pkg/base/helpers.go:65.45,71.3 1 4
github.com/moov-io/wire20022/pkg/base/helpers.go:72.47,78.3 1 4
github.com/moov-io/wire20022/pkg/base/helpers.go:79.53,85.3 1 2
github.com/moov-io/wire20022/pkg/base/helpers.go:95.57,100.2 1 2
github.com/moov-io/wire20022/pkg/base/helpers.go:111.55,118.2 1 1
github.com/moov-io/wire20022/pkg/base/helpers.go:129.37,136.2 1 1
github.com/moov-io/wire20022/pkg/base/helpers.go:150.41,188.2 1 1
github.com/moov-io/wire20022/pkg/base/processor.go:27.27,34.2 1 7
github.com/moov-io/wire20022/pkg/base/processor.go:37.73,41.16 3 2
github.com/moov-io/wire20022/pkg/base/processor.go:41.16,43.3 1 1
github.com/moov-io/wire20022/pkg/base/processor.go:45.2,46.13 2 1
github.com/moov-io/wire20022/pkg/base/processor.go:46.13,49.3 1 0
github.com/moov-io/wire20022/pkg/base/processor.go:51.2,52.13 2 1
github.com/moov-io/wire20022/pkg/base/processor.go:52.13,55.3 1 1
github.com/moov-io/wire20022/pkg/base/processor.go:57.2,59.48 2 0
github.com/moov-io/wire20022/pkg/base/processor.go:59.48,61.3 1 0
github.com/moov-io/wire20022/pkg/base/processor.go:64.2,64.57 1 0
github.com/moov-io/wire20022/pkg/base/processor.go:64.57,66.3 1 0
github.com/moov-io/wire20022/pkg/base/processor.go:68.2,68.20 1 0
github.com/moov-io/wire20022/pkg/base/processor.go:72.99,74.13 2 2
github.com/moov-io/wire20022/pkg/base/processor.go:74.13,76.3 1 1
github.com/moov-io/wire20022/pkg/base/processor.go:79.2,80.43 2 1
github.com/moov-io/wire20022/pkg/base/processor.go:80.43,81.21 1 1
github.com/moov-io/wire20022/pkg/base/processor.go:81.21,83.9 2 1
github.com/moov-io/wire20022/pkg/base/processor.go:87.2,88.13 2 1
github.com/moov-io/wire20022/pkg/base/processor.go:88.13,90.3 1 1
github.com/moov-io/wire20022/pkg/base/processor.go:92.2,95.48 3 0
github.com/moov-io/wire20022/pkg/base/processor.go:95.48,96.98 1 0
github.com/moov-io/wire20022/pkg/base/processor.go:96.98,98.4 1 0
github.com/moov-io/wire20022/pkg/base/processor.go:101.2,101.17 1 0
github.com/moov-io/wire20022/pkg/base/processor.go:105.72,108.2 2 2
github.com/moov-io/wire20022/pkg/base/processor.go:116.60,118.38 2 6
github.com/moov-io/wire20022/pkg/base/processor.go:118.38,120.3 1 1
github.com/moov-io/wire20022/pkg/base/processor.go:122.2,122.45 1 6
github.com/moov-io/wire20022/pkg/base/processor.go:122.45,124.60 2 8
github.com/moov-io/wire20022/pkg/base/processor.go:124.60,126.4 1 3
github.com/moov-io/wire20022/pkg/base/processor.go:128.2,128.12 1 3
github.com/moov-io/wire20022/pkg/base/processor.go:136.51,138.2 1 2
github.com/moov-io/wire20022/pkg/base/processor.go:143.63,145.2 1 1
github.com/moov-io/wire20022/pkg/base/processor.go:150.51,152.2 1 1
github.com/moov-io/wire20022/pkg/errors/constructors.go:12.64,17.2 1 14
github.com/moov-io/wire20022/pkg/errors/constructors.go:25.86,31.2 1 2
github.com/moov-io/wire20022/pkg/errors/constructors.go:40.72,46.2 1 2
github.com/moov-io/wire20022/pkg/errors/constructors.go:55.69,60.2 1 2
github.com/moov-io/wire20022/pkg/errors/constructors.go:69.69,75.2 1 3
github.com/moov-io/wire20022/pkg/errors/constructors.go:84.59,90.2 1 6
github.com/moov-io/wire20022/pkg/errors/constructors.go:99.66,105.2 1 8
github.com/moov-io/wire20022/pkg/errors/constructors.go:114.78,120.2 1 1
github.com/moov-io/wire20022/pkg/errors/errors.go:34.42,35.18 1 16
github.com/moov-io/wire20022/pkg/errors/errors.go:35.18,37.3 1 11
github.com/moov-io/wire20022/pkg/errors/errors.go:38.2,38.77 1 5
github.com/moov-io/wire20022/pkg/errors/errors.go:42.42,44.2 1 10
github.com/moov-io/wire20022/pkg/errors/errors.go:47.49,48.61 1 19
github.com/moov-io/wire20022/pkg/errors/errors.go:48.61,50.3 1 9
github.com/moov-io/wire20022/pkg/errors/errors.go:51.2,51.14 1 10
github.com/moov-io/wire20022/pkg/errors/errors.go:63.37,64.21 1 4
github.com/moov-io/wire20022/pkg/errors/errors.go:64.21,66.3 1 2
github.com/moov-io/wire20022/pkg/errors/errors.go:67.2,67.57 1 2
github.com/moov-io/wire20022/pkg/errors/errors.go:71.37,73.2 1 2
github.com/moov-io/wire20022/pkg/errors/errors.go:76.44,77.57 1 8
github.com/moov-io/wire20022/pkg/errors/errors.go:77.57,79.3 1 5
github.com/moov-io/wire20022/pkg/errors/errors.go:80.2,80.14 1 3
github.com/moov-io/wire20022/pkg/errors/errors.go:92.37,94.2 1 2
github.com/moov-io/wire20022/pkg/errors/errors.go:97.37,99.2 1 4
github.com/moov-io/wire20022/pkg/errors/errors.go:102.44,103.65 1 9
github.com/moov-io/wire20022/pkg/errors/errors.go:103.65,105.3 1 5
github.com/moov-io/wire20022/pkg/errors/errors.go:106.2,106.14 1 4
github.com/moov-io/wire20022/pkg/errors/errors.go:119.41,121.2 1 4
github.com/moov-io/wire20022/pkg/errors/errors.go:131.46,133.2 1 1
github.com/moov-io/wire20022/pkg/errors/errors.go:143.58,144.16 1 2
github.com/moov-io/wire20022/pkg/errors/errors.go:144.16,146.3 1 1
github.com/moov-io/wire20022/pkg/errors/errors.go:147.2,147.12 1 1
github.com/moov-io/wire20022/pkg/errors/errors.go:159.59,160.18 1 4
github.com/moov-io/wire20022/pkg/errors/errors.go:160.18,162.3 1 1
github.com/moov-io/wire20022/pkg/errors/errors.go:165.2,166.18 2 3
github.com/moov-io/wire20022/pkg/errors/errors.go:167.94,168.16 1 1
github.com/moov-io/wire20022/pkg/errors/errors.go:168.16,170.4 1 1
github.com/moov-io/wire20022/pkg/errors/errors.go:175.25,175.25 0 2
github.com/moov-io/wire20022/pkg/errors/errors.go:179.2,179.12 1 2
github.com/moov-io/wire20022/pkg/errors/validation.go:25.48,26.20 1 12
github.com/moov-io/wire20022/pkg/errors/validation.go:26.20,28.3 1 4
github.com/moov-io/wire20022/pkg/errors/validation.go:29.2,29.20 1 8
github.com/moov-io/wire20022/pkg/errors/validation.go:29.20,31.3 1 2
github.com/moov-io/wire20022/pkg/errors/validation.go:32.2,32.29 1 6
github.com/moov-io/wire20022/pkg/errors/validation.go:56.62,60.2 1 9
github.com/moov-io/wire20022/pkg/errors/validation.go:64.51,65.16 1 17
github.com/moov-io/wire20022/pkg/errors/validation.go:65.16,67.3 1 16
github.com/moov-io/wire20022/pkg/errors/validation.go:71.72,73.2 1 1
github.com/moov-io/wire20022/pkg/errors/validation.go:76.67,78.2 1 5
github.com/moov-io/wire20022/pkg/errors/validation.go:81.74,83.2 1 6
github.com/moov-io/wire20022/pkg/errors/validation.go:86.53,88.2 1 5
github.com/moov-io/wire20022/pkg/errors/validation.go:91.48,93.2 1 5
github.com/moov-io/wire20022/pkg/errors/validation.go:97.50,99.2 1 8
github.com/moov-io/wire20022/pkg/errors/validation.go:102.53,103.24 1 5
github.com/moov-io/wire20022/pkg/errors/validation.go:103.24,105.3 1 1
github.com/moov-io/wire20022/pkg/errors/validation.go:106.2,108.15 3 4
github.com/moov-io/wire20022/pkg/messages/AccountReportingRequest.go:14.60,20.15 1 4
github.com/moov-io/wire20022/pkg/messages/AccountReportingRequest.go:20.15,20.75 1 2
github.com/moov-io/wire20022/pkg/messages/AccountReportingRequest.go:21.73,23.19 2 0
github.com/moov-io/wire20022/pkg/messages/AccountReportingRequest.go:23.19,25.6 1 0
github.com/moov-io/wire20022/pkg/messages/AccountReportingRequest.go:26.5,26.21 1 0
github.com/moov-io/wire20022/pkg/messages/ActivityReport.go:14.42,20.15 1 4
github.com/moov-io/wire20022/pkg/messages/ActivityReport.go:20.15,20.66 1 0
github.com/moov-io/wire20022/pkg/messages/ActivityReport.go:21.64,23.19 2 0
github.com/moov-io/wire20022/pkg/messages/ActivityReport.go:23.19,25.6 1 0
github.com/moov-io/wire20022/pkg/messages/ActivityReport.go:26.5,26.21 1 0
github.com/moov-io/wire20022/pkg/messages/ConnectionCheck.go:14.44,20.15 1 1
github.com/moov-io/wire20022/pkg/messages/ConnectionCheck.go:20.15,20.67 1 0
github.com/moov-io/wire20022/pkg/messages/ConnectionCheck.go:21.65,23.19 2 0
github.com/moov-io/wire20022/pkg/messages/ConnectionCheck.go:23.19,25.6 1 0
github.com/moov-io/wire20022/pkg/messages/ConnectionCheck.go:26.5,26.21 1 0
github.com/moov-io/wire20022/pkg/messages/CustomerCreditTransfer.go:14.58,20.15 1 4
github.com/moov-io/wire20022/pkg/messages/CustomerCreditTransfer.go:20.15,20.74 1 0
github.com/moov-io/wire20022/pkg/messages/CustomerCreditTransfer.go:21.72,23.19 2 0
github.com/moov-io/wire20022/pkg/messages/CustomerCreditTransfer.go:23.19,25.6 1 0
github.com/moov-io/wire20022/pkg/messages/CustomerCreditTransfer.go:26.5,26.21 1 0
github.com/moov-io/wire20022/pkg/messages/DrawdownRequest.go:14.44,20.15 1 1
github.com/moov-io/wire20022/pkg/messages/DrawdownRequest.go:20.15,20.67 1 0
github.com/moov-io/wire20022/pkg/messages/DrawdownRequest.go:21.65,23.19 2 0
github.com/moov-io/wire20022/pkg/messages/DrawdownRequest.go:23.19,25.6 1 0
github.com/moov-io/wire20022/pkg/messages/DrawdownRequest.go:26.5,26.21 1 0
github.com/moov-io/wire20022/pkg/messages/DrawdownResponse.go:14.46,20.15 1 1
github.com/moov-io/wire20022/pkg/messages/DrawdownResponse.go:20.15,20.68 1 0
github.com/moov-io/wire20022/pkg/messages/DrawdownResponse.go:21.66,23.19 2 0
github.com/moov-io/wire20022/pkg/messages/DrawdownResponse.go:23.19,25.6 1 0
github.com/moov-io/wire20022/pkg/messages/DrawdownResponse.go:26.5,26.21 1 0
github.com/moov-io/wire20022/pkg/messages/EndpointDetailsReport.go:14.56,20.15 1 1
github.com/moov-io/wire20022/pkg/messages/EndpointDetailsReport.go:20.15,20.73 1 0
github.com/moov-io/wire20022/pkg/messages/EndpointDetailsReport.go:21.71,23.19 2 0
github.com/moov-io/wire20022/pkg/messages/EndpointDetailsReport.go:23.19,25.6 1 0
github.com/moov-io/wire20022/pkg/messages/EndpointDetailsReport.go:26.5,26.21 1 0
github.com/moov-io/wire20022/pkg/messages/EndpointGapReport.go:14.48,20.15 1 1
github.com/moov-io/wire20022/pkg/messages/EndpointGapReport.go:20.15,20.69 1 0
github.com/moov-io/wire20022/pkg/messages/EndpointGapReport.go:21.67,23.19 2 0
github.com/moov-io/wire20022/pkg/messages/EndpointGapReport.go:23.19,25.6 1 0
github.com/moov-io/wire20022/pkg/messages/EndpointGapReport.go:26.5,26.21 1 0
github.com/moov-io/wire20022/pkg/messages/EndpointTotalsReport.go:14.54,20.15 1 1
github.com/moov-io/wire20022/pkg/messages/EndpointTotalsReport.go:20.15,20.72 1 0
github.com/moov-io/wire20022/pkg/messages/EndpointTotalsReport.go:21.70,23.19 2 0
github.com/moov-io/wire20022/pkg/messages/EndpointTotalsReport.go:23.19,25.6 1 0
github.com/moov-io/wire20022/pkg/messages/EndpointTotalsReport.go:26.5,26.21 1 0
github.com/moov-io/wire20022/pkg/messages/FedwireFundsAcknowledgement.go:14.68,20.15 1 1
github.com/moov-io/wire20022/pkg/messages/FedwireFundsAcknowledgement.go:20.15,20.79 1 0
github.com/moov-io/wire20022/pkg/messages/FedwireFundsAcknowledgement.go:21.77,23.19 2 0
github.com/moov-io/wire20022/pkg/messages/FedwireFundsAcknowledgement.go:23.19,25.6 1 0
github.com/moov-io/wire20022/pkg/messages/FedwireFundsAcknowledgement.go:26.5,26.21 1 0
github.com/moov-io/wire20022/pkg/messages/FedwireFundsPaymentStatus.go:14.64,20.15 1 1
github.com/moov-io/wire20022/pkg/messages/FedwireFundsPaymentStatus.go:20.15,20.77 1 0
github.com/moov-io/wire20022/pkg/messages/FedwireFundsPaymentStatus.go:21.75,23.19 2 0
github.com/moov-io/wire20022/pkg/messages/FedwireFundsPaymentStatus.go:23.19,25.6 1 0
github.com/moov-io/wire20022/pkg/messages/FedwireFundsPaymentStatus.go:26.5,26.21 1 0
github.com/moov-io/wire20022/pkg/messages/FedwireFundsSystemResponse.go:14.66,20.15 1 1
github.com/moov-io/wire20022/pkg/messages/FedwireFundsSystemResponse.go:20.15,20.78 1 0
github.com/moov-io/wire20022/pkg/messages/FedwireFundsSystemResponse.go:21.76,23.19 2 0
github.com/moov-io/wire20022/pkg/messages/FedwireFundsSystemResponse.go:23.19,25.6 1 0
github.com/moov-io/wire20022/pkg/messages/FedwireFundsSystemResponse.go:26.5,26.21 1 0
github.com/moov-io/wire20022/pkg/messages/Master.go:14.26,20.15 1 1
github.com/moov-io/wire20022/pkg/messages/Master.go:20.15,20.58 1 0
github.com/moov-io/wire20022/pkg/messages/Master.go:21.56,23.19 2 0
github.com/moov-io/wire20022/pkg/messages/Master.go:23.19,25.6 1 0
github.com/moov-io/wire20022/pkg/messages/Master.go:26.5,26.21 1 0
github.com/moov-io/wire20022/pkg/messages/PaymentReturn.go:14.40,20.15 1 2
github.com/moov-io/wire20022/pkg/messages/PaymentReturn.go:20.15,20.65 1 0
github.com/moov-io/wire20022/pkg/messages/PaymentReturn.go:21.63,23.19 2 0
github.com/moov-io/wire20022/pkg/messages/PaymentReturn.go:23.19,25.6 1 0
github.com/moov-io/wire20022/pkg/messages/PaymentReturn.go:26.5,26.21 1 0
github.com/moov-io/wire20022/pkg/messages/PaymentStatusRequest.go:14.54,20.15 1 1
github.com/moov-io/wire20022/pkg/messages/PaymentStatusRequest.go:20.15,20.72 1 0
github.com/moov-io/wire20022/pkg/messages/PaymentStatusRequest.go:21.70,23.19 2 0
github.com/moov-io/wire20022/pkg/messages/PaymentStatusRequest.go:23.19,25.6 1 0
github.com/moov-io/wire20022/pkg/messages/PaymentStatusRequest.go:26.5,26.21 1 0
github.com/moov-io/wire20022/pkg/messages/ReturnRequestResponse.go:14.56,20.15 1 1
github.com/moov-io/wire20022/pkg/messages/ReturnRequestResponse.go:20.15,20.73 1 0
github.com/moov-io/wire20022/pkg/messages/ReturnRequestResponse.go:21.71,23.19 2 0
github.com/moov-io/wire20022/pkg/messages/ReturnRequestResponse.go:23.19,25.6 1 0
github.com/moov-io/wire20022/pkg/messages/ReturnRequestResponse.go:26.5,26.21 1 0
github.com/moov-io/wire20022/pkg/messages/processor.go:29.25,37.2 1 26
github.com/moov-io/wire20022/pkg/messages/processor.go:40.92,43.58 2 4
github.com/moov-io/wire20022/pkg/messages/processor.go:43.58,45.3 1 0
github.com/moov-io/wire20022/pkg/messages/processor.go:48.2,49.16 2 4
github.com/moov-io/wire20022/pkg/messages/processor.go:49.16,51.3 1 0
github.com/moov-io/wire20022/pkg/messages/processor.go:54.2,55.16 2 4
github.com/moov-io/wire20022/pkg/messages/processor.go:55.16,57.3 1 0
github.com/moov-io/wire20022/pkg/messages/processor.go:59.2,59.21 1 4
github.com/moov-io/wire20022/pkg/messages/processor.go:63.84,66.66 2 4
github.com/moov-io/wire20022/pkg/messages/processor.go:66.66,68.3 1 0
github.com/moov-io/wire20022/pkg/messages/processor.go:71.2,72.16 2 4
github.com/moov-io/wire20022/pkg/messages/processor.go:72.16,74.3 1 3
github.com/moov-io/wire20022/pkg/messages/processor.go:76.2,76.12 1 1
github.com/moov-io/wire20022/pkg/messages/processor.go:80.56,81.29 1 0
github.com/moov-io/wire20022/pkg/messages/processor.go:81.29,83.3 1 0
github.com/moov-io/wire20022/pkg/messages/processor.go:85.2,85.32 1 0
github.com/moov-io/wire20022/pkg/messages/processor.go:89.77,92.27 2 0
github.com/moov-io/wire20022/pkg/messages/processor.go:92.27,94.3 1 0
github.com/moov-io/wire20022/pkg/messages/processor.go:97.2,98.16 2 0
github.com/moov-io/wire20022/pkg/messages/processor.go:98.16,100.3 1 0
github.com/moov-io/wire20022/pkg/messages/processor.go:103.2,103.29 1 0
github.com/moov-io/wire20022/pkg/messages/processor.go:103.29,104.49 1 0
github.com/moov-io/wire20022/pkg/messages/processor.go:104.49,106.4 1 0
github.com/moov-io/wire20022/pkg/messages/processor.go:109.2,109.19 1 0
github.com/moov-io/wire20022/pkg/messages/processor.go:113.58,114.26 1 2
github.com/moov-io/wire20022/pkg/messages/processor.go:114.26,116.3 1 0
github.com/moov-io/wire20022/pkg/messages/processor.go:118.2,120.16 3 2
github.com/moov-io/wire20022/pkg/messages/processor.go:120.16,122.3 1 0
github.com/moov-io/wire20022/pkg/messages/processor.go:124.2,124.30 1 2
github.com/moov-io/wire20022/pkg/models/ActivityReport/Message.go:32.53,35.2 1 0
github.com/moov-io/wire20022/pkg/models/ActivityReport/Message.go:38.70,45.9 2 0
github.com/moov-io/wire20022/pkg/models/ActivityReport/Message.go:46.34,47.57 1 0
github.com/moov-io/wire20022/pkg/models/ActivityReport/Message.go:50.2,50.14 1 0
github.com/moov-io/wire20022/pkg/models/ActivityReport/Message.go:54.78,56.47 1 0
github.com/moov-io/wire20022/pkg/models/ActivityReport/Message.go:56.47,58.3 1 0
github.com/moov-io/wire20022/pkg/models/ActivityReport/Message.go:61.2,61.9 1 0
github.com/moov-io/wire20022/pkg/models/ActivityReport/Message.go:62.34,63.34 1 0
github.com/moov-io/wire20022/pkg/models/ActivityReport/Message.go:63.34,65.4 1 0
github.com/moov-io/wire20022/pkg/models/ActivityReport/Message.go:66.3,66.57 1 0
github.com/moov-io/wire20022/pkg/models/ActivityReport/Message.go:66.57,68.4 1 0
github.com/moov-io/wire20022/pkg/models/ActivityReport/Message.go:71.2,71.12 1 0
github.com/moov-io/wire20022/pkg/models/ActivityReport/Message.go:75.50,77.32 1 0
github.com/moov-io/wire20022/pkg/models/ActivityReport/Message.go:77.32,79.3 1 0
github.com/moov-io/wire20022/pkg/models/ActivityReport/Message.go:80.2,80.22 1 0
github.com/moov-io/wire20022/pkg/models/ActivityReport/Message.go:80.22,82.3 1 0
github.com/moov-io/wire20022/pkg/models/ActivityReport/Message.go:83.2,83.37 1 0
github.com/moov-io/wire20022/pkg/models/ActivityReport/Message.go:83.37,85.3 1 0
github.com/moov-io/wire20022/pkg/models/ActivityReport/Message.go:86.2,86.12 1 0
github.com/moov-io/wire20022/pkg/models/ActivityReport/Message.go:90.64,94.2 1 0
github.com/moov-io/wire20022/pkg/models/ActivityReport/Message.go:119.57,122.54 2 0
github.com/moov-io/wire20022/pkg/models/ActivityReport/Message.go:122.54,124.3 1 0
github.com/moov-io/wire20022/pkg/models/ActivityReport/Message.go:127.2,131.52 3 0
github.com/moov-io/wire20022/pkg/models/ActivityReport/Message.go:131.52,133.3 1 0
github.com/moov-io/wire20022/pkg/models/ActivityReport/Message.go:136.2,139.73 2 0
github.com/moov-io/wire20022/pkg/models/ActivityReport/Message.go:139.73,140.34 1 0
github.com/moov-io/wire20022/pkg/models/ActivityReport/Message.go:140.34,142.4 1 0
github.com/moov-io/wire20022/pkg/models/ActivityReport/Message.go:145.2,145.12 1 0
github.com/moov-io/wire20022/pkg/models/ActivityReport/Message.go:149.51,151.16 2 0
github.com/moov-io/wire20022/pkg/models/ActivityReport/Message.go:151.16,153.3 1 0
github.com/moov-io/wire20022/pkg/models/ActivityReport/Message.go:155.2,156.16 2 0
github.com/moov-io/wire20022/pkg/models/ActivityReport/Message.go:156.16,158.3 1 0
github.com/moov-io/wire20022/pkg/models/ActivityReport/Message.go:160.2,161.12 2 0
github.com/moov-io/wire20022/pkg/models/ActivityReport/Message.go:186.85,189.22 2 0
github.com/moov-io/wire20022/pkg/models/ActivityReport/Message.go:189.22,191.3 1 0
github.com/moov-io/wire20022/pkg/models/ActivityReport/Message.go:194.2,195.16 2 0
github.com/moov-io/wire20022/pkg/models/ActivityReport/Message.go:195.16,197.3 1 0
github.com/moov-io/wire20022/pkg/models/ActivityReport/Message.go:200.2,204.55 3 0
github.com/moov-io/wire20022/pkg/models/ActivityReport/Message.go:204.55,206.3 1 0
github.com/moov-io/wire20022/pkg/models/ActivityReport/Message.go:209.2,209.44 1 0
github.com/moov-io/wire20022/pkg/models/ActivityReport/Message.go:209.44,211.3 1 0
github.com/moov-io/wire20022/pkg/models/ActivityReport/Message.go:213.2,213.24 1 0
github.com/moov-io/wire20022/pkg/models/ActivityReport/Message.go:224.13,230.39 1 1
github.com/moov-io/wire20022/pkg/models/ActivityReport/Message.go:230.39,232.5 1 3
github.com/moov-io/wire20022/pkg/models/ActivityReport/Message.go:237.39,239.5 1 3
github.com/moov-io/wire20022/pkg/models/ActivityReport/Message.go:244.39,246.5 1 3
github.com/moov-io/wire20022/pkg/models/ActivityReport/Message.go:251.39,253.5 1 3
github.com/moov-io/wire20022/pkg/models/ActivityReport/Message.go:258.39,260.5 1 3
github.com/moov-io/wire20022/pkg/models/ActivityReport/Message.go:265.39,267.5 1 3
github.com/moov-io/wire20022/pkg/models/ActivityReport/Message.go:272.39,274.5 1 3
github.com/moov-io/wire20022/pkg/models/ActivityReport/Message.go:279.39,281.5 1 5
github.com/moov-io/wire20022/pkg/models/ActivityReport/Message.go:286.39,288.5 1 3
github.com/moov-io/wire20022/pkg/models/ActivityReport/Message.go:293.39,295.5 1 3
github.com/moov-io/wire20022/pkg/models/ActivityReport/Message.go:300.39,302.5 1 3
github.com/moov-io/wire20022/pkg/models/ActivityReport/Message.go:307.39,309.5 1 3
github.com/moov-io/wire20022/pkg/models/ActivityReport/Message.go:313.2,321.3 2 1
github.com/moov-io/wire20022/pkg/models/ActivityReport/Message.go:326.51,328.16 2 13
github.com/moov-io/wire20022/pkg/models/ActivityReport/Message.go:328.16,330.3 1 0
github.com/moov-io/wire20022/pkg/models/ActivityReport/Message.go:331.2,331.20 1 13
github.com/moov-io/wire20022/pkg/models/ActivityReport/Message.go:357.97,359.64 1 37
github.com/moov-io/wire20022/pkg/models/ActivityReport/Message.go:359.64,361.3 1 12
github.com/moov-io/wire20022/pkg/models/ActivityReport/Message.go:362.2,362.49 1 25
github.com/moov-io/wire20022/pkg/models/ActivityReport/Message.go:366.52,368.2 1 0
github.com/moov-io/wire20022/pkg/models/ActivityReport/MessageHelper.go:13.83,28.2 1 36
github.com/moov-io/wire20022/pkg/models/ActivityReport/MessageHelper.go:47.41,92.2 1 36
github.com/moov-io/wire20022/pkg/models/ActivityReport/map.go:3.33,37.2 1 1
github.com/moov-io/wire20022/pkg/models/ActivityReport/map.go:38.33,73.2 1 1
github.com/moov-io/wire20022/pkg/models/ActivityReport/map.go:74.33,112.2 1 1
github.com/moov-io/wire20022/pkg/models/ActivityReport/map.go:113.33,151.2 1 1
github.com/moov-io/wire20022/pkg/models/ActivityReport/map.go:152.33,190.2 1 1
github.com/moov-io/wire20022/pkg/models/ActivityReport/map.go:191.33,229.2 1 1
github.com/moov-io/wire20022/pkg/models/ActivityReport/map.go:230.33,266.2 1 1
github.com/moov-io/wire20022/pkg/models/ActivityReport/map.go:267.33,304.2 1 1
github.com/moov-io/wire20022/pkg/models/ActivityReport/map.go:305.33,342.2 1 1
github.com/moov-io/wire20022/pkg/models/ActivityReport/map.go:343.34,380.2 1 1
github.com/moov-io/wire20022/pkg/models/ActivityReport/map.go:381.34,418.2 1 1
github.com/moov-io/wire20022/pkg/models/ActivityReport/map.go:419.34,456.2 1 1
github.com/moov-io/wire20022/pkg/models/DrawdownResponse/Message.go:32.53,34.2 1 0
github.com/moov-io/wire20022/pkg/models/DrawdownResponse/Message.go:37.70,44.9 2 0
github.com/moov-io/wire20022/pkg/models/DrawdownResponse/Message.go:45.34,46.57 1 0
github.com/moov-io/wire20022/pkg/models/DrawdownResponse/Message.go:49.2,49.14 1 0
github.com/moov-io/wire20022/pkg/models/DrawdownResponse/Message.go:53.78,55.47 1 0
github.com/moov-io/wire20022/pkg/models/DrawdownResponse/Message.go:55.47,57.3 1 0
github.com/moov-io/wire20022/pkg/models/DrawdownResponse/Message.go:60.2,60.9 1 0
github.com/moov-io/wire20022/pkg/models/DrawdownResponse/Message.go:61.34,62.34 1 0
github.com/moov-io/wire20022/pkg/models/DrawdownResponse/Message.go:62.34,64.4 1 0
github.com/moov-io/wire20022/pkg/models/DrawdownResponse/Message.go:65.3,65.57 1 0
github.com/moov-io/wire20022/pkg/models/DrawdownResponse/Message.go:65.57,67.4 1 0
github.com/moov-io/wire20022/pkg/models/DrawdownResponse/Message.go:70.2,70.12 1 0
github.com/moov-io/wire20022/pkg/models/DrawdownResponse/Message.go:74.50,76.23 1 0
github.com/moov-io/wire20022/pkg/models/DrawdownResponse/Message.go:76.23,78.3 1 0
github.com/moov-io/wire20022/pkg/models/DrawdownResponse/Message.go:79.2,79.32 1 0
github.com/moov-io/wire20022/pkg/models/DrawdownResponse/Message.go:79.32,81.3 1 0
github.com/moov-io/wire20022/pkg/models/DrawdownResponse/Message.go:82.2,82.31 1 0
github.com/moov-io/wire20022/pkg/models/DrawdownResponse/Message.go:82.31,84.3 1 0
github.com/moov-io/wire20022/pkg/models/DrawdownResponse/Message.go:85.2,85.12 1 0
github.com/moov-io/wire20022/pkg/models/DrawdownResponse/Message.go:89.64,93.2 1 0
github.com/moov-io/wire20022/pkg/models/DrawdownResponse/Message.go:115.57,121.52 3 0
github.com/moov-io/wire20022/pkg/models/DrawdownResponse/Message.go:121.52,123.3 1 0
github.com/moov-io/wire20022/pkg/models/DrawdownResponse/Message.go:126.2,132.12 2 0
github.com/moov-io/wire20022/pkg/models/DrawdownResponse/Message.go:139.13,145.39 1 1
github.com/moov-io/wire20022/pkg/models/DrawdownResponse/Message.go:145.39,147.5 1 3
github.com/moov-io/wire20022/pkg/models/DrawdownResponse/Message.go:152.39,154.5 1 3
github.com/moov-io/wire20022/pkg/models/DrawdownResponse/Message.go:159.39,161.5 1 3
github.com/moov-io/wire20022/pkg/models/DrawdownResponse/Message.go:166.39,168.5 1 3
github.com/moov-io/wire20022/pkg/models/DrawdownResponse/Message.go:173.39,175.5 1 3
github.com/moov-io/wire20022/pkg/models/DrawdownResponse/Message.go:180.39,182.5 1 3
github.com/moov-io/wire20022/pkg/models/DrawdownResponse/Message.go:187.39,189.5 1 4
github.com/moov-io/wire20022/pkg/models/DrawdownResponse/Message.go:194.39,196.5 1 3
github.com/moov-io/wire20022/pkg/models/DrawdownResponse/Message.go:201.39,203.5 1 3
github.com/moov-io/wire20022/pkg/models/DrawdownResponse/Message.go:208.39,210.5 1 3
github.com/moov-io/wire20022/pkg/models/DrawdownResponse/Message.go:214.2,222.3 2 1
github.com/moov-io/wire20022/pkg/models/DrawdownResponse/Message.go:226.51,228.16 2 0
github.com/moov-io/wire20022/pkg/models/DrawdownResponse/Message.go:228.16,230.3 1 0
github.com/moov-io/wire20022/pkg/models/DrawdownResponse/Message.go:232.2,233.16 2 0
github.com/moov-io/wire20022/pkg/models/DrawdownResponse/Message.go:233.16,235.3 1 0
github.com/moov-io/wire20022/pkg/models/DrawdownResponse/Message.go:237.2,238.12 2 0
github.com/moov-io/wire20022/pkg/models/DrawdownResponse/Message.go:263.85,266.22 2 0
github.com/moov-io/wire20022/pkg/models/DrawdownResponse/Message.go:266.22,268.3 1 0
github.com/moov-io/wire20022/pkg/models/DrawdownResponse/Message.go:271.2,272.16 2 0
github.com/moov-io/wire20022/pkg/models/DrawdownResponse/Message.go:272.16,274.3 1 0
github.com/moov-io/wire20022/pkg/models/DrawdownResponse/Message.go:277.2,281.55 3 0
github.com/moov-io/wire20022/pkg/models/DrawdownResponse/Message.go:281.55,283.3 1 0
github.com/moov-io/wire20022/pkg/models/DrawdownResponse/Message.go:286.2,286.44 1 0
github.com/moov-io/wire20022/pkg/models/DrawdownResponse/Message.go:286.44,288.3 1 0
github.com/moov-io/wire20022/pkg/models/DrawdownResponse/Message.go:290.2,290.24 1 0
github.com/moov-io/wire20022/pkg/models/DrawdownResponse/Message.go:300.51,302.16 2 11
github.com/moov-io/wire20022/pkg/models/DrawdownResponse/Message.go:302.16,304.3 1 0
github.com/moov-io/wire20022/pkg/models/DrawdownResponse/Message.go:305.2,305.20 1 11
github.com/moov-io/wire20022/pkg/models/DrawdownResponse/Message.go:331.97,333.64 1 30
github.com/moov-io/wire20022/pkg/models/DrawdownResponse/Message.go:333.64,335.3 1 10
github.com/moov-io/wire20022/pkg/models/DrawdownResponse/Message.go:336.2,336.49 1 20
github.com/moov-io/wire20022/pkg/models/DrawdownResponse/Message.go:340.52,342.2 1 0
github.com/moov-io/wire20022/pkg/models/DrawdownResponse/MessageHelper.go:13.75,46.2 1 0
github.com/moov-io/wire20022/pkg/models/DrawdownResponse/MessageHelper.go:61.41,104.2 1 0
github.com/moov-io/wire20022/pkg/models/DrawdownResponse/map.go:3.33,5.2 1 1
github.com/moov-io/wire20022/pkg/models/DrawdownResponse/map.go:6.33,8.2 1 1
github.com/moov-io/wire20022/pkg/models/DrawdownResponse/map.go:9.33,11.2 1 1
github.com/moov-io/wire20022/pkg/models/DrawdownResponse/map.go:12.33,14.2 1 1
github.com/moov-io/wire20022/pkg/models/DrawdownResponse/map.go:15.33,17.2 1 1
github.com/moov-io/wire20022/pkg/models/DrawdownResponse/map.go:18.33,42.2 1 6
github.com/moov-io/wire20022/pkg/models/DrawdownResponse/map.go:43.33,69.2 1 4
github.com/moov-io/wire20022/pkg/models/DrawdownResponse/map.go:70.33,72.2 1 1
github.com/moov-io/wire20022/pkg/models/DrawdownResponse/map.go:73.33,75.2 1 1
github.com/moov-io/wire20022/pkg/models/DrawdownResponse/map.go:76.34,78.2 1 1
github.com/moov-io/wire20022/pkg/models/typeHelper.go:22.53,79.2 1 0
github.com/moov-io/wire20022/pkg/models/typeHelper.go:90.37,123.2 1 0
github.com/moov-io/wire20022/pkg/models/typeHelper.go:130.53,145.2 1 0
github.com/moov-io/wire20022/pkg/models/typeHelper.go:152.61,167.2 1 0
github.com/moov-io/wire20022/pkg/models/typeHelper.go:174.79,189.2 1 0
github.com/moov-io/wire20022/pkg/models/typeHelper.go:196.61,211.2 1 0
github.com/moov-io/wire20022/pkg/models/typeHelper.go:225.49,272.2 1 0
github.com/moov-io/wire20022/pkg/models/typeHelper.go:283.37,312.2 1 0
github.com/moov-io/wire20022/pkg/models/typeHelper.go:319.53,329.2 1 0
github.com/moov-io/wire20022/pkg/models/typeHelper.go:336.85,351.2 1 0
github.com/moov-io/wire20022/pkg/models/typeHelper.go:361.73,389.2 1 0
github.com/moov-io/wire20022/pkg/models/util.go:39.100,41.51 2 7
github.com/moov-io/wire20022/pkg/models/util.go:41.51,43.3 1 3
github.com/moov-io/wire20022/pkg/models/util.go:45.2,46.34 2 4
github.com/moov-io/wire20022/pkg/models/util.go:46.34,47.58 1 3
github.com/moov-io/wire20022/pkg/models/util.go:47.58,49.9 2 3
github.com/moov-io/wire20022/pkg/models/util.go:53.2,53.17 1 4
github.com/moov-io/wire20022/pkg/models/util.go:53.17,55.3 1 1
github.com/moov-io/wire20022/pkg/models/util.go:58.2,59.9 2 3
github.com/moov-io/wire20022/pkg/models/util.go:59.9,61.3 1 1
github.com/moov-io/wire20022/pkg/models/util.go:64.2,65.49 2 2
github.com/moov-io/wire20022/pkg/models/util.go:65.49,67.3 1 0
github.com/moov-io/wire20022/pkg/models/util.go:69.2,69.24 1 2
github.com/moov-io/wire20022/pkg/models/util.go:75.67,76.17 1 23
github.com/moov-io/wire20022/pkg/models/util.go:76.17,78.3 1 1
github.com/moov-io/wire20022/pkg/models/util.go:79.2,79.16 1 22
github.com/moov-io/wire20022/pkg/models/util.go:79.16,81.3 1 1
github.com/moov-io/wire20022/pkg/models/util.go:83.2,86.29 2 21
github.com/moov-io/wire20022/pkg/models/util.go:86.29,88.3 1 21
github.com/moov-io/wire20022/pkg/models/util.go:91.2,91.32 1 21
github.com/moov-io/wire20022/pkg/models/util.go:91.32,93.3 1 0
github.com/moov-io/wire20022/pkg/models/util.go:96.2,97.35 2 21
github.com/moov-io/wire20022/pkg/models/util.go:97.35,102.21 3 42
github.com/moov-io/wire20022/pkg/models/util.go:102.21,105.18 3 10
github.com/moov-io/wire20022/pkg/models/util.go:105.18,107.5 1 0
github.com/moov-io/wire20022/pkg/models/util.go:108.4,108.31 1 10
github.com/moov-io/wire20022/pkg/models/util.go:108.31,110.5 1 0
github.com/moov-io/wire20022/pkg/models/util.go:112.4,112.28 1 10
github.com/moov-io/wire20022/pkg/models/util.go:112.28,114.5 1 0
github.com/moov-io/wire20022/pkg/models/util.go:115.4,116.20 2 10
github.com/moov-io/wire20022/pkg/models/util.go:116.20,118.5 1 0
github.com/moov-io/wire20022/pkg/models/util.go:119.4,119.62 1 10
github.com/moov-io/wire20022/pkg/models/util.go:119.62,121.5 1 1
github.com/moov-io/wire20022/pkg/models/util.go:124.4,124.37 1 9
github.com/moov-io/wire20022/pkg/models/util.go:124.37,126.5 1 1
github.com/moov-io/wire20022/pkg/models/util.go:129.4,129.22 1 8
github.com/moov-io/wire20022/pkg/models/util.go:130.9,132.31 1 32
github.com/moov-io/wire20022/pkg/models/util.go:132.31,134.5 1 3
github.com/moov-io/wire20022/pkg/models/util.go:135.4,135.34 1 32
github.com/moov-io/wire20022/pkg/models/util.go:135.34,137.5 1 1
github.com/moov-io/wire20022/pkg/models/util.go:138.4,138.28 1 31
github.com/moov-io/wire20022/pkg/models/util.go:138.28,140.5 1 0
github.com/moov-io/wire20022/pkg/models/util.go:141.4,142.20 2 31
github.com/moov-io/wire20022/pkg/models/util.go:142.20,144.5 1 4
github.com/moov-io/wire20022/pkg/models/util.go:147.2,147.29 1 14
github.com/moov-io/wire20022/pkg/models/util.go:147.29,149.3 1 0
github.com/moov-io/wire20022/pkg/models/util.go:150.2,150.26 1 14
github.com/moov-io/wire20022/pkg/models/util.go:150.26,152.3 1 0
github.com/moov-io/wire20022/pkg/models/util.go:153.2,153.37 1 14
github.com/moov-io/wire20022/pkg/models/util.go:158.64,160.2 1 3
github.com/moov-io/wire20022/pkg/models/util.go:165.67,166.31 1 14
github.com/moov-io/wire20022/pkg/models/util.go:166.31,168.3 1 2
github.com/moov-io/wire20022/pkg/models/util.go:169.2,171.66 2 12
github.com/moov-io/wire20022/pkg/models/util.go:171.66,173.3 1 1
github.com/moov-io/wire20022/pkg/models/util.go:175.2,177.39 3 11
github.com/moov-io/wire20022/pkg/models/util.go:177.39,180.21 3 11
github.com/moov-io/wire20022/pkg/models/util.go:180.21,183.18 3 3
github.com/moov-io/wire20022/pkg/models/util.go:183.18,185.5 1 0
github.com/moov-io/wire20022/pkg/models/util.go:186.4,186.31 1 3
github.com/moov-io/wire20022/pkg/models/util.go:186.31,188.5 1 0
github.com/moov-io/wire20022/pkg/models/util.go:189.4,189.28 1 3
github.com/moov-io/wire20022/pkg/models/util.go:189.28,191.5 1 0
github.com/moov-io/wire20022/pkg/models/util.go:192.4,193.80 2 3
github.com/moov-io/wire20022/pkg/models/util.go:193.80,195.5 1 0
github.com/moov-io/wire20022/pkg/models/util.go:196.4,196.18 1 3
github.com/moov-io/wire20022/pkg/models/util.go:196.18,199.5 2 0
github.com/moov-io/wire20022/pkg/models/util.go:200.4,200.24 1 3
github.com/moov-io/wire20022/pkg/models/util.go:200.24,204.42 2 1
github.com/moov-io/wire20022/pkg/models/util.go:204.42,206.6 1 0
github.com/moov-io/wire20022/pkg/models/util.go:209.5,209.45 1 1
github.com/moov-io/wire20022/pkg/models/util.go:209.45,215.40 3 1
github.com/moov-io/wire20022/pkg/models/util.go:215.40,217.48 2 5
github.com/moov-io/wire20022/pkg/models/util.go:217.48,220.8 1 0
github.com/moov-io/wire20022/pkg/models/util.go:220.13,223.8 1 5
github.com/moov-io/wire20022/pkg/models/util.go:227.6,227.21 1 1
github.com/moov-io/wire20022/pkg/models/util.go:228.11,230.6 1 0
github.com/moov-io/wire20022/pkg/models/util.go:232.4,232.23 1 3
github.com/moov-io/wire20022/pkg/models/util.go:232.23,234.5 1 3
github.com/moov-io/wire20022/pkg/models/util.go:235.9,236.31 1 8
github.com/moov-io/wire20022/pkg/models/util.go:236.31,238.5 1 0
github.com/moov-io/wire20022/pkg/models/util.go:239.4,239.28 1 8
github.com/moov-io/wire20022/pkg/models/util.go:239.28,241.5 1 0
github.com/moov-io/wire20022/pkg/models/util.go:242.4,243.24 2 8
github.com/moov-io/wire20022/pkg/models/util.go:243.24,245.5 1 1
github.com/moov-io/wire20022/pkg/models/util.go:246.4,246.24 1 7
github.com/moov-io/wire20022/pkg/models/util.go:246.24,248.5 1 0
github.com/moov-io/wire20022/pkg/models/util.go:249.4,249.35 1 7
github.com/moov-io/wire20022/pkg/models/util.go:249.35,250.22 1 0
github.com/moov-io/wire20022/pkg/models/util.go:250.22,252.6 1 0
github.com/moov-io/wire20022/pkg/models/util.go:253.5,253.25 1 0
github.com/moov-io/wire20022/pkg/models/util.go:256.4,256.38 1 7
github.com/moov-io/wire20022/pkg/models/util.go:256.38,258.5 1 0
github.com/moov-io/wire20022/pkg/models/util.go:260.4,260.13 1 7
github.com/moov-io/wire20022/pkg/models/util.go:264.2,265.29 2 10
github.com/moov-io/wire20022/pkg/models/util.go:265.29,267.3 1 0
github.com/moov-io/wire20022/pkg/models/util.go:268.2,268.26 1 10
github.com/moov-io/wire20022/pkg/models/util.go:268.26,270.3 1 0
github.com/moov-io/wire20022/pkg/models/util.go:273.2,275.20 3 10
github.com/moov-io/wire20022/pkg/models/util.go:275.20,278.17 3 0
github.com/moov-io/wire20022/pkg/models/util.go:278.17,280.4 1 0
github.com/moov-io/wire20022/pkg/models/util.go:281.3,281.30 1 0
github.com/moov-io/wire20022/pkg/models/util.go:281.30,283.4 1 0
github.com/moov-io/wire20022/pkg/models/util.go:284.3,284.27 1 0
github.com/moov-io/wire20022/pkg/models/util.go:284.27,286.4 1 0
github.com/moov-io/wire20022/pkg/models/util.go:287.3,288.79 2 0
github.com/moov-io/wire20022/pkg/models/util.go:288.79,290.4 1 0
github.com/moov-io/wire20022/pkg/models/util.go:291.3,291.17 1 0
github.com/moov-io/wire20022/pkg/models/util.go:291.17,294.4 2 0
github.com/moov-io/wire20022/pkg/models/util.go:295.3,295.23 1 0
github.com/moov-io/wire20022/pkg/models/util.go:295.23,299.41 2 0
github.com/moov-io/wire20022/pkg/models/util.go:299.41,301.5 1 0
github.com/moov-io/wire20022/pkg/models/util.go:303.4,307.38 3 0
github.com/moov-io/wire20022/pkg/models/util.go:307.38,309.46 2 0
github.com/moov-io/wire20022/pkg/models/util.go:309.46,312.6 1 0
github.com/moov-io/wire20022/pkg/models/util.go:312.11,315.6 1 0
github.com/moov-io/wire20022/pkg/models/util.go:319.4,319.19 1 0
github.com/moov-io/wire20022/pkg/models/util.go:321.3,321.22 1 0
github.com/moov-io/wire20022/pkg/models/util.go:321.22,323.24 2 0
github.com/moov-io/wire20022/pkg/models/util.go:323.24,325.5 1 0
github.com/moov-io/wire20022/pkg/models/util.go:326.4,326.23 1 0
github.com/moov-io/wire20022/pkg/models/util.go:326.23,328.5 1 0
github.com/moov-io/wire20022/pkg/models/util.go:331.4,331.35 1 0
github.com/moov-io/wire20022/pkg/models/util.go:331.35,332.22 1 0
github.com/moov-io/wire20022/pkg/models/util.go:332.22,334.6 1 0
github.com/moov-io/wire20022/pkg/models/util.go:335.5,335.25 1 0
github.com/moov-io/wire20022/pkg/models/util.go:337.4,338.18 2 0
github.com/moov-io/wire20022/pkg/models/util.go:338.18,340.5 1 0
github.com/moov-io/wire20022/pkg/models/util.go:341.4,341.14 1 0
github.com/moov-io/wire20022/pkg/models/util.go:343.8,345.23 2 10
github.com/moov-io/wire20022/pkg/models/util.go:345.23,347.4 1 0
github.com/moov-io/wire20022/pkg/models/util.go:348.3,348.22 1 10
github.com/moov-io/wire20022/pkg/models/util.go:348.22,350.4 1 0
github.com/moov-io/wire20022/pkg/models/util.go:353.3,353.34 1 10
github.com/moov-io/wire20022/pkg/models/util.go:353.34,354.21 1 0
github.com/moov-io/wire20022/pkg/models/util.go:354.21,356.5 1 0
github.com/moov-io/wire20022/pkg/models/util.go:357.4,357.24 1 0
github.com/moov-io/wire20022/pkg/models/util.go:359.3,360.17 2 10
github.com/moov-io/wire20022/pkg/models/util.go:360.17,362.4 1 0
github.com/moov-io/wire20022/pkg/models/util.go:364.2,364.12 1 10
github.com/moov-io/wire20022/pkg/models/util.go:366.49,367.17 1 18
github.com/moov-io/wire20022/pkg/models/util.go:367.17,369.3 1 0
github.com/moov-io/wire20022/pkg/models/util.go:370.2,371.40 2 18
github.com/moov-io/wire20022/pkg/models/util.go:371.40,373.27 2 14
github.com/moov-io/wire20022/pkg/models/util.go:373.27,375.85 2 0
github.com/moov-io/wire20022/pkg/models/util.go:375.85,378.49 2 0
github.com/moov-io/wire20022/pkg/models/util.go:378.49,380.12 2 0
github.com/moov-io/wire20022/pkg/models/util.go:380.12,382.7 1 0
github.com/moov-io/wire20022/pkg/models/util.go:383.6,383.53 1 0
github.com/moov-io/wire20022/pkg/models/util.go:387.8,387.85 1 4
github.com/moov-io/wire20022/pkg/models/util.go:387.85,388.49 1 0
github.com/moov-io/wire20022/pkg/models/util.go:388.49,391.28 3 0
github.com/moov-io/wire20022/pkg/models/util.go:391.28,393.86 2 0
github.com/moov-io/wire20022/pkg/models/util.go:393.86,396.50 2 0
github.com/moov-io/wire20022/pkg/models/util.go:396.50,398.13 2 0
github.com/moov-io/wire20022/pkg/models/util.go:398.13,400.8 1 0
github.com/moov-io/wire20022/pkg/models/util.go:401.7,401.54 1 0
github.com/moov-io/wire20022/pkg/models/util.go:405.9,407.4 1 0
github.com/moov-io/wire20022/pkg/models/util.go:408.8,408.97 1 4
github.com/moov-io/wire20022/pkg/models/util.go:408.97,411.10 2 0
github.com/moov-io/wire20022/pkg/models/util.go:411.10,413.4 1 0
github.com/moov-io/wire20022/pkg/models/util.go:414.3,417.27 4 0
github.com/moov-io/wire20022/pkg/models/util.go:417.27,419.85 2 0
github.com/moov-io/wire20022/pkg/models/util.go:419.85,422.49 2 0
github.com/moov-io/wire20022/pkg/models/util.go:422.49,424.12 2 0
github.com/moov-io/wire20022/pkg/models/util.go:424.12,426.7 1 0
github.com/moov-io/wire20022/pkg/models/util.go:427.6,427.53 1 0
github.com/moov-io/wire20022/pkg/models/util.go:431.8,431.90 1 4
github.com/moov-io/wire20022/pkg/models/util.go:431.90,434.10 2 0
github.com/moov-io/wire20022/pkg/models/util.go:434.10,436.4 1 0
github.com/moov-io/wire20022/pkg/models/util.go:439.3,440.17 2 0
github.com/moov-io/wire20022/pkg/models/util.go:440.17,442.4 1 0
github.com/moov-io/wire20022/pkg/models/util.go:444.3,447.34 3 0
github.com/moov-io/wire20022/pkg/models/util.go:448.8,448.41 1 4
github.com/moov-io/wire20022/pkg/models/util.go:448.41,451.10 2 4
github.com/moov-io/wire20022/pkg/models/util.go:451.10,453.4 1 0
github.com/moov-io/wire20022/pkg/models/util.go:455.3,455.19 1 4
github.com/moov-io/wire20022/pkg/models/util.go:456.79,458.18 2 2
github.com/moov-io/wire20022/pkg/models/util.go:458.18,460.5 1 1
github.com/moov-io/wire20022/pkg/models/util.go:461.4,461.20 1 1
github.com/moov-io/wire20022/pkg/models/util.go:462.84,464.18 2 0
github.com/moov-io/wire20022/pkg/models/util.go:464.18,466.5 1 0
github.com/moov-io/wire20022/pkg/models/util.go:467.4,467.22 1 0
github.com/moov-io/wire20022/pkg/models/util.go:468.41,470.18 2 2
github.com/moov-io/wire20022/pkg/models/util.go:470.18,472.5 1 1
github.com/moov-io/wire20022/pkg/models/util.go:473.4,473.24 1 1
github.com/moov-io/wire20022/pkg/models/util.go:474.21,476.18 2 0
github.com/moov-io/wire20022/pkg/models/util.go:476.18,478.5 1 0
github.com/moov-io/wire20022/pkg/models/util.go:479.4,479.22 1 0
github.com/moov-io/wire20022/pkg/models/util.go:480.23,481.23 1 0
github.com/moov-io/wire20022/pkg/models/util.go:484.83,485.73 1 0
github.com/moov-io/wire20022/pkg/models/util.go:487.8,489.3 1 0
github.com/moov-io/wire20022/pkg/models/util.go:491.2,491.12 1 16
github.com/moov-io/wire20022/pkg/models/util.go:494.46,500.13 3 14
github.com/moov-io/wire20022/pkg/models/util.go:500.13,502.3 1 14
github.com/moov-io/wire20022/pkg/models/util.go:505.2,505.121 1 0
github.com/moov-io/wire20022/pkg/models/util.go:505.121,507.3 1 0
github.com/moov-io/wire20022/pkg/models/util.go:509.2,509.14 1 0
github.com/moov-io/wire20022/pkg/models/util.go:515.82,516.50 1 3
github.com/moov-io/wire20022/pkg/models/util.go:516.50,518.3 1 0
github.com/moov-io/wire20022/pkg/models/util.go:519.2,520.16 2 3
github.com/moov-io/wire20022/pkg/models/util.go:520.16,524.3 1 0
github.com/moov-io/wire20022/pkg/models/util.go:525.2,525.20 1 3
github.com/moov-io/wire20022/pkg/models/util.go:525.20,527.3 1 0
github.com/moov-io/wire20022/pkg/models/util.go:528.2,528.18 1 3
github.com/moov-io/wire20022/pkg/models/util.go:528.18,530.3 1 0
github.com/moov-io/wire20022/pkg/models/util.go:532.2,533.16 2 3
github.com/moov-io/wire20022/pkg/models/util.go:533.16,535.3 1 0
github.com/moov-io/wire20022/pkg/models/util.go:541.97,542.51 1 3
github.com/moov-io/wire20022/pkg/models/util.go:542.51,544.3 1 0
github.com/moov-io/wire20022/pkg/models/util.go:545.2,546.16 2 3
github.com/moov-io/wire20022/pkg/models/util.go:546.16,548.3 1 1
github.com/moov-io/wire20022/pkg/models/util.go:549.2,549.20 1 2
github.com/moov-io/wire20022/pkg/models/util.go:549.20,551.3 1 0
github.com/moov-io/wire20022/pkg/models/util.go:553.2,554.16 2 2
github.com/moov-io/wire20022/pkg/models/util.go:554.16,556.3 1 0
github.com/moov-io/wire20022/pkg/models/util.go:557.2,557.12 1 2
github.com/moov-io/wire20022/pkg/models/util.go:563.87,566.29 2 2
github.com/moov-io/wire20022/pkg/models/util.go:566.29,567.31 1 3
github.com/moov-io/wire20022/pkg/models/util.go:568.15,569.15 1 3
github.com/moov-io/wire20022/pkg/models/util.go:569.15,572.5 1 3
github.com/moov-io/wire20022/pkg/models/util.go:572.10,575.5 1 0
github.com/moov-io/wire20022/pkg/models/util.go:577.26,578.63 1 0
github.com/moov-io/wire20022/pkg/models/util.go:580.23,581.65 1 0
github.com/moov-io/wire20022/pkg/models/util.go:585.2,585.15 1 2
github.com/moov-io/wire20022/pkg/models/util.go:587.119,589.28 2 0
github.com/moov-io/wire20022/pkg/models/util.go:589.28,591.3 1 0
github.com/moov-io/wire20022/pkg/models/util.go:592.2,593.13 2 0
github.com/moov-io/wire20022/pkg/models/util.go:593.13,595.3 1 0
github.com/moov-io/wire20022/pkg/models/util.go:597.2,598.16 2 0
github.com/moov-io/wire20022/pkg/models/util.go:598.16,602.3 1 0
github.com/moov-io/wire20022/pkg/models/util.go:603.2,604.90 2 0
github.com/moov-io/wire20022/pkg/models/util.go:604.90,606.3 1 0
github.com/moov-io/wire20022/pkg/models/util.go:608.2,608.38 1 0
github.com/moov-io/wire20022/pkg/models/util.go:608.38,609.31 1 0
github.com/moov-io/wire20022/pkg/models/util.go:609.31,610.15 1 0
github.com/moov-io/wire20022/pkg/models/util.go:610.15,613.5 1 0
github.com/moov-io/wire20022/pkg/models/util.go:613.10,616.5 1 0
github.com/moov-io/wire20022/pkg/models/util.go:621.118,623.28 2 0
github.com/moov-io/wire20022/pkg/models/util.go:623.28,625.3 1 0
github.com/moov-io/wire20022/pkg/models/util.go:626.2,627.13 2 0
github.com/moov-io/wire20022/pkg/models/util.go:627.13,629.3 1 0
github.com/moov-io/wire20022/pkg/models/util.go:631.2,632.16 2 0
github.com/moov-io/wire20022/pkg/models/util.go:632.16,636.3 1 0
github.com/moov-io/wire20022/pkg/models/util.go:637.2,638.90 2 0
github.com/moov-io/wire20022/pkg/models/util.go:638.90,640.3 1 0
github.com/moov-io/wire20022/pkg/models/util.go:642.2,642.38 1 0
github.com/moov-io/wire20022/pkg/models/util.go:642.38,643.31 1 0
github.com/moov-io/wire20022/pkg/models/util.go:643.31,644.30 1 0
github.com/moov-io/wire20022/pkg/models/util.go:645.16,646.16 1 0
github.com/moov-io/wire20022/pkg/models/util.go:646.16,649.6 1 0
github.com/moov-io/wire20022/pkg/models/util.go:649.11,652.6 1 0
github.com/moov-io/wire20022/pkg/models/util.go:653.27,655.33 2 0
github.com/moov-io/wire20022/pkg/models/util.go:655.33,656.14 1 0
github.com/moov-io/wire20022/pkg/models/util.go:658.5,659.16 2 0
github.com/moov-io/wire20022/pkg/models/util.go:659.16,661.6 1 0
github.com/moov-io/wire20022/pkg/models/util.go:662.5,662.16 1 0
github.com/moov-io/wire20022/pkg/models/util.go:662.16,664.6 1 0
github.com/moov-io/wire20022/pkg/models/util.go:664.11,666.6 1 0
github.com/moov-io/wire20022/pkg/models/util.go:667.5,668.19 2 0
github.com/moov-io/wire20022/pkg/models/util.go:668.19,670.14 1 0
github.com/moov-io/wire20022/pkg/models/util.go:672.5,673.96 2 0
github.com/moov-io/wire20022/pkg/models/util.go:673.96,674.14 1 0
github.com/moov-io/wire20022/pkg/models/util.go:677.5,677.42 1 0
github.com/moov-io/wire20022/pkg/models/util.go:677.42,678.32 1 0
github.com/moov-io/wire20022/pkg/models/util.go:678.32,679.18 1 0
github.com/moov-io/wire20022/pkg/models/util.go:679.18,683.8 1 0
github.com/moov-io/wire20022/pkg/models/util.go:683.13,687.8 1 0
github.com/moov-io/wire20022/pkg/models/util.go:694.72,696.21 2 2
github.com/moov-io/wire20022/pkg/models/util.go:696.21,698.3 1 1
github.com/moov-io/wire20022/pkg/models/util.go:699.2,699.21 1 1
github.com/moov-io/wire20022/pkg/models/util.go:699.21,701.3 1 1
github.com/moov-io/wire20022/pkg/models/util.go:702.2,702.15 1 0
github.com/moov-io/wire20022/pkg/models/util.go:705.46,707.18 1 79
github.com/moov-io/wire20022/pkg/models/util.go:707.18,709.3 1 0
github.com/moov-io/wire20022/pkg/models/util.go:712.2,712.18 1 79
github.com/moov-io/wire20022/pkg/models/util.go:717.25,718.15 1 77
github.com/moov-io/wire20022/pkg/models/util.go:720.94,721.19 1 2
github.com/moov-io/wire20022/pkg/models/util.go:722.10,723.15 1 0
github.com/moov-io/wire20022/pkg/models/util.go:726.36,727.25 1 15
github.com/moov-io/wire20022/pkg/models/util.go:728.11,729.14 1 0
github.com/moov-io/wire20022/pkg/models/util.go:730.14,731.17 1 5
github.com/moov-io/wire20022/pkg/models/util.go:732.38,733.39 1 4
github.com/moov-io/wire20022/pkg/models/util.go:734.43,735.40 1 0
github.com/moov-io/wire20022/pkg/models/util.go:736.24,737.41 1 1
github.com/moov-io/wire20022/pkg/models/util.go:738.12,739.12 1 2
github.com/moov-io/wire20022/pkg/models/util.go:740.17,741.20 1 0
github.com/moov-io/wire20022/pkg/models/util.go:742.10,744.75 1 3
github.com/moov-io/wire20022/pkg/models/util.go:751.53,753.50 1 2
github.com/moov-io/wire20022/pkg/models/util.go:753.50,755.3 1 0
github.com/moov-io/wire20022/pkg/models/util.go:758.2,760.16 3 2
github.com/moov-io/wire20022/pkg/models/util.go:760.16,762.3 1 1
github.com/moov-io/wire20022/pkg/models/util.go:765.2,765.54 1 1
github.com/moov-io/wire20022/pkg/models/util.go:765.54,767.68 1 0
github.com/moov-io/wire20022/pkg/models/util.go:767.68,769.4 1 0
github.com/moov-io/wire20022/pkg/models/util.go:770.3,770.51 1 0
github.com/moov-io/wire20022/pkg/models/util.go:773.2,773.12 1 1
github.com/moov-io/wire20022/pkg/models/util.go:779.61,781.75 1 1
github.com/moov-io/wire20022/pkg/models/util.go:781.75,783.3 1 0
github.com/moov-io/wire20022/pkg/models/util.go:786.2,789.53 2 1
github.com/moov-io/wire20022/pkg/models/util.go:789.53,791.3 1 0
github.com/moov-io/wire20022/pkg/models/util.go:794.2,796.16 3 1
github.com/moov-io/wire20022/pkg/models/util.go:796.16,798.3 1 0
github.com/moov-io/wire20022/pkg/models/util.go:801.2,801.57 1 1
github.com/moov-io/wire20022/pkg/models/util.go:801.57,803.68 1 0
github.com/moov-io/wire20022/pkg/models/util.go:803.68,805.4 1 0
github.com/moov-io/wire20022/pkg/models/util.go:806.3,806.51 1 0
github.com/moov-io/wire20022/pkg/models/util.go:809.2,809.12 1 1
github.com/moov-io/wire20022/pkg/models/util.go:814.51,816.16 2 3
github.com/moov-io/wire20022/pkg/models/util.go:816.16,818.3 1 1
github.com/moov-io/wire20022/pkg/models/util.go:819.2,819.18 1 2
github.com/moov-io/wire20022/pkg/models/util.go:825.38,826.18 1 17
github.com/moov-io/wire20022/pkg/models/util.go:826.18,828.3 1 1
github.com/moov-io/wire20022/pkg/models/util.go:830.2,830.27 1 16
github.com/moov-io/wire20022/pkg/models/util.go:831.14,832.17 1 2
github.com/moov-io/wire20022/pkg/models/util.go:833.17,834.20 1 2
github.com/moov-io/wire20022/pkg/models/util.go:837.2,838.19 2 12
github.com/moov-io/wire20022/pkg/models/util.go:839.23,840.14 1 0
github.com/moov-io/wire20022/pkg/models/util.go:841.20,842.20 1 2
github.com/moov-io/wire20022/pkg/models/util.go:843.78,844.23 1 2
github.com/moov-io/wire20022/pkg/models/util.go:845.100,846.24 1 0
github.com/moov-io/wire20022/pkg/models/util.go:847.40,848.25 1 2
github.com/moov-io/wire20022/pkg/models/util.go:849.45,850.27 1 0
github.com/moov-io/wire20022/pkg/models/util.go:851.22,852.27 1 0
github.com/moov-io/wire20022/pkg/models/util.go:853.38,854.20 1 1
github.com/moov-io/wire20022/pkg/models/util.go:855.63,856.23 1 4
github.com/moov-io/wire20022/pkg/models/util.go:857.20,858.20 1 0
github.com/moov-io/wire20022/pkg/models/util.go:859.22,861.15 1 1
github.com/moov-io/wire20022/pkg/models/util.go:862.29,863.27 1 0
github.com/moov-io/wire20022/pkg/models/util.go:864.10,865.15 1 0
github.com/moov-io/wire20022/pkg/models/DrawdownRequest/Message.go:30.53,33.2 1 0
github.com/moov-io/wire20022/pkg/models/DrawdownRequest/Message.go:43.53,45.2 1 0
github.com/moov-io/wire20022/pkg/models/DrawdownRequest/Message.go:48.70,55.9 2 0
github.com/moov-io/wire20022/pkg/models/DrawdownRequest/Message.go:56.34,58.57 2 0
github.com/moov-io/wire20022/pkg/models/DrawdownRequest/Message.go:59.34,60.57 1 0
github.com/moov-io/wire20022/pkg/models/DrawdownRequest/Message.go:63.2,63.14 1 0
github.com/moov-io/wire20022/pkg/models/DrawdownRequest/Message.go:67.78,69.47 1 0
github.com/moov-io/wire20022/pkg/models/DrawdownRequest/Message.go:69.47,71.3 1 0
github.com/moov-io/wire20022/pkg/models/DrawdownRequest/Message.go:74.2,74.9 1 0
github.com/moov-io/wire20022/pkg/models/DrawdownRequest/Message.go:75.34,76.34 1 0
github.com/moov-io/wire20022/pkg/models/DrawdownRequest/Message.go:76.34,78.4 1 0
github.com/moov-io/wire20022/pkg/models/DrawdownRequest/Message.go:79.3,79.57 1 0
github.com/moov-io/wire20022/pkg/models/DrawdownRequest/Message.go:79.57,81.4 1 0
github.com/moov-io/wire20022/pkg/models/DrawdownRequest/Message.go:82.3,82.14 1 0
github.com/moov-io/wire20022/pkg/models/DrawdownRequest/Message.go:83.34,84.34 1 0
github.com/moov-io/wire20022/pkg/models/DrawdownRequest/Message.go:84.34,86.4 1 0
github.com/moov-io/wire20022/pkg/models/DrawdownRequest/Message.go:87.3,87.57 1 0
github.com/moov-io/wire20022/pkg/models/DrawdownRequest/Message.go:87.57,89.4 1 0
github.com/moov-io/wire20022/pkg/models/DrawdownRequest/Message.go:92.2,92.12 1 0
github.com/moov-io/wire20022/pkg/models/DrawdownRequest/Message.go:96.50,98.23 1 0
github.com/moov-io/wire20022/pkg/models/DrawdownRequest/Message.go:98.23,100.3 1 0
github.com/moov-io/wire20022/pkg/models/DrawdownRequest/Message.go:101.2,101.32 1 0
github.com/moov-io/wire20022/pkg/models/DrawdownRequest/Message.go:101.32,103.3 1 0
github.com/moov-io/wire20022/pkg/models/DrawdownRequest/Message.go:104.2,104.33 1 0
github.com/moov-io/wire20022/pkg/models/DrawdownRequest/Message.go:104.33,106.3 1 0
github.com/moov-io/wire20022/pkg/models/DrawdownRequest/Message.go:107.2,107.12 1 0
github.com/moov-io/wire20022/pkg/models/DrawdownRequest/Message.go:111.64,116.2 1 0
github.com/moov-io/wire20022/pkg/models/DrawdownRequest/Message.go:139.57,142.54 2 0
github.com/moov-io/wire20022/pkg/models/DrawdownRequest/Message.go:142.54,144.3 1 0
github.com/moov-io/wire20022/pkg/models/DrawdownRequest/Message.go:147.2,151.52 3 0
github.com/moov-io/wire20022/pkg/models/DrawdownRequest/Message.go:151.52,153.3 1 0
github.com/moov-io/wire20022/pkg/models/DrawdownRequest/Message.go:156.2,159.91 2 0
github.com/moov-io/wire20022/pkg/models/DrawdownRequest/Message.go:159.91,160.34 1 0
github.com/moov-io/wire20022/pkg/models/DrawdownRequest/Message.go:160.34,162.4 1 0
github.com/moov-io/wire20022/pkg/models/DrawdownRequest/Message.go:165.2,165.12 1 0
github.com/moov-io/wire20022/pkg/models/DrawdownRequest/Message.go:172.13,178.39 1 1
github.com/moov-io/wire20022/pkg/models/DrawdownRequest/Message.go:178.39,180.5 1 3
github.com/moov-io/wire20022/pkg/models/DrawdownRequest/Message.go:185.39,187.5 1 3
github.com/moov-io/wire20022/pkg/models/DrawdownRequest/Message.go:192.39,194.5 1 3
github.com/moov-io/wire20022/pkg/models/DrawdownRequest/Message.go:199.39,201.5 1 3
github.com/moov-io/wire20022/pkg/models/DrawdownRequest/Message.go:206.39,208.5 1 3
github.com/moov-io/wire20022/pkg/models/DrawdownRequest/Message.go:213.39,215.5 1 3
github.com/moov-io/wire20022/pkg/models/DrawdownRequest/Message.go:220.39,222.5 1 5
github.com/moov-io/wire20022/pkg/models/DrawdownRequest/Message.go:227.39,229.5 1 3
github.com/moov-io/wire20022/pkg/models/DrawdownRequest/Message.go:234.39,236.5 1 3
github.com/moov-io/wire20022/pkg/models/DrawdownRequest/Message.go:241.39,243.5 1 3
github.com/moov-io/wire20022/pkg/models/DrawdownRequest/Message.go:247.2,255.3 2 1
github.com/moov-io/wire20022/pkg/models/DrawdownRequest/Message.go:259.51,261.16 2 0
github.com/moov-io/wire20022/pkg/models/DrawdownRequest/Message.go:261.16,263.3 1 0
github.com/moov-io/wire20022/pkg/models/DrawdownRequest/Message.go:265.2,266.16 2 0
github.com/moov-io/wire20022/pkg/models/DrawdownRequest/Message.go:266.16,268.3 1 0
github.com/moov-io/wire20022/pkg/models/DrawdownRequest/Message.go:270.2,271.12 2 0
github.com/moov-io/wire20022/pkg/models/DrawdownRequest/Message.go:296.85,299.22 2 0
github.com/moov-io/wire20022/pkg/models/DrawdownRequest/Message.go:299.22,301.3 1 0
github.com/moov-io/wire20022/pkg/models/DrawdownRequest/Message.go:304.2,305.16 2 0
github.com/moov-io/wire20022/pkg/models/DrawdownRequest/Message.go:305.16,307.3 1 0
github.com/moov-io/wire20022/pkg/models/DrawdownRequest/Message.go:310.2,314.55 3 0
github.com/moov-io/wire20022/pkg/models/DrawdownRequest/Message.go:314.55,316.3 1 0
github.com/moov-io/wire20022/pkg/models/DrawdownRequest/Message.go:319.2,319.44 1 0
github.com/moov-io/wire20022/pkg/models/DrawdownRequest/Message.go:319.44,321.3 1 0
github.com/moov-io/wire20022/pkg/models/DrawdownRequest/Message.go:323.2,323.24 1 0
github.com/moov-io/wire20022/pkg/models/DrawdownRequest/Message.go:333.51,335.16 2 12
github.com/moov-io/wire20022/pkg/models/DrawdownRequest/Message.go:335.16,337.3 1 0
github.com/moov-io/wire20022/pkg/models/DrawdownRequest/Message.go:338.2,338.20 1 12
github.com/moov-io/wire20022/pkg/models/DrawdownRequest/Message.go:364.97,366.64 1 30
github.com/moov-io/wire20022/pkg/models/DrawdownRequest/Message.go:366.64,368.3 1 10
github.com/moov-io/wire20022/pkg/models/DrawdownRequest/Message.go:369.2,369.49 1 20
github.com/moov-io/wire20022/pkg/models/DrawdownRequest/Message.go:373.52,375.2 1 0
github.com/moov-io/wire20022/pkg/models/DrawdownRequest/MessageHelper.go:11.63,32.2 1 0
github.com/moov-io/wire20022/pkg/models/DrawdownRequest/MessageHelper.go:49.77,104.2 1 0
github.com/moov-io/wire20022/pkg/models/DrawdownRequest/MessageHelper.go:120.41,169.2 1 0
github.com/moov-io/wire20022/pkg/models/DrawdownRequest/map.go:3.33,49.2 1 1
github.com/moov-io/wire20022/pkg/models/DrawdownRequest/map.go:50.33,52.2 1 1
github.com/moov-io/wire20022/pkg/models/DrawdownRequest/map.go:53.33,55.2 1 1
github.com/moov-io/wire20022/pkg/models/DrawdownRequest/map.go:56.33,58.2 1 1
github.com/moov-io/wire20022/pkg/models/DrawdownRequest/map.go:59.33,106.2 1 4
github.com/moov-io/wire20022/pkg/models/DrawdownRequest/map.go:107.33,154.2 1 1
github.com/moov-io/wire20022/pkg/models/DrawdownRequest/map.go:155.33,206.2 1 4
github.com/moov-io/wire20022/pkg/models/DrawdownRequest/map.go:207.33,209.2 1 1
github.com/moov-io/wire20022/pkg/models/DrawdownRequest/map.go:210.33,212.2 1 1
github.com/moov-io/wire20022/pkg/models/DrawdownRequest/map.go:213.34,215.2 1 1
github.com/moov-io/wire20022/pkg/models/AccountReportingRequest/Message.go:25.52,28.2 1 0
github.com/moov-io/wire20022/pkg/models/AccountReportingRequest/Message.go:31.70,38.9 2 0
github.com/moov-io/wire20022/pkg/models/AccountReportingRequest/Message.go:39.34,40.55 1 0
github.com/moov-io/wire20022/pkg/models/AccountReportingRequest/Message.go:41.34,41.34 0 0
github.com/moov-io/wire20022/pkg/models/AccountReportingRequest/Message.go:45.2,45.14 1 0
github.com/moov-io/wire20022/pkg/models/AccountReportingRequest/Message.go:49.78,51.47 1 0
github.com/moov-io/wire20022/pkg/models/AccountReportingRequest/Message.go:51.47,53.3 1 0
github.com/moov-io/wire20022/pkg/models/AccountReportingRequest/Message.go:56.2,56.9 1 0
github.com/moov-io/wire20022/pkg/models/AccountReportingRequest/Message.go:57.34,58.33 1 0
github.com/moov-io/wire20022/pkg/models/AccountReportingRequest/Message.go:58.33,60.4 1 0
github.com/moov-io/wire20022/pkg/models/AccountReportingRequest/Message.go:61.3,61.56 1 0
github.com/moov-io/wire20022/pkg/models/AccountReportingRequest/Message.go:61.56,63.4 1 0
github.com/moov-io/wire20022/pkg/models/AccountReportingRequest/Message.go:66.2,66.12 1 0
github.com/moov-io/wire20022/pkg/models/AccountReportingRequest/Message.go:70.50,72.32 1 0
github.com/moov-io/wire20022/pkg/models/AccountReportingRequest/Message.go:72.32,74.3 1 0
github.com/moov-io/wire20022/pkg/models/AccountReportingRequest/Message.go:75.2,75.29 1 0
github.com/moov-io/wire20022/pkg/models/AccountReportingRequest/Message.go:75.29,77.3 1 0
github.com/moov-io/wire20022/pkg/models/AccountReportingRequest/Message.go:78.2,78.32 1 0
github.com/moov-io/wire20022/pkg/models/AccountReportingRequest/Message.go:78.32,80.3 1 0
github.com/moov-io/wire20022/pkg/models/AccountReportingRequest/Message.go:81.2,81.12 1 0
github.com/moov-io/wire20022/pkg/models/AccountReportingRequest/Message.go:85.64,89.2 1 0
github.com/moov-io/wire20022/pkg/models/AccountReportingRequest/Message.go:111.57,114.54 2 0
github.com/moov-io/wire20022/pkg/models/AccountReportingRequest/Message.go:114.54,116.3 1 0
github.com/moov-io/wire20022/pkg/models/AccountReportingRequest/Message.go:119.2,123.52 3 0
github.com/moov-io/wire20022/pkg/models/AccountReportingRequest/Message.go:123.52,125.3 1 0
github.com/moov-io/wire20022/pkg/models/AccountReportingRequest/Message.go:128.2,133.12 2 0
github.com/moov-io/wire20022/pkg/models/AccountReportingRequest/Message.go:137.51,139.16 2 0
github.com/moov-io/wire20022/pkg/models/AccountReportingRequest/Message.go:139.16,141.3 1 0
github.com/moov-io/wire20022/pkg/models/AccountReportingRequest/Message.go:143.2,144.16 2 0
github.com/moov-io/wire20022/pkg/models/AccountReportingRequest/Message.go:144.16,146.3 1 0
github.com/moov-io/wire20022/pkg/models/AccountReportingRequest/Message.go:148.2,149.12 2 0
github.com/moov-io/wire20022/pkg/models/AccountReportingRequest/Message.go:174.85,177.22 2 5
github.com/moov-io/wire20022/pkg/models/AccountReportingRequest/Message.go:177.22,179.3 1 5
github.com/moov-io/wire20022/pkg/models/AccountReportingRequest/Message.go:182.2,183.16 2 5
github.com/moov-io/wire20022/pkg/models/AccountReportingRequest/Message.go:183.16,185.3 1 5
github.com/moov-io/wire20022/pkg/models/AccountReportingRequest/Message.go:188.2,192.55 3 0
github.com/moov-io/wire20022/pkg/models/AccountReportingRequest/Message.go:192.55,194.3 1 0
github.com/moov-io/wire20022/pkg/models/AccountReportingRequest/Message.go:197.2,197.44 1 0
github.com/moov-io/wire20022/pkg/models/AccountReportingRequest/Message.go:197.44,199.3 1 0
github.com/moov-io/wire20022/pkg/models/AccountReportingRequest/Message.go:201.2,201.24 1 0
github.com/moov-io/wire20022/pkg/models/AccountReportingRequest/Message.go:212.13,218.39 1 1
github.com/moov-io/wire20022/pkg/models/AccountReportingRequest/Message.go:218.39,220.5 1 3
github.com/moov-io/wire20022/pkg/models/AccountReportingRequest/Message.go:225.39,227.5 1 3
github.com/moov-io/wire20022/pkg/models/AccountReportingRequest/Message.go:232.39,234.5 1 3
github.com/moov-io/wire20022/pkg/models/AccountReportingRequest/Message.go:239.39,241.5 1 10
github.com/moov-io/wire20022/pkg/models/AccountReportingRequest/Message.go:246.39,248.5 1 3
github.com/moov-io/wire20022/pkg/models/AccountReportingRequest/Message.go:253.39,255.5 1 3
github.com/moov-io/wire20022/pkg/models/AccountReportingRequest/Message.go:259.2,267.3 2 1
github.com/moov-io/wire20022/pkg/models/AccountReportingRequest/Message.go:272.51,274.16 2 8
github.com/moov-io/wire20022/pkg/models/AccountReportingRequest/Message.go:274.16,276.3 1 0
github.com/moov-io/wire20022/pkg/models/AccountReportingRequest/Message.go:277.2,277.20 1 8
github.com/moov-io/wire20022/pkg/models/AccountReportingRequest/Message.go:303.97,305.64 1 25
github.com/moov-io/wire20022/pkg/models/AccountReportingRequest/Message.go:305.64,307.3 1 8
github.com/moov-io/wire20022/pkg/models/AccountReportingRequest/Message.go:308.2,308.49 1 17
github.com/moov-io/wire20022/pkg/models/AccountReportingRequest/Message.go:312.52,314.2 1 2
github.com/moov-io/wire20022/pkg/models/AccountReportingRequest/MessageHelper.go:16.41,57.2 1 25
github.com/moov-io/wire20022/pkg/models/AccountReportingRequest/map.go:3.33,15.2 1 1
github.com/moov-io/wire20022/pkg/models/AccountReportingRequest/map.go:17.33,29.2 1 1
github.com/moov-io/wire20022/pkg/models/AccountReportingRequest/map.go:31.33,45.2 1 1
github.com/moov-io/wire20022/pkg/models/AccountReportingRequest/map.go:47.33,61.2 1 1
github.com/moov-io/wire20022/pkg/models/AccountReportingRequest/map.go:63.33,77.2 1 1
github.com/moov-io/wire20022/pkg/models/AccountReportingRequest/map.go:79.33,93.2 1 1
github.com/moov-io/wire20022/pkg/models/ConnectionCheck/Message.go:16.70,24.2 2 0
github.com/moov-io/wire20022/pkg/models/ConnectionCheck/Message.go:27.78,29.47 1 0
github.com/moov-io/wire20022/pkg/models/ConnectionCheck/Message.go:29.47,31.3 1 0
github.com/moov-io/wire20022/pkg/models/ConnectionCheck/Message.go:35.2,35.12 1 0
github.com/moov-io/wire20022/pkg/models/ConnectionCheck/Message.go:39.50,41.23 1 0
github.com/moov-io/wire20022/pkg/models/ConnectionCheck/Message.go:41.23,43.3 1 0
github.com/moov-io/wire20022/pkg/models/ConnectionCheck/Message.go:44.2,44.24 1 0
github.com/moov-io/wire20022/pkg/models/ConnectionCheck/Message.go:44.24,46.3 1 0
github.com/moov-io/wire20022/pkg/models/ConnectionCheck/Message.go:47.2,47.26 1 0
github.com/moov-io/wire20022/pkg/models/ConnectionCheck/Message.go:47.26,49.3 1 0
github.com/moov-io/wire20022/pkg/models/ConnectionCheck/Message.go:50.2,50.12 1 0
github.com/moov-io/wire20022/pkg/models/ConnectionCheck/Message.go:54.64,58.2 1 0
github.com/moov-io/wire20022/pkg/models/ConnectionCheck/Message.go:68.51,70.16 2 0
github.com/moov-io/wire20022/pkg/models/ConnectionCheck/Message.go:70.16,72.3 1 0
github.com/moov-io/wire20022/pkg/models/ConnectionCheck/Message.go:74.2,75.16 2 0
github.com/moov-io/wire20022/pkg/models/ConnectionCheck/Message.go:75.16,77.3 1 0
github.com/moov-io/wire20022/pkg/models/ConnectionCheck/Message.go:79.2,80.12 2 0
github.com/moov-io/wire20022/pkg/models/ConnectionCheck/Message.go:105.85,108.22 2 0
github.com/moov-io/wire20022/pkg/models/ConnectionCheck/Message.go:108.22,110.3 1 0
github.com/moov-io/wire20022/pkg/models/ConnectionCheck/Message.go:113.2,114.16 2 0
github.com/moov-io/wire20022/pkg/models/ConnectionCheck/Message.go:114.16,116.3 1 0
github.com/moov-io/wire20022/pkg/models/ConnectionCheck/Message.go:119.2,123.55 3 0
github.com/moov-io/wire20022/pkg/models/ConnectionCheck/Message.go:123.55,125.3 1 0
github.com/moov-io/wire20022/pkg/models/ConnectionCheck/Message.go:128.2,128.44 1 0
github.com/moov-io/wire20022/pkg/models/ConnectionCheck/Message.go:128.44,130.3 1 0
github.com/moov-io/wire20022/pkg/models/ConnectionCheck/Message.go:132.2,132.24 1 0
github.com/moov-io/wire20022/pkg/models/ConnectionCheck/Message.go:139.13,145.39 1 1
github.com/moov-io/wire20022/pkg/models/ConnectionCheck/Message.go:145.39,147.5 1 3
github.com/moov-io/wire20022/pkg/models/ConnectionCheck/Message.go:152.39,154.5 1 5
github.com/moov-io/wire20022/pkg/models/ConnectionCheck/Message.go:158.2,166.3 2 1
github.com/moov-io/wire20022/pkg/models/ConnectionCheck/Message.go:175.51,177.16 2 3
github.com/moov-io/wire20022/pkg/models/ConnectionCheck/Message.go:177.16,179.3 1 0
github.com/moov-io/wire20022/pkg/models/ConnectionCheck/Message.go:180.2,180.20 1 3
github.com/moov-io/wire20022/pkg/models/ConnectionCheck/Message.go:206.97,208.64 1 7
github.com/moov-io/wire20022/pkg/models/ConnectionCheck/Message.go:208.64,210.3 1 2
github.com/moov-io/wire20022/pkg/models/ConnectionCheck/Message.go:211.2,211.49 1 5
github.com/moov-io/wire20022/pkg/models/ConnectionCheck/Message.go:215.52,217.2 1 0
github.com/moov-io/wire20022/pkg/models/ConnectionCheck/MessageHelper.go:11.41,32.2 1 6
github.com/moov-io/wire20022/pkg/models/ConnectionCheck/map.go:3.33,9.2 1 1
github.com/moov-io/wire20022/pkg/models/ConnectionCheck/map.go:11.33,17.2 1 1
github.com/moov-io/wire20022/pkg/models/EndpointGapReport/Message.go:25.70,34.2 2 0
github.com/moov-io/wire20022/pkg/models/EndpointGapReport/Message.go:37.78,39.47 1 0
github.com/moov-io/wire20022/pkg/models/EndpointGapReport/Message.go:39.47,41.3 1 0
github.com/moov-io/wire20022/pkg/models/EndpointGapReport/Message.go:45.2,45.12 1 0
github.com/moov-io/wire20022/pkg/models/EndpointGapReport/Message.go:49.50,51.23 1 0
github.com/moov-io/wire20022/pkg/models/EndpointGapReport/Message.go:51.23,53.3 1 0
github.com/moov-io/wire20022/pkg/models/EndpointGapReport/Message.go:54.2,54.32 1 0
github.com/moov-io/wire20022/pkg/models/EndpointGapReport/Message.go:54.32,56.3 1 0
github.com/moov-io/wire20022/pkg/models/EndpointGapReport/Message.go:57.2,57.35 1 0
github.com/moov-io/wire20022/pkg/models/EndpointGapReport/Message.go:57.35,59.3 1 0
github.com/moov-io/wire20022/pkg/models/EndpointGapReport/Message.go:60.2,60.22 1 0
github.com/moov-io/wire20022/pkg/models/EndpointGapReport/Message.go:60.22,62.3 1 0
github.com/moov-io/wire20022/pkg/models/EndpointGapReport/Message.go:63.2,63.37 1 0
github.com/moov-io/wire20022/pkg/models/EndpointGapReport/Message.go:63.37,65.3 1 0
github.com/moov-io/wire20022/pkg/models/EndpointGapReport/Message.go:66.2,66.12 1 0
github.com/moov-io/wire20022/pkg/models/EndpointGapReport/Message.go:70.64,74.2 1 0
github.com/moov-io/wire20022/pkg/models/EndpointGapReport/Message.go:91.51,93.16 2 0
github.com/moov-io/wire20022/pkg/models/EndpointGapReport/Message.go:93.16,95.3 1 0
github.com/moov-io/wire20022/pkg/models/EndpointGapReport/Message.go:97.2,98.16 2 0
github.com/moov-io/wire20022/pkg/models/EndpointGapReport/Message.go:98.16,100.3 1 0
github.com/moov-io/wire20022/pkg/models/EndpointGapReport/Message.go:102.2,103.12 2 0
github.com/moov-io/wire20022/pkg/models/EndpointGapReport/Message.go:128.85,131.22 2 0
github.com/moov-io/wire20022/pkg/models/EndpointGapReport/Message.go:131.22,133.3 1 0
github.com/moov-io/wire20022/pkg/models/EndpointGapReport/Message.go:136.2,137.16 2 0
github.com/moov-io/wire20022/pkg/models/EndpointGapReport/Message.go:137.16,139.3 1 0
github.com/moov-io/wire20022/pkg/models/EndpointGapReport/Message.go:142.2,146.55 3 0
github.com/moov-io/wire20022/pkg/models/EndpointGapReport/Message.go:146.55,148.3 1 0
github.com/moov-io/wire20022/pkg/models/EndpointGapReport/Message.go:151.2,151.44 1 0
github.com/moov-io/wire20022/pkg/models/EndpointGapReport/Message.go:151.44,153.3 1 0
github.com/moov-io/wire20022/pkg/models/EndpointGapReport/Message.go:155.2,155.24 1 0
github.com/moov-io/wire20022/pkg/models/EndpointGapReport/Message.go:166.13,172.39 1 1
github.com/moov-io/wire20022/pkg/models/EndpointGapReport/Message.go:172.39,174.5 1 3
github.com/moov-io/wire20022/pkg/models/EndpointGapReport/Message.go:179.39,181.5 1 3
github.com/moov-io/wire20022/pkg/models/EndpointGapReport/Message.go:186.39,188.5 1 3
github.com/moov-io/wire20022/pkg/models/EndpointGapReport/Message.go:193.39,195.5 1 3
github.com/moov-io/wire20022/pkg/models/EndpointGapReport/Message.go:200.39,202.5 1 3
github.com/moov-io/wire20022/pkg/models/EndpointGapReport/Message.go:207.39,209.5 1 3
github.com/moov-io/wire20022/pkg/models/EndpointGapReport/Message.go:214.39,216.5 1 4
github.com/moov-io/wire20022/pkg/models/EndpointGapReport/Message.go:221.39,223.5 1 3
github.com/moov-io/wire20022/pkg/models/EndpointGapReport/Message.go:228.39,230.5 1 3
github.com/moov-io/wire20022/pkg/models/EndpointGapReport/Message.go:235.39,237.5 1 3
github.com/moov-io/wire20022/pkg/models/EndpointGapReport/Message.go:242.39,244.5 1 3
github.com/moov-io/wire20022/pkg/models/EndpointGapReport/Message.go:248.2,256.3 2 1
github.com/moov-io/wire20022/pkg/models/EndpointGapReport/Message.go:261.51,263.16 2 12
github.com/moov-io/wire20022/pkg/models/EndpointGapReport/Message.go:263.16,265.3 1 0
github.com/moov-io/wire20022/pkg/models/EndpointGapReport/Message.go:266.2,266.20 1 12
github.com/moov-io/wire20022/pkg/models/EndpointGapReport/Message.go:292.97,294.64 1 33
github.com/moov-io/wire20022/pkg/models/EndpointGapReport/Message.go:294.64,296.3 1 11
github.com/moov-io/wire20022/pkg/models/EndpointGapReport/Message.go:297.2,297.49 1 22
github.com/moov-io/wire20022/pkg/models/EndpointGapReport/Message.go:301.52,303.2 1 0
github.com/moov-io/wire20022/pkg/models/EndpointGapReport/MessageHelper.go:15.41,55.2 1 0
github.com/moov-io/wire20022/pkg/models/EndpointGapReport/map.go:3.33,5.2 1 0
github.com/moov-io/wire20022/pkg/models/EndpointGapReport/map.go:6.33,8.2 1 1
github.com/moov-io/wire20022/pkg/models/EndpointGapReport/map.go:9.33,11.2 1 1
github.com/moov-io/wire20022/pkg/models/EndpointGapReport/map.go:12.33,14.2 1 1
github.com/moov-io/wire20022/pkg/models/EndpointGapReport/map.go:15.33,17.2 1 1
github.com/moov-io/wire20022/pkg/models/EndpointGapReport/map.go:18.33,20.2 1 1
github.com/moov-io/wire20022/pkg/models/EndpointGapReport/map.go:21.33,23.2 1 1
github.com/moov-io/wire20022/pkg/models/EndpointGapReport/map.go:24.33,35.2 1 11
github.com/moov-io/wire20022/pkg/models/EndpointGapReport/map.go:36.33,38.2 1 1
github.com/moov-io/wire20022/pkg/models/EndpointGapReport/map.go:39.34,41.2 1 1
github.com/moov-io/wire20022/pkg/models/EndpointGapReport/map.go:42.34,44.2 1 1
github.com/moov-io/wire20022/pkg/models/EndpointGapReport/map.go:45.34,47.2 1 1
github.com/moov-io/wire20022/pkg/models/EndpointDetailsReport/Message.go:32.48,33.33 1 0
github.com/moov-io/wire20022/pkg/models/EndpointDetailsReport/Message.go:33.33,35.3 1 0
github.com/moov-io/wire20022/pkg/models/EndpointDetailsReport/Message.go:36.2,36.37 1 0
github.com/moov-io/wire20022/pkg/models/EndpointDetailsReport/Message.go:36.37,38.3 1 0
github.com/moov-io/wire20022/pkg/models/EndpointDetailsReport/Message.go:39.2,39.45 1 0
github.com/moov-io/wire20022/pkg/models/EndpointDetailsReport/Message.go:39.45,41.3 1 0
github.com/moov-io/wire20022/pkg/models/EndpointDetailsReport/Message.go:42.2,42.12 1 0
github.com/moov-io/wire20022/pkg/models/EndpointDetailsReport/Message.go:51.44,52.39 1 0
github.com/moov-io/wire20022/pkg/models/EndpointDetailsReport/Message.go:52.39,54.3 1 0
github.com/moov-io/wire20022/pkg/models/EndpointDetailsReport/Message.go:55.2,55.12 1 0
github.com/moov-io/wire20022/pkg/models/EndpointDetailsReport/Message.go:59.70,66.9 2 11
github.com/moov-io/wire20022/pkg/models/EndpointDetailsReport/Message.go:67.34,69.14 2 11
github.com/moov-io/wire20022/pkg/models/EndpointDetailsReport/Message.go:70.34,71.47 1 11
github.com/moov-io/wire20022/pkg/models/EndpointDetailsReport/Message.go:74.2,74.14 1 11
github.com/moov-io/wire20022/pkg/models/EndpointDetailsReport/Message.go:78.78,80.47 1 0
github.com/moov-io/wire20022/pkg/models/EndpointDetailsReport/Message.go:80.47,82.3 1 0
github.com/moov-io/wire20022/pkg/models/EndpointDetailsReport/Message.go:85.2,85.9 1 0
github.com/moov-io/wire20022/pkg/models/EndpointDetailsReport/Message.go:86.34,87.25 1 0
github.com/moov-io/wire20022/pkg/models/EndpointDetailsReport/Message.go:87.25,89.4 1 0
github.com/moov-io/wire20022/pkg/models/EndpointDetailsReport/Message.go:90.3,90.48 1 0
github.com/moov-io/wire20022/pkg/models/EndpointDetailsReport/Message.go:90.48,92.4 1 0
github.com/moov-io/wire20022/pkg/models/EndpointDetailsReport/Message.go:93.3,93.14 1 0
github.com/moov-io/wire20022/pkg/models/EndpointDetailsReport/Message.go:94.34,95.29 1 0
github.com/moov-io/wire20022/pkg/models/EndpointDetailsReport/Message.go:95.29,96.53 1 0
github.com/moov-io/wire20022/pkg/models/EndpointDetailsReport/Message.go:96.53,98.5 1 0
github.com/moov-io/wire20022/pkg/models/EndpointDetailsReport/Message.go:102.2,102.12 1 0
github.com/moov-io/wire20022/pkg/models/EndpointDetailsReport/Message.go:106.50,108.23 1 0
github.com/moov-io/wire20022/pkg/models/EndpointDetailsReport/Message.go:108.23,110.3 1 0
github.com/moov-io/wire20022/pkg/models/EndpointDetailsReport/Message.go:111.2,111.32 1 0
github.com/moov-io/wire20022/pkg/models/EndpointDetailsReport/Message.go:111.32,113.3 1 0
github.com/moov-io/wire20022/pkg/models/EndpointDetailsReport/Message.go:114.2,114.35 1 0
github.com/moov-io/wire20022/pkg/models/EndpointDetailsReport/Message.go:114.35,116.3 1 0
github.com/moov-io/wire20022/pkg/models/EndpointDetailsReport/Message.go:117.2,117.22 1 0
github.com/moov-io/wire20022/pkg/models/EndpointDetailsReport/Message.go:117.22,119.3 1 0
github.com/moov-io/wire20022/pkg/models/EndpointDetailsReport/Message.go:120.2,120.37 1 0
github.com/moov-io/wire20022/pkg/models/EndpointDetailsReport/Message.go:120.37,122.3 1 0
github.com/moov-io/wire20022/pkg/models/EndpointDetailsReport/Message.go:123.2,123.12 1 0
github.com/moov-io/wire20022/pkg/models/EndpointDetailsReport/Message.go:127.64,132.2 1 0
github.com/moov-io/wire20022/pkg/models/EndpointDetailsReport/Message.go:156.51,158.16 2 0
github.com/moov-io/wire20022/pkg/models/EndpointDetailsReport/Message.go:158.16,160.3 1 0
github.com/moov-io/wire20022/pkg/models/EndpointDetailsReport/Message.go:162.2,163.16 2 0
github.com/moov-io/wire20022/pkg/models/EndpointDetailsReport/Message.go:163.16,165.3 1 0
github.com/moov-io/wire20022/pkg/models/EndpointDetailsReport/Message.go:167.2,168.12 2 0
github.com/moov-io/wire20022/pkg/models/EndpointDetailsReport/Message.go:193.85,196.22 2 0
github.com/moov-io/wire20022/pkg/models/EndpointDetailsReport/Message.go:196.22,198.3 1 0
github.com/moov-io/wire20022/pkg/models/EndpointDetailsReport/Message.go:201.2,202.16 2 0
github.com/moov-io/wire20022/pkg/models/EndpointDetailsReport/Message.go:202.16,204.3 1 0
github.com/moov-io/wire20022/pkg/models/EndpointDetailsReport/Message.go:207.2,211.55 3 0
github.com/moov-io/wire20022/pkg/models/EndpointDetailsReport/Message.go:211.55,213.3 1 0
github.com/moov-io/wire20022/pkg/models/EndpointDetailsReport/Message.go:216.2,216.44 1 0
github.com/moov-io/wire20022/pkg/models/EndpointDetailsReport/Message.go:216.44,218.3 1 0
github.com/moov-io/wire20022/pkg/models/EndpointDetailsReport/Message.go:220.2,220.24 1 0
github.com/moov-io/wire20022/pkg/models/EndpointDetailsReport/Message.go:233.13,239.39 1 1
github.com/moov-io/wire20022/pkg/models/EndpointDetailsReport/Message.go:239.39,241.5 1 3
github.com/moov-io/wire20022/pkg/models/EndpointDetailsReport/Message.go:246.39,248.5 1 3
github.com/moov-io/wire20022/pkg/models/EndpointDetailsReport/Message.go:253.39,255.5 1 3
github.com/moov-io/wire20022/pkg/models/EndpointDetailsReport/Message.go:260.39,262.5 1 3
github.com/moov-io/wire20022/pkg/models/EndpointDetailsReport/Message.go:267.39,269.5 1 3
github.com/moov-io/wire20022/pkg/models/EndpointDetailsReport/Message.go:274.39,276.5 1 3
github.com/moov-io/wire20022/pkg/models/EndpointDetailsReport/Message.go:281.39,283.5 1 4
github.com/moov-io/wire20022/pkg/models/EndpointDetailsReport/Message.go:288.39,290.5 1 3
github.com/moov-io/wire20022/pkg/models/EndpointDetailsReport/Message.go:295.39,297.5 1 3
github.com/moov-io/wire20022/pkg/models/EndpointDetailsReport/Message.go:302.39,304.5 1 3
github.com/moov-io/wire20022/pkg/models/EndpointDetailsReport/Message.go:309.39,311.5 1 3
github.com/moov-io/wire20022/pkg/models/EndpointDetailsReport/Message.go:315.2,323.3 2 1
github.com/moov-io/wire20022/pkg/models/EndpointDetailsReport/Message.go:328.51,330.16 2 12
github.com/moov-io/wire20022/pkg/models/EndpointDetailsReport/Message.go:330.16,332.3 1 0
github.com/moov-io/wire20022/pkg/models/EndpointDetailsReport/Message.go:333.2,333.20 1 12
[...]
github.com/moov-io/wire20022/pkg/models/PaymentStatusRequest/map.go:3.33,5.2 1 1
github.com/moov-io/wire20022/pkg/models/PaymentStatusRequest/map.go:6.33,20.2 1 2
github.com/moov-io/wire20022/pkg/models/PaymentStatusRequest/map.go:21.33,36.2 1 4
github.com/moov-io/wire20022/pkg/models/PaymentStatusRequest/map.go:37.33,39.2 1 1
github.com/moov-io/wire20022/pkg/models/PaymentStatusRequest/map.go:40.33,42.2 1 1
github.com/moov-io/wire20022/pkg/models/PaymentStatusRequest/map.go:43.33,45.2 1 1
github.com/moov-io/wire20022/pkg/models/Master/Message.go:33.48,36.2 1 0
github.com/moov-io/wire20022/pkg/models/Master/Message.go:39.70,46.9 2 0
github.com/moov-io/wire20022/pkg/models/Master/Message.go:47.34,48.47 1 0
github.com/moov-io/wire20022/pkg/models/Master/Message.go:51.2,51.14 1 0
github.com/moov-io/wire20022/pkg/models/Master/Message.go:55.78,57.47 1 0
github.com/moov-io/wire20022/pkg/models/Master/Message.go:57.47,59.3 1 0
github.com/moov-io/wire20022/pkg/models/Master/Message.go:62.2,62.9 1 0
github.com/moov-io/wire20022/pkg/models/Master/Message.go:63.34,64.29 1 0
github.com/moov-io/wire20022/pkg/models/Master/Message.go:64.29,66.4 1 0
github.com/moov-io/wire20022/pkg/models/Master/Message.go:67.3,67.52 1 0
github.com/moov-io/wire20022/pkg/models/Master/Message.go:67.52,69.4 1 0
github.com/moov-io/wire20022/pkg/models/Master/Message.go:72.2,72.12 1 0
github.com/moov-io/wire20022/pkg/models/Master/Message.go:76.50,78.32 1 0
github.com/moov-io/wire20022/pkg/models/Master/Message.go:78.32,80.3 1 0
github.com/moov-io/wire20022/pkg/models/Master/Message.go:81.2,81.26 1 0
github.com/moov-io/wire20022/pkg/models/Master/Message.go:81.26,83.3 1 0
github.com/moov-io/wire20022/pkg/models/Master/Message.go:84.2,84.34 1 0
github.com/moov-io/wire20022/pkg/models/Master/Message.go:84.34,86.3 1 0
github.com/moov-io/wire20022/pkg/models/Master/Message.go:87.2,87.12 1 0
github.com/moov-io/wire20022/pkg/models/Master/Message.go:91.64,95.2 1 0
github.com/moov-io/wire20022/pkg/models/Master/Message.go:117.57,120.54 2 0
github.com/moov-io/wire20022/pkg/models/Master/Message.go:120.54,122.3 1 0
github.com/moov-io/wire20022/pkg/models/Master/Message.go:125.2,129.52 3 0
github.com/moov-io/wire20022/pkg/models/Master/Message.go:129.52,131.3 1 0
github.com/moov-io/wire20022/pkg/models/Master/Message.go:134.2,137.81 2 0
github.com/moov-io/wire20022/pkg/models/Master/Message.go:137.81,138.29 1 0
github.com/moov-io/wire20022/pkg/models/Master/Message.go:138.29,140.4 1 0
github.com/moov-io/wire20022/pkg/models/Master/Message.go:143.2,143.12 1 0
github.com/moov-io/wire20022/pkg/models/Master/Message.go:147.70,149.39 2 0
github.com/moov-io/wire20022/pkg/models/Master/Message.go:149.39,150.41 1 0
github.com/moov-io/wire20022/pkg/models/Master/Message.go:150.41,152.4 1 0
github.com/moov-io/wire20022/pkg/models/Master/Message.go:154.2,154.14 1 0
github.com/moov-io/wire20022/pkg/models/Master/Message.go:158.51,160.16 2 0
github.com/moov-io/wire20022/pkg/models/Master/Message.go:160.16,162.3 1 0
github.com/moov-io/wire20022/pkg/models/Master/Message.go:164.2,165.16 2 0
github.com/moov-io/wire20022/pkg/models/Master/Message.go:165.16,167.3 1 0
github.com/moov-io/wire20022/pkg/models/Master/Message.go:169.2,170.12 2 0
github.com/moov-io/wire20022/pkg/models/Master/Message.go:195.85,198.22 2 0
github.com/moov-io/wire20022/pkg/models/Master/Message.go:198.22,200.3 1 0
github.com/moov-io/wire20022/pkg/models/Master/Message.go:203.2,204.16 2 0
github.com/moov-io/wire20022/pkg/models/Master/Message.go:204.16,206.3 1 0
github.com/moov-io/wire20022/pkg/models/Master/Message.go:209.2,213.55 3 0
github.com/moov-io/wire20022/pkg/models/Master/Message.go:213.55,215.3 1 0
github.com/moov-io/wire20022/pkg/models/Master/Message.go:218.2,218.44 1 0
github.com/moov-io/wire20022/pkg/models/Master/Message.go:218.44,220.3 1 0
github.com/moov-io/wire20022/pkg/models/Master/Message.go:222.2,222.24 1 0
github.com/moov-io/wire20022/pkg/models/Master/Message.go:234.13,240.39 1 1
github.com/moov-io/wire20022/pkg/models/Master/Message.go:240.39,242.5 1 3
github.com/moov-io/wire20022/pkg/models/Master/Message.go:247.39,249.5 1 3
github.com/moov-io/wire20022/pkg/models/Master/Message.go:254.39,256.5 1 3
github.com/moov-io/wire20022/pkg/models/Master/Message.go:261.39,263.5 1 3
github.com/moov-io/wire20022/pkg/models/Master/Message.go:268.39,270.5 1 3
github.com/moov-io/wire20022/pkg/models/Master/Message.go:275.39,277.5 1 3
github.com/moov-io/wire20022/pkg/models/Master/Message.go:282.39,284.5 1 4
github.com/moov-io/wire20022/pkg/models/Master/Message.go:289.39,291.5 1 3
github.com/moov-io/wire20022/pkg/models/Master/Message.go:296.39,298.5 1 3
github.com/moov-io/wire20022/pkg/models/Master/Message.go:303.39,305.5 1 3
github.com/moov-io/wire20022/pkg/models/Master/Message.go:310.39,312.5 1 3
github.com/moov-io/wire20022/pkg/models/Master/Message.go:316.2,324.3 2 1
github.com/moov-io/wire20022/pkg/models/Master/Message.go:329.51,331.16 2 12
github.com/moov-io/wire20022/pkg/models/Master/Message.go:331.16,333.3 1 0
github.com/moov-io/wire20022/pkg/models/Master/Message.go:334.2,334.20 1 12
github.com/moov-io/wire20022/pkg/models/Master/Message.go:360.97,362.64 1 33
github.com/moov-io/wire20022/pkg/models/Master/Message.go:362.64,364.3 1 11
github.com/moov-io/wire20022/pkg/models/Master/Message.go:365.2,365.49 1 22
github.com/moov-io/wire20022/pkg/models/Master/Message.go:369.52,371.2 1 0
github.com/moov-io/wire20022/pkg/models/Master/MessageHelper.go:12.47,34.2 1 0
github.com/moov-io/wire20022/pkg/models/Master/MessageHelper.go:44.41,67.2 1 0
github.com/moov-io/wire20022/pkg/models/Master/MessageHelper.go:78.83,107.2 1 0
github.com/moov-io/wire20022/pkg/models/Master/MessageHelper.go:137.41,203.2 1 0
github.com/moov-io/wire20022/pkg/models/Master/map.go:3.33,27.2 1 1
github.com/moov-io/wire20022/pkg/models/Master/map.go:28.33,55.2 1 1
github.com/moov-io/wire20022/pkg/models/Master/map.go:56.33,58.2 1 1
github.com/moov-io/wire20022/pkg/models/Master/map.go:59.33,61.2 1 1
github.com/moov-io/wire20022/pkg/models/Master/map.go:62.33,89.2 1 3
github.com/moov-io/wire20022/pkg/models/Master/map.go:90.33,92.2 1 1
github.com/moov-io/wire20022/pkg/models/Master/map.go:93.33,132.2 1 6
github.com/moov-io/wire20022/pkg/models/Master/map.go:133.33,135.2 1 1
github.com/moov-io/wire20022/pkg/models/Master/map.go:136.34,138.2 1 1
github.com/moov-io/wire20022/pkg/models/Master/map.go:139.34,141.2 1 1
github.com/moov-io/wire20022/pkg/models/Master/map.go:142.34,144.2 1 1
github.com/moov-io/wire20022/pkg/models/PaymentReturn/Message.go:33.54,34.26 1 0
github.com/moov-io/wire20022/pkg/models/PaymentReturn/Message.go:34.26,36.3 1 0
github.com/moov-io/wire20022/pkg/models/PaymentReturn/Message.go:37.2,37.12 1 0
github.com/moov-io/wire20022/pkg/models/PaymentReturn/Message.go:41.70,48.9 2 0
github.com/moov-io/wire20022/pkg/models/PaymentReturn/Message.go:49.34,50.59 1 0
github.com/moov-io/wire20022/pkg/models/PaymentReturn/Message.go:53.2,53.14 1 0
github.com/moov-io/wire20022/pkg/models/PaymentReturn/Message.go:57.78,59.47 1 0
github.com/moov-io/wire20022/pkg/models/PaymentReturn/Message.go:59.47,61.3 1 0
github.com/moov-io/wire20022/pkg/models/PaymentReturn/Message.go:64.2,64.9 1 0
github.com/moov-io/wire20022/pkg/models/PaymentReturn/Message.go:65.34,66.35 1 0
github.com/moov-io/wire20022/pkg/models/PaymentReturn/Message.go:66.35,68.4 1 0
github.com/moov-io/wire20022/pkg/models/PaymentReturn/Message.go:69.3,69.58 1 0
github.com/moov-io/wire20022/pkg/models/PaymentReturn/Message.go:69.58,71.4 1 0
github.com/moov-io/wire20022/pkg/models/PaymentReturn/Message.go:74.2,74.12 1 0
github.com/moov-io/wire20022/pkg/models/PaymentReturn/Message.go:78.50,80.23 1 0
github.com/moov-io/wire20022/pkg/models/PaymentReturn/Message.go:80.23,82.3 1 0
github.com/moov-io/wire20022/pkg/models/PaymentReturn/Message.go:83.2,83.32 1 0
github.com/moov-io/wire20022/pkg/models/PaymentReturn/Message.go:83.32,85.3 1 0
github.com/moov-io/wire20022/pkg/models/PaymentReturn/Message.go:86.2,86.31 1 0
github.com/moov-io/wire20022/pkg/models/PaymentReturn/Message.go:86.31,88.3 1 0
github.com/moov-io/wire20022/pkg/models/PaymentReturn/Message.go:89.2,89.35 1 0
github.com/moov-io/wire20022/pkg/models/PaymentReturn/Message.go:89.35,91.3 1 0
github.com/moov-io/wire20022/pkg/models/PaymentReturn/Message.go:92.2,92.12 1 0
github.com/moov-io/wire20022/pkg/models/PaymentReturn/Message.go:96.64,100.2 1 0
github.com/moov-io/wire20022/pkg/models/PaymentReturn/Message.go:129.57,132.54 2 0
github.com/moov-io/wire20022/pkg/models/PaymentReturn/Message.go:132.54,134.3 1 0
github.com/moov-io/wire20022/pkg/models/PaymentReturn/Message.go:137.2,141.52 3 0
github.com/moov-io/wire20022/pkg/models/PaymentReturn/Message.go:141.52,143.3 1 0
github.com/moov-io/wire20022/pkg/models/PaymentReturn/Message.go:146.2,149.67 2 0
github.com/moov-io/wire20022/pkg/models/PaymentReturn/Message.go:149.67,150.35 1 0
github.com/moov-io/wire20022/pkg/models/PaymentReturn/Message.go:150.35,152.4 1 0
github.com/moov-io/wire20022/pkg/models/PaymentReturn/Message.go:155.2,155.12 1 0
github.com/moov-io/wire20022/pkg/models/PaymentReturn/Message.go:159.51,161.16 2 0
github.com/moov-io/wire20022/pkg/models/PaymentReturn/Message.go:161.16,163.3 1 0
github.com/moov-io/wire20022/pkg/models/PaymentReturn/Message.go:165.2,166.16 2 0
github.com/moov-io/wire20022/pkg/models/PaymentReturn/Message.go:166.16,168.3 1 0
github.com/moov-io/wire20022/pkg/models/PaymentReturn/Message.go:170.2,171.12 2 0
github.com/moov-io/wire20022/pkg/models/PaymentReturn/Message.go:196.85,199.22 2 0
github.com/moov-io/wire20022/pkg/models/PaymentReturn/Message.go:199.22,201.3 1 0
github.com/moov-io/wire20022/pkg/models/PaymentReturn/Message.go:204.2,205.16 2 0
github.com/moov-io/wire20022/pkg/models/PaymentReturn/Message.go:205.16,207.3 1 0
github.com/moov-io/wire20022/pkg/models/PaymentReturn/Message.go:210.2,214.55 3 0
github.com/moov-io/wire20022/pkg/models/PaymentReturn/Message.go:214.55,216.3 1 0
github.com/moov-io/wire20022/pkg/models/PaymentReturn/Message.go:219.2,219.44 1 0
github.com/moov-io/wire20022/pkg/models/PaymentReturn/Message.go:219.44,221.3 1 0
github.com/moov-io/wire20022/pkg/models/PaymentReturn/Message.go:223.2,223.24 1 0
github.com/moov-io/wire20022/pkg/models/PaymentReturn/Message.go:237.13,243.39 1 1
github.com/moov-io/wire20022/pkg/models/PaymentReturn/Message.go:243.39,245.5 1 3
github.com/moov-io/wire20022/pkg/models/PaymentReturn/Message.go:250.39,252.5 1 3
github.com/moov-io/wire20022/pkg/models/PaymentReturn/Message.go:257.39,259.5 1 3
github.com/moov-io/wire20022/pkg/models/PaymentReturn/Message.go:264.39,266.5 1 3
github.com/moov-io/wire20022/pkg/models/PaymentReturn/Message.go:271.39,273.5 1 3
github.com/moov-io/wire20022/pkg/models/PaymentReturn/Message.go:278.39,280.5 1 3
github.com/moov-io/wire20022/pkg/models/PaymentReturn/Message.go:285.39,287.5 1 3
github.com/moov-io/wire20022/pkg/models/PaymentReturn/Message.go:292.39,294.5 1 3
github.com/moov-io/wire20022/pkg/models/PaymentReturn/Message.go:299.39,301.5 1 4
github.com/moov-io/wire20022/pkg/models/PaymentReturn/Message.go:306.39,308.5 1 3
github.com/moov-io/wire20022/pkg/models/PaymentReturn/Message.go:313.39,315.5 1 3
github.com/moov-io/wire20022/pkg/models/PaymentReturn/Message.go:320.39,322.5 1 3
github.com/moov-io/wire20022/pkg/models/PaymentReturn/Message.go:326.2,334.3 2 1
github.com/moov-io/wire20022/pkg/models/PaymentReturn/Message.go:339.51,341.16 2 13
github.com/moov-io/wire20022/pkg/models/PaymentReturn/Message.go:341.16,343.3 1 0
github.com/moov-io/wire20022/pkg/models/PaymentReturn/Message.go:344.2,344.20 1 13
github.com/moov-io/wire20022/pkg/models/PaymentReturn/Message.go:370.97,372.64 1 36
github.com/moov-io/wire20022/pkg/models/PaymentReturn/Message.go:372.64,374.3 1 12
github.com/moov-io/wire20022/pkg/models/PaymentReturn/Message.go:375.2,375.49 1 24
github.com/moov-io/wire20022/pkg/models/PaymentReturn/Message.go:379.52,381.2 1 0
github.com/moov-io/wire20022/pkg/models/PaymentReturn/MessageHelper.go:12.37,22.2 1 0
github.com/moov-io/wire20022/pkg/models/PaymentReturn/MessageHelper.go:36.49,55.2 1 0
github.com/moov-io/wire20022/pkg/models/PaymentReturn/MessageHelper.go:65.39,80.2 1 0
github.com/moov-io/wire20022/pkg/models/PaymentReturn/MessageHelper.go:108.41,201.2 1 0
github.com/moov-io/wire20022/pkg/models/PaymentReturn/map.go:3.33,5.2 1 1
github.com/moov-io/wire20022/pkg/models/PaymentReturn/map.go:6.33,8.2 1 1
github.com/moov-io/wire20022/pkg/models/PaymentReturn/map.go:9.33,11.2 1 1
github.com/moov-io/wire20022/pkg/models/PaymentReturn/map.go:12.33,14.2 1 1
github.com/moov-io/wire20022/pkg/models/PaymentReturn/map.go:15.33,17.2 1 1
github.com/moov-io/wire20022/pkg/models/PaymentReturn/map.go:18.33,44.2 1 6
github.com/moov-io/wire20022/pkg/models/PaymentReturn/map.go:45.33,103.2 1 1
github.com/moov-io/wire20022/pkg/models/PaymentReturn/map.go:104.33,175.2 1 1
github.com/moov-io/wire20022/pkg/models/PaymentReturn/map.go:176.34,249.2 1 4
github.com/moov-io/wire20022/pkg/models/PaymentReturn/map.go:250.34,252.2 1 1
github.com/moov-io/wire20022/pkg/models/PaymentReturn/map.go:253.34,255.2 1 1
github.com/moov-io/wire20022/pkg/models/PaymentReturn/map.go:256.34,258.2 1 1
github.com/moov-io/wire20022/pkg/models/ReturnRequestResponse/Message.go:29.54,32.2 1 0
github.com/moov-io/wire20022/pkg/models/ReturnRequestResponse/Message.go:42.53,45.2 1 0
github.com/moov-io/wire20022/pkg/models/ReturnRequestResponse/Message.go:48.70,54.9 2 0
github.com/moov-io/wire20022/pkg/models/ReturnRequestResponse/Message.go:55.34,57.57 2 0
github.com/moov-io/wire20022/pkg/models/ReturnRequestResponse/Message.go:60.2,60.14 1 0
github.com/moov-io/wire20022/pkg/models/ReturnRequestResponse/Message.go:64.78,66.47 1 0
github.com/moov-io/wire20022/pkg/models/ReturnRequestResponse/Message.go:66.47,68.3 1 0
github.com/moov-io/wire20022/pkg/models/ReturnRequestResponse/Message.go:71.2,71.9 1 0
github.com/moov-io/wire20022/pkg/models/ReturnRequestResponse/Message.go:72.34,73.35 1 0
github.com/moov-io/wire20022/pkg/models/ReturnRequestResponse/Message.go:73.35,75.4 1 0
github.com/moov-io/wire20022/pkg/models/ReturnRequestResponse/Message.go:76.3,76.58 1 0
github.com/moov-io/wire20022/pkg/models/ReturnRequestResponse/Message.go:76.58,78.4 1 0
github.com/moov-io/wire20022/pkg/models/ReturnRequestResponse/Message.go:79.3,79.34 1 0
github.com/moov-io/wire20022/pkg/models/ReturnRequestResponse/Message.go:79.34,81.4 1 0
github.com/moov-io/wire20022/pkg/models/ReturnRequestResponse/Message.go:82.3,82.57 1 0
github.com/moov-io/wire20022/pkg/models/ReturnRequestResponse/Message.go:82.57,84.4 1 0
github.com/moov-io/wire20022/pkg/models/ReturnRequestResponse/Message.go:87.2,87.12 1 0
github.com/moov-io/wire20022/pkg/models/ReturnRequestResponse/Message.go:91.50,93.26 1 0
github.com/moov-io/wire20022/pkg/models/ReturnRequestResponse/Message.go:93.26,95.3 1 0
github.com/moov-io/wire20022/pkg/models/ReturnRequestResponse/Message.go:96.2,96.37 1 0
github.com/moov-io/wire20022/pkg/models/ReturnRequestResponse/Message.go:96.37,98.3 1 0
github.com/moov-io/wire20022/pkg/models/ReturnRequestResponse/Message.go:99.2,99.28 1 0
github.com/moov-io/wire20022/pkg/models/ReturnRequestResponse/Message.go:99.28,101.3 1 0
github.com/moov-io/wire20022/pkg/models/ReturnRequestResponse/Message.go:102.2,102.31 1 0
github.com/moov-io/wire20022/pkg/models/ReturnRequestResponse/Message.go:102.31,104.3 1 0
github.com/moov-io/wire20022/pkg/models/ReturnRequestResponse/Message.go:105.2,105.35 1 0
github.com/moov-io/wire20022/pkg/models/ReturnRequestResponse/Message.go:105.35,107.3 1 0
github.com/moov-io/wire20022/pkg/models/ReturnRequestResponse/Message.go:108.2,108.42 1 0
github.com/moov-io/wire20022/pkg/models/ReturnRequestResponse/Message.go:108.42,110.3 1 0
github.com/moov-io/wire20022/pkg/models/ReturnRequestResponse/Message.go:111.2,111.12 1 0
github.com/moov-io/wire20022/pkg/models/ReturnRequestResponse/Message.go:115.64,120.2 1 0
github.com/moov-io/wire20022/pkg/models/ReturnRequestResponse/Message.go:149.13,155.39 1 1
github.com/moov-io/wire20022/pkg/models/ReturnRequestResponse/Message.go:155.39,157.5 1 3
github.com/moov-io/wire20022/pkg/models/ReturnRequestResponse/Message.go:162.39,164.5 1 3
github.com/moov-io/wire20022/pkg/models/ReturnRequestResponse/Message.go:169.39,171.5 1 3
github.com/moov-io/wire20022/pkg/models/ReturnRequestResponse/Message.go:176.39,178.5 1 3
github.com/moov-io/wire20022/pkg/models/ReturnRequestResponse/Message.go:183.39,185.5 1 3
github.com/moov-io/wire20022/pkg/models/ReturnRequestResponse/Message.go:190.39,192.5 1 3
github.com/moov-io/wire20022/pkg/models/ReturnRequestResponse/Message.go:197.39,199.5 1 4
github.com/moov-io/wire20022/pkg/models/ReturnRequestResponse/Message.go:204.39,206.5 1 3
github.com/moov-io/wire20022/pkg/models/ReturnRequestResponse/Message.go:211.39,213.5 1 3
github.com/moov-io/wire20022/pkg/models/ReturnRequestResponse/Message.go:218.39,220.5 1 3
github.com/moov-io/wire20022/pkg/models/ReturnRequestResponse/Message.go:224.2,232.3 2 1
github.com/moov-io/wire20022/pkg/models/ReturnRequestResponse/Message.go:237.51,239.16 2 11
github.com/moov-io/wire20022/pkg/models/ReturnRequestResponse/Message.go:239.16,241.3 1 0
github.com/moov-io/wire20022/pkg/models/ReturnRequestResponse/Message.go:242.2,242.20 1 11
github.com/moov-io/wire20022/pkg/models/ReturnRequestResponse/Message.go:268.97,270.64 1 30
github.com/moov-io/wire20022/pkg/models/ReturnRequestResponse/Message.go:270.64,272.3 1 10
github.com/moov-io/wire20022/pkg/models/ReturnRequestResponse/Message.go:273.2,273.49 1 20
github.com/moov-io/wire20022/pkg/models/ReturnRequestResponse/Message.go:277.51,279.16 2 0
github.com/moov-io/wire20022/pkg/models/ReturnRequestResponse/Message.go:279.16,281.3 1 0
github.com/moov-io/wire20022/pkg/models/ReturnRequestResponse/Message.go:283.2,284.16 2 0
github.com/moov-io/wire20022/pkg/models/ReturnRequestResponse/Message.go:284.16,286.3 1 0
github.com/moov-io/wire20022/pkg/models/ReturnRequestResponse/Message.go:288.2,289.12 2 0
github.com/moov-io/wire20022/pkg/models/ReturnRequestResponse/Message.go:314.85,317.22 2 0
github.com/moov-io/wire20022/pkg/models/ReturnRequestResponse/Message.go:317.22,319.3 1 0
github.com/moov-io/wire20022/pkg/models/ReturnRequestResponse/Message.go:322.2,323.16 2 0
github.com/moov-io/wire20022/pkg/models/ReturnRequestResponse/Message.go:323.16,325.3 1 0
github.com/moov-io/wire20022/pkg/models/ReturnRequestResponse/Message.go:328.2,332.55 3 0
github.com/moov-io/wire20022/pkg/models/ReturnRequestResponse/Message.go:332.55,334.3 1 0
github.com/moov-io/wire20022/pkg/models/ReturnRequestResponse/Message.go:337.2,337.44 1 0
github.com/moov-io/wire20022/pkg/models/ReturnRequestResponse/Message.go:337.44,339.3 1 0
github.com/moov-io/wire20022/pkg/models/ReturnRequestResponse/Message.go:341.2,341.24 1 0
github.com/moov-io/wire20022/pkg/models/ReturnRequestResponse/Message.go:351.52,353.2 1 0
github.com/moov-io/wire20022/pkg/models/ReturnRequestResponse/MessageHelper.go:11.39,32.2 1 0
github.com/moov-io/wire20022/pkg/models/ReturnRequestResponse/MessageHelper.go:51.41,118.2 1 0
github.com/moov-io/wire20022/pkg/models/ReturnRequestResponse/map.go:3.33,5.2 1 1
github.com/moov-io/wire20022/pkg/models/ReturnRequestResponse/map.go:6.33,8.2 1 1
github.com/moov-io/wire20022/pkg/models/ReturnRequestResponse/map.go:9.33,11.2 1 1
github.com/moov-io/wire20022/pkg/models/ReturnRequestResponse/map.go:12.33,14.2 1 1
github.com/moov-io/wire20022/pkg/models/ReturnRequestResponse/map.go:15.33,17.2 1 1
github.com/moov-io/wire20022/pkg/models/ReturnRequestResponse/map.go:18.33,46.2 1 6
github.com/moov-io/wire20022/pkg/models/ReturnRequestResponse/map.go:47.33,79.2 1 4
github.com/moov-io/wire20022/pkg/models/ReturnRequestResponse/map.go:80.34,82.2 1 1
github.com/moov-io/wire20022/pkg/models/ReturnRequestResponse/map.go:83.34,85.2 1 1
github.com/moov-io/wire20022/pkg/models/ReturnRequestResponse/map.go:86.34,88.2 1 1
