mode: atomic
github.com/moov-io/wire20022/cmd/wire20022/main.go:7.14,13.2 0 0
github.com/moov-io/wire20022/internal/server/server.go:25.55,34.11 4 0
github.com/moov-io/wire20022/internal/server/server.go:34.11,36.3 1 0
github.com/moov-io/wire20022/internal/server/server.go:38.2,38.16 1 0
github.com/moov-io/wire20022/internal/server/server.go:38.16,41.3 2 0
github.com/moov-io/wire20022/internal/server/server.go:44.42,46.12 2 0
github.com/moov-io/wire20022/internal/server/server.go:46.12,50.3 3 0
github.com/moov-io/wire20022/internal/server/server.go:52.2,52.13 1 0
github.com/moov-io/wire20022/internal/server/server.go:55.74,56.46 1 0
github.com/moov-io/wire20022/internal/server/server.go:56.46,59.3 1 0
github.com/moov-io/wire20022/internal/server/server.go:62.134,80.12 2 0
github.com/moov-io/wire20022/internal/server/server.go:80.12,82.48 2 0
github.com/moov-io/wire20022/internal/server/server.go:82.48,84.4 1 0
github.com/moov-io/wire20022/internal/server/server.go:87.2,87.27 1 0
github.com/moov-io/wire20022/internal/server/server.go:87.27,88.56 1 0
github.com/moov-io/wire20022/internal/server/server.go:88.56,91.4 1 0
github.com/moov-io/wire20022/internal/server/server.go:94.2,94.30 1 0
github.com/moov-io/wire20022/internal/server/server.go:97.93,100.56 2 0
github.com/moov-io/wire20022/internal/server/server.go:100.56,102.3 1 0
github.com/moov-io/wire20022/internal/server/server.go:103.2,104.12 2 0
github.com/moov-io/wire20022/internal/server/server.go:104.12,106.46 2 0
github.com/moov-io/wire20022/internal/server/server.go:106.46,108.4 1 0
github.com/moov-io/wire20022/internal/server/server.go:111.2,111.20 1 0
github.com/moov-io/wire20022/pkg/base/factory.go:19.104,25.2 1 8
github.com/moov-io/wire20022/pkg/base/factory.go:32.3,36.2 3 8
github.com/moov-io/wire20022/pkg/base/factory.go:39.101,42.47 2 4
github.com/moov-io/wire20022/pkg/base/factory.go:42.47,43.54 1 5
github.com/moov-io/wire20022/pkg/base/factory.go:43.54,44.60 1 5
github.com/moov-io/wire20022/pkg/base/factory.go:44.60,49.51 3 5
github.com/moov-io/wire20022/pkg/base/factory.go:49.51,52.59 2 5
github.com/moov-io/wire20022/pkg/base/factory.go:52.59,54.7 1 4
github.com/moov-io/wire20022/pkg/base/factory.go:54.12,57.7 1 1
github.com/moov-io/wire20022/pkg/base/factory.go:58.6,58.16 1 5
github.com/moov-io/wire20022/pkg/base/factory.go:64.2,64.15 1 4
github.com/moov-io/wire20022/pkg/base/factory.go:68.71,70.33 2 3
github.com/moov-io/wire20022/pkg/base/factory.go:70.33,72.3 1 3
github.com/moov-io/wire20022/pkg/base/factory.go:73.2,73.15 1 3
github.com/moov-io/wire20022/pkg/base/factory.go:77.73,79.35 2 3
github.com/moov-io/wire20022/pkg/base/factory.go:79.35,81.3 1 3
github.com/moov-io/wire20022/pkg/base/factory.go:82.2,82.15 1 3
github.com/moov-io/wire20022/pkg/base/factory.go:91.56,93.36 2 4
github.com/moov-io/wire20022/pkg/base/factory.go:93.36,95.3 1 3
github.com/moov-io/wire20022/pkg/base/factory.go:97.2,98.53 2 4
github.com/moov-io/wire20022/pkg/base/factory.go:98.53,101.3 2 2
github.com/moov-io/wire20022/pkg/base/factory.go:114.35,117.36 2 2
github.com/moov-io/wire20022/pkg/base/factory.go:117.36,119.3 1 2
github.com/moov-io/wire20022/pkg/base/factory.go:121.2,121.16 1 2
github.com/moov-io/wire20022/pkg/base/helpers.go:10.43,18.3 1 5
github.com/moov-io/wire20022/pkg/base/helpers.go:19.49,26.3 1 5
github.com/moov-io/wire20022/pkg/base/helpers.go:27.54,34.3 1 4
github.com/moov-io/wire20022/pkg/base/helpers.go:35.50,42.3 1 4
github.com/moov-io/wire20022/pkg/base/helpers.go:43.55,50.3 1 4
github.com/moov-io/wire20022/pkg/base/helpers.go:51.50,57.3 1 4
github.com/moov-io/wire20022/pkg/base/helpers.go:58.49,64.3 1 4
github.com/moov-io/wire20022/pkg/base/helpers.go:65.45,71.3 1 4
github.com/moov-io/wire20022/pkg/base/helpers.go:72.47,78.3 1 4
github.com/moov-io/wire20022/pkg/base/helpers.go:79.53,85.3 1 2
github.com/moov-io/wire20022/pkg/base/helpers.go:95.57,100.2 1 2
github.com/moov-io/wire20022/pkg/base/helpers.go:111.55,118.2 1 1
github.com/moov-io/wire20022/pkg/base/helpers.go:129.37,136.2 1 1
github.com/moov-io/wire20022/pkg/base/helpers.go:150.41,188.2 1 1
github.com/moov-io/wire20022/pkg/base/processor.go:27.27,34.2 1 7
github.com/moov-io/wire20022/pkg/base/processor.go:37.73,41.16 3 2
github.com/moov-io/wire20022/pkg/base/processor.go:41.16,43.3 1 1
github.com/moov-io/wire20022/pkg/base/processor.go:45.2,46.13 2 1
github.com/moov-io/wire20022/pkg/base/processor.go:46.13,49.3 1 0
github.com/moov-io/wire20022/pkg/base/processor.go:51.2,52.13 2 1
github.com/moov-io/wire20022/pkg/base/processor.go:52.13,55.3 1 1
github.com/moov-io/wire20022/pkg/base/processor.go:57.2,59.48 2 0
github.com/moov-io/wire20022/pkg/base/processor.go:59.48,61.3 1 0
github.com/moov-io/wire20022/pkg/base/processor.go:64.2,64.57 1 0
github.com/moov-io/wire20022/pkg/base/processor.go:64.57,66.3 1 0
github.com/moov-io/wire20022/pkg/base/processor.go:68.2,68.20 1 0
github.com/moov-io/wire20022/pkg/base/processor.go:72.99,74.13 2 2
github.com/moov-io/wire20022/pkg/base/processor.go:74.13,76.3 1 1
github.com/moov-io/wire20022/pkg/base/processor.go:79.2,80.43 2 1
github.com/moov-io/wire20022/pkg/base/processor.go:80.43,81.21 1 1
github.com/moov-io/wire20022/pkg/base/processor.go:81.21,83.9 2 1
github.com/moov-io/wire20022/pkg/base/processor.go:87.2,88.13 2 1
github.com/moov-io/wire20022/pkg/base/processor.go:88.13,90.3 1 1
github.com/moov-io/wire20022/pkg/base/processor.go:92.2,95.48 3 0
github.com/moov-io/wire20022/pkg/base/processor.go:95.48,96.98 1 0
github.com/moov-io/wire20022/pkg/base/processor.go:96.98,98.4 1 0
github.com/moov-io/wire20022/pkg/base/processor.go:101.2,101.17 1 0
github.com/moov-io/wire20022/pkg/base/processor.go:105.72,108.2 2 2
github.com/moov-io/wire20022/pkg/base/processor.go:116.60,118.38 2 6
github.com/moov-io/wire20022/pkg/base/processor.go:118.38,120.3 1 1
github.com/moov-io/wire20022/pkg/base/processor.go:122.2,122.45 1 6
github.com/moov-io/wire20022/pkg/base/processor.go:122.45,124.60 2 8
github.com/moov-io/wire20022/pkg/base/processor.go:124.60,126.4 1 3
github.com/moov-io/wire20022/pkg/base/processor.go:128.2,128.12 1 3
github.com/moov-io/wire20022/pkg/base/processor.go:132.51,134.2 1 2
github.com/moov-io/wire20022/pkg/base/processor.go:136.63,138.2 1 1
github.com/moov-io/wire20022/pkg/base/processor.go:140.51,142.2 1 1
github.com/moov-io/wire20022/pkg/errors/constructors.go:12.64,17.2 1 14
github.com/moov-io/wire20022/pkg/errors/constructors.go:25.86,31.2 1 2
github.com/moov-io/wire20022/pkg/errors/constructors.go:40.72,46.2 1 2
github.com/moov-io/wire20022/pkg/errors/constructors.go:55.69,60.2 1 2
github.com/moov-io/wire20022/pkg/errors/constructors.go:69.69,75.2 1 3
github.com/moov-io/wire20022/pkg/errors/constructors.go:84.59,90.2 1 6
github.com/moov-io/wire20022/pkg/errors/constructors.go:99.66,105.2 1 8
github.com/moov-io/wire20022/pkg/errors/constructors.go:114.78,120.2 1 1
github.com/moov-io/wire20022/pkg/errors/errors.go:34.42,35.18 1 16
github.com/moov-io/wire20022/pkg/errors/errors.go:35.18,37.3 1 11
github.com/moov-io/wire20022/pkg/errors/errors.go:38.2,38.77 1 5
github.com/moov-io/wire20022/pkg/errors/errors.go:42.42,44.2 1 10
github.com/moov-io/wire20022/pkg/errors/errors.go:47.49,48.61 1 19
github.com/moov-io/wire20022/pkg/errors/errors.go:48.61,50.3 1 9
github.com/moov-io/wire20022/pkg/errors/errors.go:51.2,51.14 1 10
github.com/moov-io/wire20022/pkg/errors/errors.go:63.37,64.21 1 4
github.com/moov-io/wire20022/pkg/errors/errors.go:64.21,66.3 1 2
github.com/moov-io/wire20022/pkg/errors/errors.go:67.2,67.57 1 2
github.com/moov-io/wire20022/pkg/errors/errors.go:71.37,73.2 1 2
github.com/moov-io/wire20022/pkg/errors/errors.go:76.44,77.57 1 8
github.com/moov-io/wire20022/pkg/errors/errors.go:77.57,79.3 1 5
github.com/moov-io/wire20022/pkg/errors/errors.go:80.2,80.14 1 3
github.com/moov-io/wire20022/pkg/errors/errors.go:92.37,94.2 1 2
github.com/moov-io/wire20022/pkg/errors/errors.go:97.37,99.2 1 4
github.com/moov-io/wire20022/pkg/errors/errors.go:102.44,103.65 1 9
github.com/moov-io/wire20022/pkg/errors/errors.go:103.65,105.3 1 5
github.com/moov-io/wire20022/pkg/errors/errors.go:106.2,106.14 1 4
github.com/moov-io/wire20022/pkg/errors/errors.go:119.41,121.2 1 4
github.com/moov-io/wire20022/pkg/errors/errors.go:131.46,133.2 1 1
github.com/moov-io/wire20022/pkg/errors/errors.go:143.58,144.16 1 2
github.com/moov-io/wire20022/pkg/errors/errors.go:144.16,146.3 1 1
github.com/moov-io/wire20022/pkg/errors/errors.go:147.2,147.12 1 1
github.com/moov-io/wire20022/pkg/errors/errors.go:159.59,160.18 1 4
github.com/moov-io/wire20022/pkg/errors/errors.go:160.18,162.3 1 1
github.com/moov-io/wire20022/pkg/errors/errors.go:165.2,166.18 2 3
github.com/moov-io/wire20022/pkg/errors/errors.go:167.94,168.16 1 1
github.com/moov-io/wire20022/pkg/errors/errors.go:168.16,170.4 1 1
github.com/moov-io/wire20022/pkg/errors/errors.go:175.25,175.25 0 2
github.com/moov-io/wire20022/pkg/errors/errors.go:179.2,179.12 1 2
github.com/moov-io/wire20022/pkg/errors/validation.go:25.48,26.20 1 12
github.com/moov-io/wire20022/pkg/errors/validation.go:26.20,28.3 1 4
github.com/moov-io/wire20022/pkg/errors/validation.go:29.2,29.20 1 8
github.com/moov-io/wire20022/pkg/errors/validation.go:29.20,31.3 1 2
github.com/moov-io/wire20022/pkg/errors/validation.go:32.2,32.29 1 6
github.com/moov-io/wire20022/pkg/errors/validation.go:56.62,60.2 1 9
github.com/moov-io/wire20022/pkg/errors/validation.go:64.51,65.16 1 17
github.com/moov-io/wire20022/pkg/errors/validation.go:65.16,67.3 1 16
github.com/moov-io/wire20022/pkg/errors/validation.go:71.72,73.2 1 1
github.com/moov-io/wire20022/pkg/errors/validation.go:76.67,78.2 1 5
github.com/moov-io/wire20022/pkg/errors/validation.go:81.74,83.2 1 6
github.com/moov-io/wire20022/pkg/errors/validation.go:86.53,88.2 1 5
github.com/moov-io/wire20022/pkg/errors/validation.go:91.48,93.2 1 5
github.com/moov-io/wire20022/pkg/errors/validation.go:97.50,99.2 1 8
github.com/moov-io/wire20022/pkg/errors/validation.go:102.53,103.24 1 5
github.com/moov-io/wire20022/pkg/errors/validation.go:103.24,105.3 1 1
github.com/moov-io/wire20022/pkg/errors/validation.go:106.2,108.15 3 4
github.com/moov-io/wire20022/pkg/models/DrawdownResponse/Message.go:43.13,49.39 1 1
github.com/moov-io/wire20022/pkg/models/DrawdownResponse/Message.go:49.39,51.5 1 3
github.com/moov-io/wire20022/pkg/models/DrawdownResponse/Message.go:56.39,58.5 1 3
github.com/moov-io/wire20022/pkg/models/DrawdownResponse/Message.go:63.39,65.5 1 3
github.com/moov-io/wire20022/pkg/models/DrawdownResponse/Message.go:70.39,72.5 1 3
github.com/moov-io/wire20022/pkg/models/DrawdownResponse/Message.go:77.39,79.5 1 3
github.com/moov-io/wire20022/pkg/models/DrawdownResponse/Message.go:84.39,86.5 1 3
github.com/moov-io/wire20022/pkg/models/DrawdownResponse/Message.go:91.39,93.5 1 4
github.com/moov-io/wire20022/pkg/models/DrawdownResponse/Message.go:98.39,100.5 1 3
github.com/moov-io/wire20022/pkg/models/DrawdownResponse/Message.go:105.39,107.5 1 3
github.com/moov-io/wire20022/pkg/models/DrawdownResponse/Message.go:112.39,114.5 1 3
github.com/moov-io/wire20022/pkg/models/DrawdownResponse/Message.go:118.2,126.3 2 1
github.com/moov-io/wire20022/pkg/models/DrawdownResponse/Message.go:130.51,132.16 2 0
github.com/moov-io/wire20022/pkg/models/DrawdownResponse/Message.go:132.16,134.3 1 0
github.com/moov-io/wire20022/pkg/models/DrawdownResponse/Message.go:136.2,137.16 2 0
github.com/moov-io/wire20022/pkg/models/DrawdownResponse/Message.go:137.16,139.3 1 0
github.com/moov-io/wire20022/pkg/models/DrawdownResponse/Message.go:141.2,142.12 2 0
github.com/moov-io/wire20022/pkg/models/DrawdownResponse/Message.go:167.85,170.22 2 0
github.com/moov-io/wire20022/pkg/models/DrawdownResponse/Message.go:170.22,172.3 1 0
github.com/moov-io/wire20022/pkg/models/DrawdownResponse/Message.go:175.2,176.16 2 0
github.com/moov-io/wire20022/pkg/models/DrawdownResponse/Message.go:176.16,178.3 1 0
github.com/moov-io/wire20022/pkg/models/DrawdownResponse/Message.go:181.2,185.55 3 0
github.com/moov-io/wire20022/pkg/models/DrawdownResponse/Message.go:185.55,187.3 1 0
github.com/moov-io/wire20022/pkg/models/DrawdownResponse/Message.go:190.2,190.44 1 0
github.com/moov-io/wire20022/pkg/models/DrawdownResponse/Message.go:190.44,192.3 1 0
github.com/moov-io/wire20022/pkg/models/DrawdownResponse/Message.go:194.2,194.24 1 0
github.com/moov-io/wire20022/pkg/models/DrawdownResponse/Message.go:204.51,206.16 2 11
github.com/moov-io/wire20022/pkg/models/DrawdownResponse/Message.go:206.16,208.3 1 0
github.com/moov-io/wire20022/pkg/models/DrawdownResponse/Message.go:209.2,209.20 1 11
github.com/moov-io/wire20022/pkg/models/DrawdownResponse/Message.go:231.97,233.64 1 30
github.com/moov-io/wire20022/pkg/models/DrawdownResponse/Message.go:233.64,235.3 1 10
github.com/moov-io/wire20022/pkg/models/DrawdownResponse/Message.go:236.2,236.49 1 20
github.com/moov-io/wire20022/pkg/models/DrawdownResponse/Message.go:240.52,242.2 1 0
github.com/moov-io/wire20022/pkg/models/DrawdownResponse/MessageHelper.go:13.75,46.2 1 0
github.com/moov-io/wire20022/pkg/models/DrawdownResponse/MessageHelper.go:61.41,104.2 1 0
github.com/moov-io/wire20022/pkg/models/DrawdownResponse/map.go:3.33,5.2 1 1
github.com/moov-io/wire20022/pkg/models/DrawdownResponse/map.go:6.33,8.2 1 1
github.com/moov-io/wire20022/pkg/models/DrawdownResponse/map.go:9.33,11.2 1 1
github.com/moov-io/wire20022/pkg/models/DrawdownResponse/map.go:12.33,14.2 1 1
github.com/moov-io/wire20022/pkg/models/DrawdownResponse/map.go:15.33,17.2 1 1
github.com/moov-io/wire20022/pkg/models/DrawdownResponse/map.go:18.33,42.2 1 6
github.com/moov-io/wire20022/pkg/models/DrawdownResponse/map.go:43.33,69.2 1 4
github.com/moov-io/wire20022/pkg/models/DrawdownResponse/map.go:70.33,72.2 1 1
github.com/moov-io/wire20022/pkg/models/DrawdownResponse/map.go:73.33,75.2 1 1
github.com/moov-io/wire20022/pkg/models/DrawdownResponse/map.go:76.34,78.2 1 1
github.com/moov-io/wire20022/pkg/models/ConnectionCheck/Message.go:23.51,25.16 2 0
github.com/moov-io/wire20022/pkg/models/ConnectionCheck/Message.go:25.16,27.3 1 0
github.com/moov-io/wire20022/pkg/models/ConnectionCheck/Message.go:29.2,30.16 2 0
github.com/moov-io/wire20022/pkg/models/ConnectionCheck/Message.go:30.16,32.3 1 0
github.com/moov-io/wire20022/pkg/models/ConnectionCheck/Message.go:34.2,35.12 2 0
github.com/moov-io/wire20022/pkg/models/ConnectionCheck/Message.go:60.85,63.22 2 0
github.com/moov-io/wire20022/pkg/models/ConnectionCheck/Message.go:63.22,65.3 1 0
github.com/moov-io/wire20022/pkg/models/ConnectionCheck/Message.go:68.2,69.16 2 0
github.com/moov-io/wire20022/pkg/models/ConnectionCheck/Message.go:69.16,71.3 1 0
github.com/moov-io/wire20022/pkg/models/ConnectionCheck/Message.go:74.2,78.55 3 0
github.com/moov-io/wire20022/pkg/models/ConnectionCheck/Message.go:78.55,80.3 1 0
github.com/moov-io/wire20022/pkg/models/ConnectionCheck/Message.go:83.2,83.44 1 0
github.com/moov-io/wire20022/pkg/models/ConnectionCheck/Message.go:83.44,85.3 1 0
github.com/moov-io/wire20022/pkg/models/ConnectionCheck/Message.go:87.2,87.24 1 0
github.com/moov-io/wire20022/pkg/models/ConnectionCheck/Message.go:94.13,100.39 1 1
github.com/moov-io/wire20022/pkg/models/ConnectionCheck/Message.go:100.39,102.5 1 3
github.com/moov-io/wire20022/pkg/models/ConnectionCheck/Message.go:107.39,109.5 1 5
github.com/moov-io/wire20022/pkg/models/ConnectionCheck/Message.go:113.2,121.3 2 1
github.com/moov-io/wire20022/pkg/models/ConnectionCheck/Message.go:130.51,132.16 2 3
github.com/moov-io/wire20022/pkg/models/ConnectionCheck/Message.go:132.16,134.3 1 0
github.com/moov-io/wire20022/pkg/models/ConnectionCheck/Message.go:135.2,135.20 1 3
github.com/moov-io/wire20022/pkg/models/ConnectionCheck/Message.go:157.97,159.64 1 7
github.com/moov-io/wire20022/pkg/models/ConnectionCheck/Message.go:159.64,161.3 1 2
github.com/moov-io/wire20022/pkg/models/ConnectionCheck/Message.go:162.2,162.49 1 5
github.com/moov-io/wire20022/pkg/models/ConnectionCheck/Message.go:166.52,168.2 1 0
github.com/moov-io/wire20022/pkg/models/ConnectionCheck/MessageHelper.go:11.41,32.2 1 6
github.com/moov-io/wire20022/pkg/models/ConnectionCheck/map.go:3.33,9.2 1 1
github.com/moov-io/wire20022/pkg/models/ConnectionCheck/map.go:11.33,17.2 1 1
github.com/moov-io/wire20022/pkg/messages/AccountReportingRequest.go:14.60,20.15 1 4
github.com/moov-io/wire20022/pkg/messages/AccountReportingRequest.go:20.15,20.75 1 2
github.com/moov-io/wire20022/pkg/messages/AccountReportingRequest.go:21.73,23.19 2 0
github.com/moov-io/wire20022/pkg/messages/AccountReportingRequest.go:23.19,25.6 1 0
github.com/moov-io/wire20022/pkg/messages/AccountReportingRequest.go:26.5,26.21 1 0
github.com/moov-io/wire20022/pkg/messages/ActivityReport.go:14.42,20.15 1 4
github.com/moov-io/wire20022/pkg/messages/ActivityReport.go:20.15,20.66 1 0
github.com/moov-io/wire20022/pkg/messages/ActivityReport.go:21.64,23.19 2 0
github.com/moov-io/wire20022/pkg/messages/ActivityReport.go:23.19,25.6 1 0
github.com/moov-io/wire20022/pkg/messages/ActivityReport.go:26.5,26.21 1 0
github.com/moov-io/wire20022/pkg/messages/ConnectionCheck.go:14.44,20.15 1 1
github.com/moov-io/wire20022/pkg/messages/ConnectionCheck.go:20.15,20.67 1 0
github.com/moov-io/wire20022/pkg/messages/ConnectionCheck.go:21.65,23.19 2 0
github.com/moov-io/wire20022/pkg/messages/ConnectionCheck.go:23.19,25.6 1 0
github.com/moov-io/wire20022/pkg/messages/ConnectionCheck.go:26.5,26.21 1 0
github.com/moov-io/wire20022/pkg/messages/CustomerCreditTransfer.go:14.58,20.15 1 4
github.com/moov-io/wire20022/pkg/messages/CustomerCreditTransfer.go:20.15,20.74 1 0
github.com/moov-io/wire20022/pkg/messages/CustomerCreditTransfer.go:21.72,23.19 2 0
github.com/moov-io/wire20022/pkg/messages/CustomerCreditTransfer.go:23.19,25.6 1 0
github.com/moov-io/wire20022/pkg/messages/CustomerCreditTransfer.go:26.5,26.21 1 0
github.com/moov-io/wire20022/pkg/messages/DrawdownRequest.go:14.44,20.15 1 1
github.com/moov-io/wire20022/pkg/messages/DrawdownRequest.go:20.15,20.67 1 0
github.com/moov-io/wire20022/pkg/messages/DrawdownRequest.go:21.65,23.19 2 0
github.com/moov-io/wire20022/pkg/messages/DrawdownRequest.go:23.19,25.6 1 0
github.com/moov-io/wire20022/pkg/messages/DrawdownRequest.go:26.5,26.21 1 0
github.com/moov-io/wire20022/pkg/messages/DrawdownResponse.go:14.46,20.15 1 1
github.com/moov-io/wire20022/pkg/messages/DrawdownResponse.go:20.15,20.68 1 0
github.com/moov-io/wire20022/pkg/messages/DrawdownResponse.go:21.66,23.19 2 0
github.com/moov-io/wire20022/pkg/messages/DrawdownResponse.go:23.19,25.6 1 0
github.com/moov-io/wire20022/pkg/messages/DrawdownResponse.go:26.5,26.21 1 0
github.com/moov-io/wire20022/pkg/messages/EndpointDetailsReport.go:14.56,20.15 1 1
github.com/moov-io/wire20022/pkg/messages/EndpointDetailsReport.go:20.15,20.73 1 0
github.com/moov-io/wire20022/pkg/messages/EndpointDetailsReport.go:21.71,23.19 2 0
github.com/moov-io/wire20022/pkg/messages/EndpointDetailsReport.go:23.19,25.6 1 0
github.com/moov-io/wire20022/pkg/messages/EndpointDetailsReport.go:26.5,26.21 1 0
github.com/moov-io/wire20022/pkg/messages/EndpointGapReport.go:14.48,20.15 1 1
github.com/moov-io/wire20022/pkg/messages/EndpointGapReport.go:20.15,20.69 1 0
github.com/moov-io/wire20022/pkg/messages/EndpointGapReport.go:21.67,23.19 2 0
github.com/moov-io/wire20022/pkg/messages/EndpointGapReport.go:23.19,25.6 1 0
github.com/moov-io/wire20022/pkg/messages/EndpointGapReport.go:26.5,26.21 1 0
github.com/moov-io/wire20022/pkg/messages/EndpointTotalsReport.go:14.54,20.15 1 1
github.com/moov-io/wire20022/pkg/messages/EndpointTotalsReport.go:20.15,20.72 1 0
github.com/moov-io/wire20022/pkg/messages/EndpointTotalsReport.go:21.70,23.19 2 0
github.com/moov-io/wire20022/pkg/messages/EndpointTotalsReport.go:23.19,25.6 1 0
github.com/moov-io/wire20022/pkg/messages/EndpointTotalsReport.go:26.5,26.21 1 0
github.com/moov-io/wire20022/pkg/messages/FedwireFundsAcknowledgement.go:14.68,20.15 1 1
github.com/moov-io/wire20022/pkg/messages/FedwireFundsAcknowledgement.go:20.15,20.79 1 0
github.com/moov-io/wire20022/pkg/messages/FedwireFundsAcknowledgement.go:21.77,23.19 2 0
github.com/moov-io/wire20022/pkg/messages/FedwireFundsAcknowledgement.go:23.19,25.6 1 0
github.com/moov-io/wire20022/pkg/messages/FedwireFundsAcknowledgement.go:26.5,26.21 1 0
github.com/moov-io/wire20022/pkg/messages/FedwireFundsPaymentStatus.go:14.64,20.15 1 1
github.com/moov-io/wire20022/pkg/messages/FedwireFundsPaymentStatus.go:20.15,20.77 1 0
github.com/moov-io/wire20022/pkg/messages/FedwireFundsPaymentStatus.go:21.75,23.19 2 0
github.com/moov-io/wire20022/pkg/messages/FedwireFundsPaymentStatus.go:23.19,25.6 1 0
github.com/moov-io/wire20022/pkg/messages/FedwireFundsPaymentStatus.go:26.5,26.21 1 0
github.com/moov-io/wire20022/pkg/messages/FedwireFundsSystemResponse.go:14.66,20.15 1 1
github.com/moov-io/wire20022/pkg/messages/FedwireFundsSystemResponse.go:20.15,20.78 1 0
github.com/moov-io/wire20022/pkg/messages/FedwireFundsSystemResponse.go:21.76,23.19 2 0
github.com/moov-io/wire20022/pkg/messages/FedwireFundsSystemResponse.go:23.19,25.6 1 0
github.com/moov-io/wire20022/pkg/messages/FedwireFundsSystemResponse.go:26.5,26.21 1 0
github.com/moov-io/wire20022/pkg/messages/Master.go:14.26,20.15 1 1
github.com/moov-io/wire20022/pkg/messages/Master.go:20.15,20.58 1 0
github.com/moov-io/wire20022/pkg/messages/Master.go:21.56,23.19 2 0
github.com/moov-io/wire20022/pkg/messages/Master.go:23.19,25.6 1 0
github.com/moov-io/wire20022/pkg/messages/Master.go:26.5,26.21 1 0
github.com/moov-io/wire20022/pkg/messages/PaymentReturn.go:14.40,20.15 1 2
github.com/moov-io/wire20022/pkg/messages/PaymentReturn.go:20.15,20.65 1 0
github.com/moov-io/wire20022/pkg/messages/PaymentReturn.go:21.63,23.19 2 0
github.com/moov-io/wire20022/pkg/messages/PaymentReturn.go:23.19,25.6 1 0
github.com/moov-io/wire20022/pkg/messages/PaymentReturn.go:26.5,26.21 1 0
github.com/moov-io/wire20022/pkg/messages/PaymentStatusRequest.go:14.54,20.15 1 1
github.com/moov-io/wire20022/pkg/messages/PaymentStatusRequest.go:20.15,20.72 1 0
github.com/moov-io/wire20022/pkg/messages/PaymentStatusRequest.go:21.70,23.19 2 0
github.com/moov-io/wire20022/pkg/messages/PaymentStatusRequest.go:23.19,25.6 1 0
github.com/moov-io/wire20022/pkg/messages/PaymentStatusRequest.go:26.5,26.21 1 0
github.com/moov-io/wire20022/pkg/messages/ReturnRequestResponse.go:14.56,20.15 1 1
github.com/moov-io/wire20022/pkg/messages/ReturnRequestResponse.go:20.15,20.73 1 0
github.com/moov-io/wire20022/pkg/messages/ReturnRequestResponse.go:21.71,23.19 2 0
github.com/moov-io/wire20022/pkg/messages/ReturnRequestResponse.go:23.19,25.6 1 0
github.com/moov-io/wire20022/pkg/messages/ReturnRequestResponse.go:26.5,26.21 1 0
github.com/moov-io/wire20022/pkg/messages/processor.go:29.25,37.2 1 26
github.com/moov-io/wire20022/pkg/messages/processor.go:40.92,43.58 2 4
github.com/moov-io/wire20022/pkg/messages/processor.go:43.58,45.3 1 0
github.com/moov-io/wire20022/pkg/messages/processor.go:48.2,49.16 2 4
github.com/moov-io/wire20022/pkg/messages/processor.go:49.16,51.3 1 0
github.com/moov-io/wire20022/pkg/messages/processor.go:54.2,55.16 2 4
github.com/moov-io/wire20022/pkg/messages/processor.go:55.16,57.3 1 0
github.com/moov-io/wire20022/pkg/messages/processor.go:59.2,59.21 1 4
github.com/moov-io/wire20022/pkg/messages/processor.go:63.84,66.66 2 4
github.com/moov-io/wire20022/pkg/messages/processor.go:66.66,68.3 1 0
github.com/moov-io/wire20022/pkg/messages/processor.go:71.2,72.16 2 4
github.com/moov-io/wire20022/pkg/messages/processor.go:72.16,74.3 1 3
github.com/moov-io/wire20022/pkg/messages/processor.go:76.2,76.12 1 1
github.com/moov-io/wire20022/pkg/messages/processor.go:80.56,81.29 1 0
github.com/moov-io/wire20022/pkg/messages/processor.go:81.29,83.3 1 0
github.com/moov-io/wire20022/pkg/messages/processor.go:85.2,85.32 1 0
github.com/moov-io/wire20022/pkg/messages/processor.go:89.77,92.27 2 0
github.com/moov-io/wire20022/pkg/messages/processor.go:92.27,94.3 1 0
github.com/moov-io/wire20022/pkg/messages/processor.go:97.2,98.16 2 0
github.com/moov-io/wire20022/pkg/messages/processor.go:98.16,100.3 1 0
github.com/moov-io/wire20022/pkg/messages/processor.go:103.2,103.29 1 0
github.com/moov-io/wire20022/pkg/messages/processor.go:103.29,104.49 1 0
github.com/moov-io/wire20022/pkg/messages/processor.go:104.49,106.4 1 0
github.com/moov-io/wire20022/pkg/messages/processor.go:109.2,109.19 1 0
github.com/moov-io/wire20022/pkg/messages/processor.go:113.58,114.26 1 2
github.com/moov-io/wire20022/pkg/messages/processor.go:114.26,116.3 1 0
github.com/moov-io/wire20022/pkg/messages/processor.go:118.2,120.16 3 2
github.com/moov-io/wire20022/pkg/messages/processor.go:120.16,122.3 1 0
github.com/moov-io/wire20022/pkg/messages/processor.go:124.2,124.30 1 2
github.com/moov-io/wire20022/pkg/models/AccountReportingRequest/Message.go:33.51,35.16 2 0
github.com/moov-io/wire20022/pkg/models/AccountReportingRequest/Message.go:35.16,37.3 1 0
github.com/moov-io/wire20022/pkg/models/AccountReportingRequest/Message.go:39.2,40.16 2 0
github.com/moov-io/wire20022/pkg/models/AccountReportingRequest/Message.go:40.16,42.3 1 0
github.com/moov-io/wire20022/pkg/models/AccountReportingRequest/Message.go:44.2,45.12 2 0
github.com/moov-io/wire20022/pkg/models/AccountReportingRequest/Message.go:70.85,73.22 2 5
github.com/moov-io/wire20022/pkg/models/AccountReportingRequest/Message.go:73.22,75.3 1 5
github.com/moov-io/wire20022/pkg/models/AccountReportingRequest/Message.go:78.2,79.16 2 5
github.com/moov-io/wire20022/pkg/models/AccountReportingRequest/Message.go:79.16,81.3 1 5
github.com/moov-io/wire20022/pkg/models/AccountReportingRequest/Message.go:84.2,88.55 3 0
github.com/moov-io/wire20022/pkg/models/AccountReportingRequest/Message.go:88.55,90.3 1 0
github.com/moov-io/wire20022/pkg/models/AccountReportingRequest/Message.go:93.2,93.44 1 0
github.com/moov-io/wire20022/pkg/models/AccountReportingRequest/Message.go:93.44,95.3 1 0
github.com/moov-io/wire20022/pkg/models/AccountReportingRequest/Message.go:97.2,97.24 1 0
github.com/moov-io/wire20022/pkg/models/AccountReportingRequest/Message.go:108.13,114.39 1 1
github.com/moov-io/wire20022/pkg/models/AccountReportingRequest/Message.go:114.39,116.5 1 3
github.com/moov-io/wire20022/pkg/models/AccountReportingRequest/Message.go:121.39,123.5 1 3
github.com/moov-io/wire20022/pkg/models/AccountReportingRequest/Message.go:128.39,130.5 1 3
github.com/moov-io/wire20022/pkg/models/AccountReportingRequest/Message.go:135.39,137.5 1 10
github.com/moov-io/wire20022/pkg/models/AccountReportingRequest/Message.go:142.39,144.5 1 3
github.com/moov-io/wire20022/pkg/models/AccountReportingRequest/Message.go:149.39,151.5 1 3
github.com/moov-io/wire20022/pkg/models/AccountReportingRequest/Message.go:155.2,163.3 2 1
github.com/moov-io/wire20022/pkg/models/AccountReportingRequest/Message.go:168.51,170.16 2 8
github.com/moov-io/wire20022/pkg/models/AccountReportingRequest/Message.go:170.16,172.3 1 0
github.com/moov-io/wire20022/pkg/models/AccountReportingRequest/Message.go:173.2,173.20 1 8
github.com/moov-io/wire20022/pkg/models/AccountReportingRequest/Message.go:195.97,197.64 1 25
github.com/moov-io/wire20022/pkg/models/AccountReportingRequest/Message.go:197.64,199.3 1 8
github.com/moov-io/wire20022/pkg/models/AccountReportingRequest/Message.go:200.2,200.49 1 17
github.com/moov-io/wire20022/pkg/models/AccountReportingRequest/Message.go:204.52,206.2 1 2
github.com/moov-io/wire20022/pkg/models/AccountReportingRequest/MessageHelper.go:16.41,57.2 1 25
github.com/moov-io/wire20022/pkg/models/AccountReportingRequest/map.go:3.33,15.2 1 1
github.com/moov-io/wire20022/pkg/models/AccountReportingRequest/map.go:17.33,29.2 1 1
github.com/moov-io/wire20022/pkg/models/AccountReportingRequest/map.go:31.33,45.2 1 1
github.com/moov-io/wire20022/pkg/models/AccountReportingRequest/map.go:47.33,61.2 1 1
github.com/moov-io/wire20022/pkg/models/AccountReportingRequest/map.go:63.33,77.2 1 1
github.com/moov-io/wire20022/pkg/models/AccountReportingRequest/map.go:79.33,93.2 1 1
github.com/moov-io/wire20022/pkg/models/typeHelper.go:22.53,79.2 1 0
github.com/moov-io/wire20022/pkg/models/typeHelper.go:90.37,123.2 1 0
github.com/moov-io/wire20022/pkg/models/typeHelper.go:130.53,145.2 1 0
github.com/moov-io/wire20022/pkg/models/typeHelper.go:152.61,167.2 1 0
github.com/moov-io/wire20022/pkg/models/typeHelper.go:174.79,189.2 1 0
github.com/moov-io/wire20022/pkg/models/typeHelper.go:196.61,211.2 1 0
github.com/moov-io/wire20022/pkg/models/typeHelper.go:225.49,272.2 1 0
github.com/moov-io/wire20022/pkg/models/typeHelper.go:283.37,312.2 1 0
github.com/moov-io/wire20022/pkg/models/typeHelper.go:319.53,329.2 1 0
github.com/moov-io/wire20022/pkg/models/typeHelper.go:336.85,351.2 1 0
github.com/moov-io/wire20022/pkg/models/typeHelper.go:361.73,389.2 1 0
github.com/moov-io/wire20022/pkg/models/util.go:39.100,41.51 2 7
github.com/moov-io/wire20022/pkg/models/util.go:41.51,43.3 1 3
github.com/moov-io/wire20022/pkg/models/util.go:45.2,46.34 2 4
github.com/moov-io/wire20022/pkg/models/util.go:46.34,47.58 1 3
github.com/moov-io/wire20022/pkg/models/util.go:47.58,49.9 2 3
github.com/moov-io/wire20022/pkg/models/util.go:53.2,53.17 1 4
github.com/moov-io/wire20022/pkg/models/util.go:53.17,55.3 1 1
github.com/moov-io/wire20022/pkg/models/util.go:58.2,59.9 2 3
github.com/moov-io/wire20022/pkg/models/util.go:59.9,61.3 1 1
github.com/moov-io/wire20022/pkg/models/util.go:64.2,65.49 2 2
github.com/moov-io/wire20022/pkg/models/util.go:65.49,67.3 1 0
github.com/moov-io/wire20022/pkg/models/util.go:69.2,69.24 1 2
github.com/moov-io/wire20022/pkg/models/util.go:75.67,76.17 1 23
github.com/moov-io/wire20022/pkg/models/util.go:76.17,78.3 1 1
github.com/moov-io/wire20022/pkg/models/util.go:79.2,79.16 1 22
github.com/moov-io/wire20022/pkg/models/util.go:79.16,81.3 1 1
github.com/moov-io/wire20022/pkg/models/util.go:83.2,86.29 2 21
github.com/moov-io/wire20022/pkg/models/util.go:86.29,88.3 1 21
github.com/moov-io/wire20022/pkg/models/util.go:91.2,91.32 1 21
github.com/moov-io/wire20022/pkg/models/util.go:91.32,93.3 1 0
github.com/moov-io/wire20022/pkg/models/util.go:96.2,97.35 2 21
github.com/moov-io/wire20022/pkg/models/util.go:97.35,102.21 3 42
github.com/moov-io/wire20022/pkg/models/util.go:102.21,105.18 3 10
github.com/moov-io/wire20022/pkg/models/util.go:105.18,107.5 1 0
github.com/moov-io/wire20022/pkg/models/util.go:108.4,108.31 1 10
github.com/moov-io/wire20022/pkg/models/util.go:108.31,110.5 1 0
github.com/moov-io/wire20022/pkg/models/util.go:112.4,112.28 1 10
github.com/moov-io/wire20022/pkg/models/util.go:112.28,114.5 1 0
github.com/moov-io/wire20022/pkg/models/util.go:115.4,116.20 2 10
github.com/moov-io/wire20022/pkg/models/util.go:116.20,118.5 1 0
github.com/moov-io/wire20022/pkg/models/util.go:119.4,119.62 1 10
github.com/moov-io/wire20022/pkg/models/util.go:119.62,121.5 1 1
github.com/moov-io/wire20022/pkg/models/util.go:124.4,124.37 1 9
github.com/moov-io/wire20022/pkg/models/util.go:124.37,126.5 1 1
github.com/moov-io/wire20022/pkg/models/util.go:129.4,129.22 1 8
github.com/moov-io/wire20022/pkg/models/util.go:130.9,132.31 1 32
github.com/moov-io/wire20022/pkg/models/util.go:132.31,134.5 1 3
github.com/moov-io/wire20022/pkg/models/util.go:135.4,135.34 1 32
github.com/moov-io/wire20022/pkg/models/util.go:135.34,137.5 1 1
github.com/moov-io/wire20022/pkg/models/util.go:138.4,138.28 1 31
github.com/moov-io/wire20022/pkg/models/util.go:138.28,140.5 1 0
github.com/moov-io/wire20022/pkg/models/util.go:141.4,142.20 2 31
github.com/moov-io/wire20022/pkg/models/util.go:142.20,144.5 1 4
github.com/moov-io/wire20022/pkg/models/util.go:147.2,147.29 1 14
github.com/moov-io/wire20022/pkg/models/util.go:147.29,149.3 1 0
github.com/moov-io/wire20022/pkg/models/util.go:150.2,150.26 1 14
github.com/moov-io/wire20022/pkg/models/util.go:150.26,152.3 1 0
github.com/moov-io/wire20022/pkg/models/util.go:153.2,153.37 1 14
github.com/moov-io/wire20022/pkg/models/util.go:155.64,157.2 1 3
github.com/moov-io/wire20022/pkg/models/util.go:158.67,159.31 1 14
github.com/moov-io/wire20022/pkg/models/util.go:159.31,161.3 1 2
github.com/moov-io/wire20022/pkg/models/util.go:162.2,164.66 2 12
github.com/moov-io/wire20022/pkg/models/util.go:164.66,166.3 1 1
github.com/moov-io/wire20022/pkg/models/util.go:168.2,170.39 3 11
github.com/moov-io/wire20022/pkg/models/util.go:170.39,173.21 3 11
github.com/moov-io/wire20022/pkg/models/util.go:173.21,176.18 3 3
github.com/moov-io/wire20022/pkg/models/util.go:176.18,178.5 1 0
github.com/moov-io/wire20022/pkg/models/util.go:179.4,179.31 1 3
github.com/moov-io/wire20022/pkg/models/util.go:179.31,181.5 1 0
github.com/moov-io/wire20022/pkg/models/util.go:182.4,182.28 1 3
github.com/moov-io/wire20022/pkg/models/util.go:182.28,184.5 1 0
github.com/moov-io/wire20022/pkg/models/util.go:185.4,186.80 2 3
github.com/moov-io/wire20022/pkg/models/util.go:186.80,188.5 1 0
github.com/moov-io/wire20022/pkg/models/util.go:189.4,189.18 1 3
github.com/moov-io/wire20022/pkg/models/util.go:189.18,192.5 2 0
github.com/moov-io/wire20022/pkg/models/util.go:193.4,193.24 1 3
github.com/moov-io/wire20022/pkg/models/util.go:193.24,197.42 2 1
github.com/moov-io/wire20022/pkg/models/util.go:197.42,199.6 1 0
github.com/moov-io/wire20022/pkg/models/util.go:202.5,202.45 1 1
github.com/moov-io/wire20022/pkg/models/util.go:202.45,208.40 3 1
github.com/moov-io/wire20022/pkg/models/util.go:208.40,210.48 2 5
github.com/moov-io/wire20022/pkg/models/util.go:210.48,213.8 1 0
github.com/moov-io/wire20022/pkg/models/util.go:213.13,216.8 1 5
github.com/moov-io/wire20022/pkg/models/util.go:220.6,220.21 1 1
github.com/moov-io/wire20022/pkg/models/util.go:221.11,223.6 1 0
github.com/moov-io/wire20022/pkg/models/util.go:225.4,225.23 1 3
github.com/moov-io/wire20022/pkg/models/util.go:225.23,227.5 1 3
github.com/moov-io/wire20022/pkg/models/util.go:228.9,229.31 1 8
github.com/moov-io/wire20022/pkg/models/util.go:229.31,231.5 1 0
github.com/moov-io/wire20022/pkg/models/util.go:232.4,232.28 1 8
github.com/moov-io/wire20022/pkg/models/util.go:232.28,234.5 1 0
github.com/moov-io/wire20022/pkg/models/util.go:235.4,236.24 2 8
github.com/moov-io/wire20022/pkg/models/util.go:236.24,238.5 1 1
github.com/moov-io/wire20022/pkg/models/util.go:239.4,239.24 1 7
github.com/moov-io/wire20022/pkg/models/util.go:239.24,241.5 1 0
github.com/moov-io/wire20022/pkg/models/util.go:242.4,242.35 1 7
github.com/moov-io/wire20022/pkg/models/util.go:242.35,243.22 1 0
github.com/moov-io/wire20022/pkg/models/util.go:243.22,245.6 1 0
github.com/moov-io/wire20022/pkg/models/util.go:246.5,246.25 1 0
github.com/moov-io/wire20022/pkg/models/util.go:249.4,249.38 1 7
github.com/moov-io/wire20022/pkg/models/util.go:249.38,251.5 1 0
github.com/moov-io/wire20022/pkg/models/util.go:253.4,253.13 1 7
github.com/moov-io/wire20022/pkg/models/util.go:257.2,258.29 2 10
github.com/moov-io/wire20022/pkg/models/util.go:258.29,260.3 1 0
github.com/moov-io/wire20022/pkg/models/util.go:261.2,261.26 1 10
github.com/moov-io/wire20022/pkg/models/util.go:261.26,263.3 1 0
github.com/moov-io/wire20022/pkg/models/util.go:266.2,268.20 3 10
github.com/moov-io/wire20022/pkg/models/util.go:268.20,271.17 3 0
github.com/moov-io/wire20022/pkg/models/util.go:271.17,273.4 1 0
github.com/moov-io/wire20022/pkg/models/util.go:274.3,274.30 1 0
github.com/moov-io/wire20022/pkg/models/util.go:274.30,276.4 1 0
github.com/moov-io/wire20022/pkg/models/util.go:277.3,277.27 1 0
github.com/moov-io/wire20022/pkg/models/util.go:277.27,279.4 1 0
github.com/moov-io/wire20022/pkg/models/util.go:280.3,281.79 2 0
github.com/moov-io/wire20022/pkg/models/util.go:281.79,283.4 1 0
github.com/moov-io/wire20022/pkg/models/util.go:284.3,284.17 1 0
github.com/moov-io/wire20022/pkg/models/util.go:284.17,287.4 2 0
github.com/moov-io/wire20022/pkg/models/util.go:288.3,288.23 1 0
github.com/moov-io/wire20022/pkg/models/util.go:288.23,292.41 2 0
github.com/moov-io/wire20022/pkg/models/util.go:292.41,294.5 1 0
github.com/moov-io/wire20022/pkg/models/util.go:296.4,300.38 3 0
github.com/moov-io/wire20022/pkg/models/util.go:300.38,302.46 2 0
github.com/moov-io/wire20022/pkg/models/util.go:302.46,305.6 1 0
github.com/moov-io/wire20022/pkg/models/util.go:305.11,308.6 1 0
github.com/moov-io/wire20022/pkg/models/util.go:312.4,312.19 1 0
github.com/moov-io/wire20022/pkg/models/util.go:314.3,314.22 1 0
github.com/moov-io/wire20022/pkg/models/util.go:314.22,316.24 2 0
github.com/moov-io/wire20022/pkg/models/util.go:316.24,318.5 1 0
github.com/moov-io/wire20022/pkg/models/util.go:319.4,319.23 1 0
github.com/moov-io/wire20022/pkg/models/util.go:319.23,321.5 1 0
github.com/moov-io/wire20022/pkg/models/util.go:324.4,324.35 1 0
github.com/moov-io/wire20022/pkg/models/util.go:324.35,325.22 1 0
github.com/moov-io/wire20022/pkg/models/util.go:325.22,327.6 1 0
github.com/moov-io/wire20022/pkg/models/util.go:328.5,328.25 1 0
github.com/moov-io/wire20022/pkg/models/util.go:330.4,331.18 2 0
github.com/moov-io/wire20022/pkg/models/util.go:331.18,333.5 1 0
github.com/moov-io/wire20022/pkg/models/util.go:334.4,334.14 1 0
github.com/moov-io/wire20022/pkg/models/util.go:336.8,338.23 2 10
github.com/moov-io/wire20022/pkg/models/util.go:338.23,340.4 1 0
github.com/moov-io/wire20022/pkg/models/util.go:341.3,341.22 1 10
github.com/moov-io/wire20022/pkg/models/util.go:341.22,343.4 1 0
github.com/moov-io/wire20022/pkg/models/util.go:346.3,346.34 1 10
github.com/moov-io/wire20022/pkg/models/util.go:346.34,347.21 1 0
github.com/moov-io/wire20022/pkg/models/util.go:347.21,349.5 1 0
github.com/moov-io/wire20022/pkg/models/util.go:350.4,350.24 1 0
github.com/moov-io/wire20022/pkg/models/util.go:352.3,353.17 2 10
github.com/moov-io/wire20022/pkg/models/util.go:353.17,355.4 1 0
github.com/moov-io/wire20022/pkg/models/util.go:357.2,357.12 1 10
github.com/moov-io/wire20022/pkg/models/util.go:359.49,360.17 1 18
github.com/moov-io/wire20022/pkg/models/util.go:360.17,362.3 1 0
github.com/moov-io/wire20022/pkg/models/util.go:363.2,364.40 2 18
github.com/moov-io/wire20022/pkg/models/util.go:364.40,366.27 2 14
github.com/moov-io/wire20022/pkg/models/util.go:366.27,368.85 2 0
github.com/moov-io/wire20022/pkg/models/util.go:368.85,371.49 2 0
github.com/moov-io/wire20022/pkg/models/util.go:371.49,373.12 2 0
github.com/moov-io/wire20022/pkg/models/util.go:373.12,375.7 1 0
github.com/moov-io/wire20022/pkg/models/util.go:376.6,376.53 1 0
github.com/moov-io/wire20022/pkg/models/util.go:380.8,380.85 1 4
github.com/moov-io/wire20022/pkg/models/util.go:380.85,381.49 1 0
github.com/moov-io/wire20022/pkg/models/util.go:381.49,384.28 3 0
github.com/moov-io/wire20022/pkg/models/util.go:384.28,386.86 2 0
github.com/moov-io/wire20022/pkg/models/util.go:386.86,389.50 2 0
github.com/moov-io/wire20022/pkg/models/util.go:389.50,391.13 2 0
github.com/moov-io/wire20022/pkg/models/util.go:391.13,393.8 1 0
github.com/moov-io/wire20022/pkg/models/util.go:394.7,394.54 1 0
github.com/moov-io/wire20022/pkg/models/util.go:398.9,400.4 1 0
github.com/moov-io/wire20022/pkg/models/util.go:401.8,401.97 1 4
github.com/moov-io/wire20022/pkg/models/util.go:401.97,404.10 2 0
github.com/moov-io/wire20022/pkg/models/util.go:404.10,406.4 1 0
github.com/moov-io/wire20022/pkg/models/util.go:407.3,410.27 4 0
github.com/moov-io/wire20022/pkg/models/util.go:410.27,412.85 2 0
github.com/moov-io/wire20022/pkg/models/util.go:412.85,415.49 2 0
github.com/moov-io/wire20022/pkg/models/util.go:415.49,417.12 2 0
github.com/moov-io/wire20022/pkg/models/util.go:417.12,419.7 1 0
github.com/moov-io/wire20022/pkg/models/util.go:420.6,420.53 1 0
github.com/moov-io/wire20022/pkg/models/util.go:424.8,424.90 1 4
github.com/moov-io/wire20022/pkg/models/util.go:424.90,427.10 2 0
github.com/moov-io/wire20022/pkg/models/util.go:427.10,429.4 1 0
github.com/moov-io/wire20022/pkg/models/util.go:432.3,433.17 2 0
github.com/moov-io/wire20022/pkg/models/util.go:433.17,435.4 1 0
github.com/moov-io/wire20022/pkg/models/util.go:437.3,440.34 3 0
github.com/moov-io/wire20022/pkg/models/util.go:441.8,441.41 1 4
github.com/moov-io/wire20022/pkg/models/util.go:441.41,444.10 2 4
github.com/moov-io/wire20022/pkg/models/util.go:444.10,446.4 1 0
github.com/moov-io/wire20022/pkg/models/util.go:448.3,448.19 1 4
github.com/moov-io/wire20022/pkg/models/util.go:449.79,451.18 2 2
github.com/moov-io/wire20022/pkg/models/util.go:451.18,453.5 1 1
github.com/moov-io/wire20022/pkg/models/util.go:454.4,454.20 1 1
github.com/moov-io/wire20022/pkg/models/util.go:455.84,457.18 2 0
github.com/moov-io/wire20022/pkg/models/util.go:457.18,459.5 1 0
github.com/moov-io/wire20022/pkg/models/util.go:460.4,460.22 1 0
github.com/moov-io/wire20022/pkg/models/util.go:461.41,463.18 2 2
github.com/moov-io/wire20022/pkg/models/util.go:463.18,465.5 1 1
github.com/moov-io/wire20022/pkg/models/util.go:466.4,466.24 1 1
github.com/moov-io/wire20022/pkg/models/util.go:467.21,469.18 2 0
github.com/moov-io/wire20022/pkg/models/util.go:469.18,471.5 1 0
github.com/moov-io/wire20022/pkg/models/util.go:472.4,472.22 1 0
github.com/moov-io/wire20022/pkg/models/util.go:473.23,474.23 1 0
github.com/moov-io/wire20022/pkg/models/util.go:477.83,478.73 1 0
github.com/moov-io/wire20022/pkg/models/util.go:480.8,482.3 1 0
github.com/moov-io/wire20022/pkg/models/util.go:484.2,484.12 1 16
github.com/moov-io/wire20022/pkg/models/util.go:487.46,493.13 3 14
github.com/moov-io/wire20022/pkg/models/util.go:493.13,495.3 1 14
github.com/moov-io/wire20022/pkg/models/util.go:498.2,498.121 1 0
github.com/moov-io/wire20022/pkg/models/util.go:498.121,500.3 1 0
github.com/moov-io/wire20022/pkg/models/util.go:502.2,502.14 1 0
github.com/moov-io/wire20022/pkg/models/util.go:504.82,505.50 1 3
github.com/moov-io/wire20022/pkg/models/util.go:505.50,507.3 1 0
github.com/moov-io/wire20022/pkg/models/util.go:508.2,509.16 2 3
github.com/moov-io/wire20022/pkg/models/util.go:509.16,511.3 1 0
github.com/moov-io/wire20022/pkg/models/util.go:512.2,512.20 1 3
github.com/moov-io/wire20022/pkg/models/util.go:512.20,514.3 1 0
github.com/moov-io/wire20022/pkg/models/util.go:515.2,515.18 1 3
github.com/moov-io/wire20022/pkg/models/util.go:515.18,517.3 1 0
github.com/moov-io/wire20022/pkg/models/util.go:519.2,520.16 2 3
github.com/moov-io/wire20022/pkg/models/util.go:520.16,522.3 1 0
github.com/moov-io/wire20022/pkg/models/util.go:525.97,526.51 1 3
github.com/moov-io/wire20022/pkg/models/util.go:526.51,528.3 1 0
github.com/moov-io/wire20022/pkg/models/util.go:529.2,530.16 2 3
github.com/moov-io/wire20022/pkg/models/util.go:530.16,532.3 1 1
github.com/moov-io/wire20022/pkg/models/util.go:533.2,533.20 1 2
github.com/moov-io/wire20022/pkg/models/util.go:533.20,535.3 1 0
github.com/moov-io/wire20022/pkg/models/util.go:537.2,538.16 2 2
github.com/moov-io/wire20022/pkg/models/util.go:538.16,540.3 1 0
github.com/moov-io/wire20022/pkg/models/util.go:541.2,541.12 1 2
github.com/moov-io/wire20022/pkg/models/util.go:543.87,546.29 2 2
github.com/moov-io/wire20022/pkg/models/util.go:546.29,547.31 1 3
github.com/moov-io/wire20022/pkg/models/util.go:548.15,549.15 1 3
github.com/moov-io/wire20022/pkg/models/util.go:549.15,552.5 1 3
github.com/moov-io/wire20022/pkg/models/util.go:552.10,555.5 1 0
github.com/moov-io/wire20022/pkg/models/util.go:557.26,558.63 1 0
github.com/moov-io/wire20022/pkg/models/util.go:560.23,561.65 1 0
github.com/moov-io/wire20022/pkg/models/util.go:565.2,565.15 1 2
github.com/moov-io/wire20022/pkg/models/util.go:567.119,569.28 2 0
github.com/moov-io/wire20022/pkg/models/util.go:569.28,571.3 1 0
github.com/moov-io/wire20022/pkg/models/util.go:572.2,573.13 2 0
github.com/moov-io/wire20022/pkg/models/util.go:573.13,575.3 1 0
github.com/moov-io/wire20022/pkg/models/util.go:577.2,578.16 2 0
github.com/moov-io/wire20022/pkg/models/util.go:578.16,580.3 1 0
github.com/moov-io/wire20022/pkg/models/util.go:581.2,582.90 2 0
github.com/moov-io/wire20022/pkg/models/util.go:582.90,584.3 1 0
github.com/moov-io/wire20022/pkg/models/util.go:586.2,586.38 1 0
github.com/moov-io/wire20022/pkg/models/util.go:586.38,587.31 1 0
github.com/moov-io/wire20022/pkg/models/util.go:587.31,588.15 1 0
github.com/moov-io/wire20022/pkg/models/util.go:588.15,591.5 1 0
github.com/moov-io/wire20022/pkg/models/util.go:591.10,594.5 1 0
github.com/moov-io/wire20022/pkg/models/util.go:599.118,601.28 2 0
github.com/moov-io/wire20022/pkg/models/util.go:601.28,603.3 1 0
github.com/moov-io/wire20022/pkg/models/util.go:604.2,605.13 2 0
github.com/moov-io/wire20022/pkg/models/util.go:605.13,607.3 1 0
github.com/moov-io/wire20022/pkg/models/util.go:609.2,610.16 2 0
github.com/moov-io/wire20022/pkg/models/util.go:610.16,612.3 1 0
github.com/moov-io/wire20022/pkg/models/util.go:613.2,614.90 2 0
github.com/moov-io/wire20022/pkg/models/util.go:614.90,616.3 1 0
github.com/moov-io/wire20022/pkg/models/util.go:618.2,618.38 1 0
github.com/moov-io/wire20022/pkg/models/util.go:618.38,619.31 1 0
github.com/moov-io/wire20022/pkg/models/util.go:619.31,620.30 1 0
github.com/moov-io/wire20022/pkg/models/util.go:621.16,622.16 1 0
github.com/moov-io/wire20022/pkg/models/util.go:622.16,625.6 1 0
github.com/moov-io/wire20022/pkg/models/util.go:625.11,628.6 1 0
github.com/moov-io/wire20022/pkg/models/util.go:629.27,631.33 2 0
github.com/moov-io/wire20022/pkg/models/util.go:631.33,632.14 1 0
github.com/moov-io/wire20022/pkg/models/util.go:634.5,635.16 2 0
github.com/moov-io/wire20022/pkg/models/util.go:635.16,637.6 1 0
github.com/moov-io/wire20022/pkg/models/util.go:638.5,638.16 1 0
github.com/moov-io/wire20022/pkg/models/util.go:638.16,640.6 1 0
github.com/moov-io/wire20022/pkg/models/util.go:640.11,642.6 1 0
github.com/moov-io/wire20022/pkg/models/util.go:643.5,644.19 2 0
github.com/moov-io/wire20022/pkg/models/util.go:644.19,645.14 1 0
github.com/moov-io/wire20022/pkg/models/util.go:647.5,648.96 2 0
github.com/moov-io/wire20022/pkg/models/util.go:648.96,649.14 1 0
github.com/moov-io/wire20022/pkg/models/util.go:652.5,652.42 1 0
github.com/moov-io/wire20022/pkg/models/util.go:652.42,653.32 1 0
github.com/moov-io/wire20022/pkg/models/util.go:653.32,654.18 1 0
github.com/moov-io/wire20022/pkg/models/util.go:654.18,658.8 1 0
github.com/moov-io/wire20022/pkg/models/util.go:658.13,662.8 1 0
github.com/moov-io/wire20022/pkg/models/util.go:669.72,671.21 2 2
github.com/moov-io/wire20022/pkg/models/util.go:671.21,673.3 1 1
github.com/moov-io/wire20022/pkg/models/util.go:674.2,674.21 1 1
github.com/moov-io/wire20022/pkg/models/util.go:674.21,676.3 1 1
github.com/moov-io/wire20022/pkg/models/util.go:677.2,677.15 1 0
github.com/moov-io/wire20022/pkg/models/util.go:680.46,682.18 1 79
github.com/moov-io/wire20022/pkg/models/util.go:682.18,684.3 1 0
github.com/moov-io/wire20022/pkg/models/util.go:687.2,687.18 1 79
github.com/moov-io/wire20022/pkg/models/util.go:692.25,693.15 1 77
github.com/moov-io/wire20022/pkg/models/util.go:695.94,696.19 1 2
github.com/moov-io/wire20022/pkg/models/util.go:697.10,698.15 1 0
github.com/moov-io/wire20022/pkg/models/util.go:701.36,702.25 1 15
github.com/moov-io/wire20022/pkg/models/util.go:703.11,704.14 1 0
github.com/moov-io/wire20022/pkg/models/util.go:705.14,706.17 1 5
github.com/moov-io/wire20022/pkg/models/util.go:707.38,708.39 1 4
github.com/moov-io/wire20022/pkg/models/util.go:709.43,710.40 1 0
github.com/moov-io/wire20022/pkg/models/util.go:711.24,712.41 1 1
github.com/moov-io/wire20022/pkg/models/util.go:713.12,714.12 1 2
github.com/moov-io/wire20022/pkg/models/util.go:715.17,716.20 1 0
github.com/moov-io/wire20022/pkg/models/util.go:717.10,719.75 1 3
github.com/moov-io/wire20022/pkg/models/util.go:723.53,725.50 1 2
github.com/moov-io/wire20022/pkg/models/util.go:725.50,727.3 1 0
github.com/moov-io/wire20022/pkg/models/util.go:730.2,732.16 3 2
github.com/moov-io/wire20022/pkg/models/util.go:732.16,734.3 1 1
github.com/moov-io/wire20022/pkg/models/util.go:737.2,737.54 1 1
github.com/moov-io/wire20022/pkg/models/util.go:737.54,739.68 1 0
github.com/moov-io/wire20022/pkg/models/util.go:739.68,741.4 1 0
github.com/moov-io/wire20022/pkg/models/util.go:742.3,742.51 1 0
github.com/moov-io/wire20022/pkg/models/util.go:745.2,745.12 1 1
github.com/moov-io/wire20022/pkg/models/util.go:747.61,749.75 1 1
github.com/moov-io/wire20022/pkg/models/util.go:749.75,751.3 1 0
github.com/moov-io/wire20022/pkg/models/util.go:754.2,757.53 2 1
github.com/moov-io/wire20022/pkg/models/util.go:757.53,759.3 1 0
github.com/moov-io/wire20022/pkg/models/util.go:762.2,764.16 3 1
github.com/moov-io/wire20022/pkg/models/util.go:764.16,766.3 1 0
github.com/moov-io/wire20022/pkg/models/util.go:769.2,769.57 1 1
github.com/moov-io/wire20022/pkg/models/util.go:769.57,771.68 1 0
github.com/moov-io/wire20022/pkg/models/util.go:771.68,773.4 1 0
github.com/moov-io/wire20022/pkg/models/util.go:774.3,774.51 1 0
github.com/moov-io/wire20022/pkg/models/util.go:777.2,777.12 1 1
github.com/moov-io/wire20022/pkg/models/util.go:779.51,781.16 2 3
github.com/moov-io/wire20022/pkg/models/util.go:781.16,783.3 1 1
github.com/moov-io/wire20022/pkg/models/util.go:784.2,784.18 1 2
github.com/moov-io/wire20022/pkg/models/util.go:786.38,787.18 1 17
github.com/moov-io/wire20022/pkg/models/util.go:787.18,789.3 1 1
github.com/moov-io/wire20022/pkg/models/util.go:791.2,791.27 1 16
github.com/moov-io/wire20022/pkg/models/util.go:792.14,793.17 1 2
github.com/moov-io/wire20022/pkg/models/util.go:794.17,795.20 1 2
github.com/moov-io/wire20022/pkg/models/util.go:798.2,799.19 2 12
github.com/moov-io/wire20022/pkg/models/util.go:800.23,801.14 1 0
github.com/moov-io/wire20022/pkg/models/util.go:802.20,803.20 1 2
github.com/moov-io/wire20022/pkg/models/util.go:804.78,805.23 1 2
github.com/moov-io/wire20022/pkg/models/util.go:806.100,807.24 1 0
github.com/moov-io/wire20022/pkg/models/util.go:808.40,809.25 1 2
github.com/moov-io/wire20022/pkg/models/util.go:810.45,811.27 1 0
github.com/moov-io/wire20022/pkg/models/util.go:812.22,813.27 1 0
github.com/moov-io/wire20022/pkg/models/util.go:814.38,815.20 1 1
github.com/moov-io/wire20022/pkg/models/util.go:816.63,817.23 1 4
github.com/moov-io/wire20022/pkg/models/util.go:818.20,819.20 1 0
github.com/moov-io/wire20022/pkg/models/util.go:820.22,822.15 1 1
github.com/moov-io/wire20022/pkg/models/util.go:823.29,824.27 1 0
github.com/moov-io/wire20022/pkg/models/util.go:825.10,826.15 1 0
github.com/moov-io/wire20022/pkg/models/ActivityReport/Message.go:46.51,48.16 2 0
github.com/moov-io/wire20022/pkg/models/ActivityReport/Message.go:48.16,50.3 1 0
github.com/moov-io/wire20022/pkg/models/ActivityReport/Message.go:52.2,53.16 2 0
github.com/moov-io/wire20022/pkg/models/ActivityReport/Message.go:53.16,55.3 1 0
github.com/moov-io/wire20022/pkg/models/ActivityReport/Message.go:57.2,58.12 2 0
github.com/moov-io/wire20022/pkg/models/ActivityReport/Message.go:83.85,86.22 2 0
github.com/moov-io/wire20022/pkg/models/ActivityReport/Message.go:86.22,88.3 1 0
github.com/moov-io/wire20022/pkg/models/ActivityReport/Message.go:91.2,92.16 2 0
github.com/moov-io/wire20022/pkg/models/ActivityReport/Message.go:92.16,94.3 1 0
github.com/moov-io/wire20022/pkg/models/ActivityReport/Message.go:97.2,101.55 3 0
github.com/moov-io/wire20022/pkg/models/ActivityReport/Message.go:101.55,103.3 1 0
github.com/moov-io/wire20022/pkg/models/ActivityReport/Message.go:106.2,106.44 1 0
github.com/moov-io/wire20022/pkg/models/ActivityReport/Message.go:106.44,108.3 1 0
github.com/moov-io/wire20022/pkg/models/ActivityReport/Message.go:110.2,110.24 1 0
github.com/moov-io/wire20022/pkg/models/ActivityReport/Message.go:121.13,127.39 1 1
github.com/moov-io/wire20022/pkg/models/ActivityReport/Message.go:127.39,129.5 1 3
github.com/moov-io/wire20022/pkg/models/ActivityReport/Message.go:134.39,136.5 1 3
github.com/moov-io/wire20022/pkg/models/ActivityReport/Message.go:141.39,143.5 1 3
github.com/moov-io/wire20022/pkg/models/ActivityReport/Message.go:148.39,150.5 1 3
github.com/moov-io/wire20022/pkg/models/ActivityReport/Message.go:155.39,157.5 1 3
github.com/moov-io/wire20022/pkg/models/ActivityReport/Message.go:162.39,164.5 1 3
github.com/moov-io/wire20022/pkg/models/ActivityReport/Message.go:169.39,171.5 1 3
github.com/moov-io/wire20022/pkg/models/ActivityReport/Message.go:176.39,178.5 1 5
github.com/moov-io/wire20022/pkg/models/ActivityReport/Message.go:183.39,185.5 1 3
github.com/moov-io/wire20022/pkg/models/ActivityReport/Message.go:190.39,192.5 1 3
github.com/moov-io/wire20022/pkg/models/ActivityReport/Message.go:197.39,199.5 1 3
github.com/moov-io/wire20022/pkg/models/ActivityReport/Message.go:204.39,206.5 1 3
github.com/moov-io/wire20022/pkg/models/ActivityReport/Message.go:210.2,218.3 2 1
github.com/moov-io/wire20022/pkg/models/ActivityReport/Message.go:223.51,225.16 2 13
github.com/moov-io/wire20022/pkg/models/ActivityReport/Message.go:225.16,227.3 1 0
github.com/moov-io/wire20022/pkg/models/ActivityReport/Message.go:228.2,228.20 1 13
github.com/moov-io/wire20022/pkg/models/ActivityReport/Message.go:250.97,252.64 1 37
github.com/moov-io/wire20022/pkg/models/ActivityReport/Message.go:252.64,254.3 1 12
github.com/moov-io/wire20022/pkg/models/ActivityReport/Message.go:255.2,255.49 1 25
github.com/moov-io/wire20022/pkg/models/ActivityReport/Message.go:259.52,261.2 1 0
github.com/moov-io/wire20022/pkg/models/ActivityReport/MessageHelper.go:10.83,25.2 1 36
github.com/moov-io/wire20022/pkg/models/ActivityReport/MessageHelper.go:41.41,86.2 1 36
github.com/moov-io/wire20022/pkg/models/ActivityReport/map.go:3.33,37.2 1 1
github.com/moov-io/wire20022/pkg/models/ActivityReport/map.go:38.33,73.2 1 1
github.com/moov-io/wire20022/pkg/models/ActivityReport/map.go:74.33,112.2 1 1
github.com/moov-io/wire20022/pkg/models/ActivityReport/map.go:113.33,151.2 1 1
github.com/moov-io/wire20022/pkg/models/ActivityReport/map.go:152.33,190.2 1 1
github.com/moov-io/wire20022/pkg/models/ActivityReport/map.go:191.33,229.2 1 1
github.com/moov-io/wire20022/pkg/models/ActivityReport/map.go:230.33,266.2 1 1
github.com/moov-io/wire20022/pkg/models/ActivityReport/map.go:267.33,304.2 1 1
github.com/moov-io/wire20022/pkg/models/ActivityReport/map.go:305.33,342.2 1 1
github.com/moov-io/wire20022/pkg/models/ActivityReport/map.go:343.34,380.2 1 1
github.com/moov-io/wire20022/pkg/models/ActivityReport/map.go:381.34,418.2 1 1
github.com/moov-io/wire20022/pkg/models/ActivityReport/map.go:419.34,456.2 1 1
github.com/moov-io/wire20022/pkg/models/DrawdownRequest/Message.go:44.13,50.39 1 1
github.com/moov-io/wire20022/pkg/models/DrawdownRequest/Message.go:50.39,52.5 1 3
github.com/moov-io/wire20022/pkg/models/DrawdownRequest/Message.go:57.39,59.5 1 3
github.com/moov-io/wire20022/pkg/models/DrawdownRequest/Message.go:64.39,66.5 1 3
github.com/moov-io/wire20022/pkg/models/DrawdownRequest/Message.go:71.39,73.5 1 3
github.com/moov-io/wire20022/pkg/models/DrawdownRequest/Message.go:78.39,80.5 1 3
github.com/moov-io/wire20022/pkg/models/DrawdownRequest/Message.go:85.39,87.5 1 3
github.com/moov-io/wire20022/pkg/models/DrawdownRequest/Message.go:92.39,94.5 1 5
github.com/moov-io/wire20022/pkg/models/DrawdownRequest/Message.go:99.39,101.5 1 3
github.com/moov-io/wire20022/pkg/models/DrawdownRequest/Message.go:106.39,108.5 1 3
github.com/moov-io/wire20022/pkg/models/DrawdownRequest/Message.go:113.39,115.5 1 3
github.com/moov-io/wire20022/pkg/models/DrawdownRequest/Message.go:119.2,127.3 2 1
github.com/moov-io/wire20022/pkg/models/DrawdownRequest/Message.go:131.51,133.16 2 0
github.com/moov-io/wire20022/pkg/models/DrawdownRequest/Message.go:133.16,135.3 1 0
github.com/moov-io/wire20022/pkg/models/DrawdownRequest/Message.go:137.2,138.16 2 0
github.com/moov-io/wire20022/pkg/models/DrawdownRequest/Message.go:138.16,140.3 1 0
github.com/moov-io/wire20022/pkg/models/DrawdownRequest/Message.go:142.2,143.12 2 0
github.com/moov-io/wire20022/pkg/models/DrawdownRequest/Message.go:168.85,171.22 2 0
github.com/moov-io/wire20022/pkg/models/DrawdownRequest/Message.go:171.22,173.3 1 0
github.com/moov-io/wire20022/pkg/models/DrawdownRequest/Message.go:176.2,177.16 2 0
github.com/moov-io/wire20022/pkg/models/DrawdownRequest/Message.go:177.16,179.3 1 0
github.com/moov-io/wire20022/pkg/models/DrawdownRequest/Message.go:182.2,186.55 3 0
github.com/moov-io/wire20022/pkg/models/DrawdownRequest/Message.go:186.55,188.3 1 0
github.com/moov-io/wire20022/pkg/models/DrawdownRequest/Message.go:191.2,191.44 1 0
github.com/moov-io/wire20022/pkg/models/DrawdownRequest/Message.go:191.44,193.3 1 0
github.com/moov-io/wire20022/pkg/models/DrawdownRequest/Message.go:195.2,195.24 1 0
github.com/moov-io/wire20022/pkg/models/DrawdownRequest/Message.go:205.51,207.16 2 12
github.com/moov-io/wire20022/pkg/models/DrawdownRequest/Message.go:207.16,209.3 1 0
github.com/moov-io/wire20022/pkg/models/DrawdownRequest/Message.go:210.2,210.20 1 12
github.com/moov-io/wire20022/pkg/models/DrawdownRequest/Message.go:232.97,234.64 1 30
github.com/moov-io/wire20022/pkg/models/DrawdownRequest/Message.go:234.64,236.3 1 10
github.com/moov-io/wire20022/pkg/models/DrawdownRequest/Message.go:237.2,237.49 1 20
github.com/moov-io/wire20022/pkg/models/DrawdownRequest/Message.go:241.52,243.2 1 0
github.com/moov-io/wire20022/pkg/models/DrawdownRequest/MessageHelper.go:11.63,32.2 1 0
github.com/moov-io/wire20022/pkg/models/DrawdownRequest/MessageHelper.go:49.77,104.2 1 0
github.com/moov-io/wire20022/pkg/models/DrawdownRequest/MessageHelper.go:120.41,169.2 1 0
github.com/moov-io/wire20022/pkg/models/DrawdownRequest/map.go:3.33,49.2 1 1
github.com/moov-io/wire20022/pkg/models/DrawdownRequest/map.go:50.33,52.2 1 1
github.com/moov-io/wire20022/pkg/models/DrawdownRequest/map.go:53.33,55.2 1 1
github.com/moov-io/wire20022/pkg/models/DrawdownRequest/map.go:56.33,58.2 1 1
github.com/moov-io/wire20022/pkg/models/DrawdownRequest/map.go:59.33,106.2 1 4
github.com/moov-io/wire20022/pkg/models/DrawdownRequest/map.go:107.33,154.2 1 1
github.com/moov-io/wire20022/pkg/models/DrawdownRequest/map.go:155.33,206.2 1 4
github.com/moov-io/wire20022/pkg/models/DrawdownRequest/map.go:207.33,209.2 1 1
github.com/moov-io/wire20022/pkg/models/DrawdownRequest/map.go:210.33,212.2 1 1
github.com/moov-io/wire20022/pkg/models/DrawdownRequest/map.go:213.34,215.2 1 1
github.com/moov-io/wire20022/pkg/models/EndpointGapReport/Message.go:39.51,41.16 2 0
github.com/moov-io/wire20022/pkg/models/EndpointGapReport/Message.go:41.16,43.3 1 0
github.com/moov-io/wire20022/pkg/models/EndpointGapReport/Message.go:45.2,46.16 2 0
github.com/moov-io/wire20022/pkg/models/EndpointGapReport/Message.go:46.16,48.3 1 0
github.com/moov-io/wire20022/pkg/models/EndpointGapReport/Message.go:50.2,51.12 2 0
github.com/moov-io/wire20022/pkg/models/EndpointGapReport/Message.go:76.85,79.22 2 0
github.com/moov-io/wire20022/pkg/models/EndpointGapReport/Message.go:79.22,81.3 1 0
github.com/moov-io/wire20022/pkg/models/EndpointGapReport/Message.go:84.2,85.16 2 0
github.com/moov-io/wire20022/pkg/models/EndpointGapReport/Message.go:85.16,87.3 1 0
github.com/moov-io/wire20022/pkg/models/EndpointGapReport/Message.go:90.2,94.55 3 0
github.com/moov-io/wire20022/pkg/models/EndpointGapReport/Message.go:94.55,96.3 1 0
github.com/moov-io/wire20022/pkg/models/EndpointGapReport/Message.go:99.2,99.44 1 0
github.com/moov-io/wire20022/pkg/models/EndpointGapReport/Message.go:99.44,101.3 1 0
github.com/moov-io/wire20022/pkg/models/EndpointGapReport/Message.go:103.2,103.24 1 0
github.com/moov-io/wire20022/pkg/models/EndpointGapReport/Message.go:114.13,120.39 1 1
github.com/moov-io/wire20022/pkg/models/EndpointGapReport/Message.go:120.39,122.5 1 3
github.com/moov-io/wire20022/pkg/models/EndpointGapReport/Message.go:127.39,129.5 1 3
github.com/moov-io/wire20022/pkg/models/EndpointGapReport/Message.go:134.39,136.5 1 3
github.com/moov-io/wire20022/pkg/models/EndpointGapReport/Message.go:141.39,143.5 1 3
github.com/moov-io/wire20022/pkg/models/EndpointGapReport/Message.go:148.39,150.5 1 3
github.com/moov-io/wire20022/pkg/models/EndpointGapReport/Message.go:155.39,157.5 1 3
github.com/moov-io/wire20022/pkg/models/EndpointGapReport/Message.go:162.39,164.5 1 4
github.com/moov-io/wire20022/pkg/models/EndpointGapReport/Message.go:169.39,171.5 1 3
github.com/moov-io/wire20022/pkg/models/EndpointGapReport/Message.go:176.39,178.5 1 3
github.com/moov-io/wire20022/pkg/models/EndpointGapReport/Message.go:183.39,185.5 1 3
github.com/moov-io/wire20022/pkg/models/EndpointGapReport/Message.go:190.39,192.5 1 3
github.com/moov-io/wire20022/pkg/models/EndpointGapReport/Message.go:196.2,204.3 2 1
github.com/moov-io/wire20022/pkg/models/EndpointGapReport/Message.go:209.51,211.16 2 12
github.com/moov-io/wire20022/pkg/models/EndpointGapReport/Message.go:211.16,213.3 1 0
github.com/moov-io/wire20022/pkg/models/EndpointGapReport/Message.go:214.2,214.20 1 12
github.com/moov-io/wire20022/pkg/models/EndpointGapReport/Message.go:236.97,238.64 1 33
github.com/moov-io/wire20022/pkg/models/EndpointGapReport/Message.go:238.64,240.3 1 11
github.com/moov-io/wire20022/pkg/models/EndpointGapReport/Message.go:241.2,241.49 1 22
github.com/moov-io/wire20022/pkg/models/EndpointGapReport/Message.go:245.52,247.2 1 0
github.com/moov-io/wire20022/pkg/models/EndpointGapReport/MessageHelper.go:15.41,55.2 1 0
github.com/moov-io/wire20022/pkg/models/EndpointGapReport/map.go:3.33,5.2 1 0
github.com/moov-io/wire20022/pkg/models/EndpointGapReport/map.go:6.33,8.2 1 1
github.com/moov-io/wire20022/pkg/models/EndpointGapReport/map.go:9.33,11.2 1 1
github.com/moov-io/wire20022/pkg/models/EndpointGapReport/map.go:12.33,14.2 1 1
github.com/moov-io/wire20022/pkg/models/EndpointGapReport/map.go:15.33,17.2 1 1
github.com/moov-io/wire20022/pkg/models/EndpointGapReport/map.go:18.33,20.2 1 1
github.com/moov-io/wire20022/pkg/models/EndpointGapReport/map.go:21.33,23.2 1 1
github.com/moov-io/wire20022/pkg/models/EndpointGapReport/map.go:24.33,35.2 1 11
github.com/moov-io/wire20022/pkg/models/EndpointGapReport/map.go:36.33,38.2 1 1
github.com/moov-io/wire20022/pkg/models/EndpointGapReport/map.go:39.34,41.2 1 1
github.com/moov-io/wire20022/pkg/models/EndpointGapReport/map.go:42.34,44.2 1 1
github.com/moov-io/wire20022/pkg/models/EndpointGapReport/map.go:45.34,47.2 1 1
github.com/moov-io/wire20022/pkg/models/FedwireFundsAcknowledgement/Message.go:25.51,27.16 2 0
github.com/moov-io/wire20022/pkg/models/FedwireFundsAcknowledgement/Message.go:27.16,29.3 1 0
github.com/moov-io/wire20022/pkg/models/FedwireFundsAcknowledgement/Message.go:31.2,32.16 2 0
github.com/moov-io/wire20022/pkg/models/FedwireFundsAcknowledgement/Message.go:32.16,34.3 1 0
github.com/moov-io/wire20022/pkg/models/FedwireFundsAcknowledgement/Message.go:36.2,37.12 2 0
github.com/moov-io/wire20022/pkg/models/FedwireFundsAcknowledgement/Message.go:62.85,65.22 2 0
github.com/moov-io/wire20022/pkg/models/FedwireFundsAcknowledgement/Message.go:65.22,67.3 1 0
github.com/moov-io/wire20022/pkg/models/FedwireFundsAcknowledgement/Message.go:70.2,71.16 2 0
github.com/moov-io/wire20022/pkg/models/FedwireFundsAcknowledgement/Message.go:71.16,73.3 1 0
github.com/moov-io/wire20022/pkg/models/FedwireFundsAcknowledgement/Message.go:76.2,80.55 3 0
github.com/moov-io/wire20022/pkg/models/FedwireFundsAcknowledgement/Message.go:80.55,82.3 1 0
github.com/moov-io/wire20022/pkg/models/FedwireFundsAcknowledgement/Message.go:85.2,85.44 1 0
github.com/moov-io/wire20022/pkg/models/FedwireFundsAcknowledgement/Message.go:85.44,87.3 1 0
github.com/moov-io/wire20022/pkg/models/FedwireFundsAcknowledgement/Message.go:89.2,89.24 1 0
github.com/moov-io/wire20022/pkg/models/FedwireFundsAcknowledgement/Message.go:100.13,106.39 1 1
github.com/moov-io/wire20022/pkg/models/FedwireFundsAcknowledgement/Message.go:106.39,108.5 1 5
github.com/moov-io/wire20022/pkg/models/FedwireFundsAcknowledgement/Message.go:112.2,120.3 2 1
github.com/moov-io/wire20022/pkg/models/FedwireFundsAcknowledgement/Message.go:125.51,127.16 2 3
github.com/moov-io/wire20022/pkg/models/FedwireFundsAcknowledgement/Message.go:127.16,129.3 1 0
github.com/moov-io/wire20022/pkg/models/FedwireFundsAcknowledgement/Message.go:130.2,130.20 1 3
github.com/moov-io/wire20022/pkg/models/FedwireFundsAcknowledgement/Message.go:152.97,154.64 1 3
github.com/moov-io/wire20022/pkg/models/FedwireFundsAcknowledgement/Message.go:154.64,156.3 1 1
github.com/moov-io/wire20022/pkg/models/FedwireFundsAcknowledgement/Message.go:157.2,157.49 1 2
github.com/moov-io/wire20022/pkg/models/FedwireFundsAcknowledgement/Message.go:161.52,163.2 1 0
github.com/moov-io/wire20022/pkg/models/FedwireFundsAcknowledgement/MessageHelper.go:13.41,46.2 1 0
github.com/moov-io/wire20022/pkg/models/FedwireFundsAcknowledgement/map.go:3.33,11.2 1 1
github.com/moov-io/wire20022/pkg/models/EndpointDetailsReport/Message.go:32.48,33.33 1 0
github.com/moov-io/wire20022/pkg/models/EndpointDetailsReport/Message.go:33.33,35.3 1 0
github.com/moov-io/wire20022/pkg/models/EndpointDetailsReport/Message.go:36.2,36.37 1 0
github.com/moov-io/wire20022/pkg/models/EndpointDetailsReport/Message.go:36.37,38.3 1 0
github.com/moov-io/wire20022/pkg/models/EndpointDetailsReport/Message.go:39.2,39.45 1 0
github.com/moov-io/wire20022/pkg/models/EndpointDetailsReport/Message.go:39.45,41.3 1 0
github.com/moov-io/wire20022/pkg/models/EndpointDetailsReport/Message.go:42.2,42.12 1 0
github.com/moov-io/wire20022/pkg/models/EndpointDetailsReport/Message.go:51.44,52.39 1 0
github.com/moov-io/wire20022/pkg/models/EndpointDetailsReport/Message.go:52.39,54.3 1 0
github.com/moov-io/wire20022/pkg/models/EndpointDetailsReport/Message.go:55.2,55.12 1 0
github.com/moov-io/wire20022/pkg/models/EndpointDetailsReport/Message.go:59.70,66.9 2 11
github.com/moov-io/wire20022/pkg/models/EndpointDetailsReport/Message.go:67.34,69.14 2 11
github.com/moov-io/wire20022/pkg/models/EndpointDetailsReport/Message.go:70.34,71.47 1 11
github.com/moov-io/wire20022/pkg/models/EndpointDetailsReport/Message.go:74.2,74.14 1 11
github.com/moov-io/wire20022/pkg/models/EndpointDetailsReport/Message.go:78.78,80.47 1 0
github.com/moov-io/wire20022/pkg/models/EndpointDetailsReport/Message.go:80.47,82.3 1 0
github.com/moov-io/wire20022/pkg/models/EndpointDetailsReport/Message.go:85.2,85.9 1 0
github.com/moov-io/wire20022/pkg/models/EndpointDetailsReport/Message.go:86.34,87.25 1 0
github.com/moov-io/wire20022/pkg/models/EndpointDetailsReport/Message.go:87.25,89.4 1 0
github.com/moov-io/wire20022/pkg/models/EndpointDetailsReport/Message.go:90.3,90.48 1 0
github.com/moov-io/wire20022/pkg/models/EndpointDetailsReport/Message.go:90.48,92.4 1 0
github.com/moov-io/wire20022/pkg/models/EndpointDetailsReport/Message.go:93.3,93.14 1 0
github.com/moov-io/wire20022/pkg/models/EndpointDetailsReport/Message.go:94.34,95.29 1 0
github.com/moov-io/wire20022/pkg/models/EndpointDetailsReport/Message.go:95.29,96.53 1 0
github.com/moov-io/wire20022/pkg/models/EndpointDetailsReport/Message.go:96.53,98.5 1 0
github.com/moov-io/wire20022/pkg/models/EndpointDetailsReport/Message.go:102.2,102.12 1 0
github.com/moov-io/wire20022/pkg/models/EndpointDetailsReport/Message.go:106.50,108.23 1 0
github.com/moov-io/wire20022/pkg/models/EndpointDetailsReport/Message.go:108.23,110.3 1 0
github.com/moov-io/wire20022/pkg/models/EndpointDetailsReport/Message.go:111.2,111.32 1 0
github.com/moov-io/wire20022/pkg/models/EndpointDetailsReport/Message.go:111.32,113.3 1 0
github.com/moov-io/wire20022/pkg/models/EndpointDetailsReport/Message.go:114.2,114.35 1 0
github.com/moov-io/wire20022/pkg/models/EndpointDetailsReport/Message.go:114.35,116.3 1 0
github.com/moov-io/wire20022/pkg/models/EndpointDetailsReport/Message.go:117.2,117.22 1 0
github.com/moov-io/wire20022/pkg/models/EndpointDetailsReport/Message.go:117.22,119.3 1 0
github.com/moov-io/wire20022/pkg/models/EndpointDetailsReport/Message.go:120.2,120.37 1 0
github.com/moov-io/wire20022/pkg/models/EndpointDetailsReport/Message.go:120.37,122.3 1 0
github.com/moov-io/wire20022/pkg/models/EndpointDetailsReport/Message.go:123.2,123.12 1 0
github.com/moov-io/wire20022/pkg/models/EndpointDetailsReport/Message.go:127.64,132.2 1 0
github.com/moov-io/wire20022/pkg/models/EndpointDetailsReport/Message.go:156.51,158.16 2 0
github.com/moov-io/wire20022/pkg/models/EndpointDetailsReport/Message.go:158.16,160.3 1 0
github.com/moov-io/wire20022/pkg/models/EndpointDetailsReport/Message.go:162.2,163.16 2 0
github.com/moov-io/wire20022/pkg/models/EndpointDetailsReport/Message.go:163.16,165.3 1 0
github.com/moov-io/wire20022/pkg/models/EndpointDetailsReport/Message.go:167.2,168.12 2 0
github.com/moov-io/wire20022/pkg/models/EndpointDetailsReport/Message.go:193.85,196.22 2 0
github.com/moov-io/wire20022/pkg/models/EndpointDetailsReport/Message.go:196.22,198.3 1 0
github.com/moov-io/wire20022/pkg/models/EndpointDetailsReport/Message.go:201.2,202.16 2 0
github.com/moov-io/wire20022/pkg/models/EndpointDetailsReport/Message.go:202.16,204.3 1 0
github.com/moov-io/wire20022/pkg/models/EndpointDetailsReport/Message.go:207.2,211.55 3 0
github.com/moov-io/wire20022/pkg/models/EndpointDetailsReport/Message.go:211.55,213.3 1 0
github.com/moov-io/wire20022/pkg/models/EndpointDetailsReport/Message.go:216.2,216.44 1 0
github.com/moov-io/wire20022/pkg/models/EndpointDetailsReport/Message.go:216.44,218.3 1 0
github.com/moov-io/wire20022/pkg/models/EndpointDetailsReport/Message.go:220.2,220.24 1 0
github.com/moov-io/wire20022/pkg/models/EndpointDetailsReport/Message.go:233.13,239.39 1 1
github.com/moov-io/wire20022/pkg/models/EndpointDetailsReport/Message.go:239.39,241.5 1 3
github.com/moov-io/wire20022/pkg/models/EndpointDetailsReport/Message.go:246.39,248.5 1 3
github.com/moov-io/wire20022/pkg/models/EndpointDetailsReport/Message.go:253.39,255.5 1 3
github.com/moov-io/wire20022/pkg/models/EndpointDetailsReport/Message.go:260.39,262.5 1 3
github.com/moov-io/wire20022/pkg/models/EndpointDetailsReport/Message.go:267.39,269.5 1 3
github.com/moov-io/wire20022/pkg/models/EndpointDetailsReport/Message.go:274.39,276.5 1 3
github.com/moov-io/wire20022/pkg/models/EndpointDetailsReport/Message.go:281.39,283.5 1 4
github.com/moov-io/wire20022/pkg/models/EndpointDetailsReport/Message.go:288.39,290.5 1 3
github.com/moov-io/wire20022/pkg/models/EndpointDetailsReport/Message.go:295.39,297.5 1 3
github.com/moov-io/wire20022/pkg/models/EndpointDetailsReport/Message.go:302.39,304.5 1 3
github.com/moov-io/wire20022/pkg/models/EndpointDetailsReport/Message.go:309.39,311.5 1 3
github.com/moov-io/wire20022/pkg/models/EndpointDetailsReport/Message.go:315.2,323.3 2 1
github.com/moov-io/wire20022/pkg/models/EndpointDetailsReport/Message.go:328.51,330.16 2 12
github.com/moov-io/wire20022/pkg/models/EndpointDetailsReport/Message.go:330.16,332.3 1 0
github.com/moov-io/wire20022/pkg/models/EndpointDetailsReport/Message.go:333.2,333.20 1 12
github.com/moov-io/wire20022/pkg/models/EndpointDetailsReport/Message.go:355.97,357.64 1 33
github.com/moov-io/wire20022/pkg/models/EndpointDetailsReport/Message.go:357.64,359.3 1 11
github.com/moov-io/wire20022/pkg/models/EndpointDetailsReport/Message.go:360.2,360.49 1 22
github.com/moov-io/wire20022/pkg/models/EndpointDetailsReport/Message.go:364.52,366.2 1 0
github.com/moov-io/wire20022/pkg/models/EndpointDetailsReport/MessageHelper.go:22.41,79.2 1 0
github.com/moov-io/wire20022/pkg/models/EndpointDetailsReport/map.go:3.33,5.2 1 0
github.com/moov-io/wire20022/pkg/models/EndpointDetailsReport/map.go:6.33,41.2 1 1
github.com/moov-io/wire20022/pkg/models/EndpointDetailsReport/map.go:42.33,44.2 1 1
github.com/moov-io/wire20022/pkg/models/EndpointDetailsReport/map.go:45.33,47.2 1 1
github.com/moov-io/wire20022/pkg/models/EndpointDetailsReport/map.go:48.33,50.2 1 1
github.com/moov-io/wire20022/pkg/models/EndpointDetailsReport/map.go:51.33,92.2 1 4
github.com/moov-io/wire20022/pkg/models/EndpointDetailsReport/map.go:93.33,134.2 1 1
github.com/moov-io/wire20022/pkg/models/EndpointDetailsReport/map.go:135.33,177.2 1 5
github.com/moov-io/wire20022/pkg/models/EndpointDetailsReport/map.go:178.33,180.2 1 1
github.com/moov-io/wire20022/pkg/models/EndpointDetailsReport/map.go:181.34,183.2 1 1
github.com/moov-io/wire20022/pkg/models/EndpointDetailsReport/map.go:184.34,186.2 1 1
github.com/moov-io/wire20022/pkg/models/EndpointDetailsReport/map.go:187.34,189.2 1 1
github.com/moov-io/wire20022/pkg/models/EndpointTotalsReport/Message.go:46.51,48.16 2 0
github.com/moov-io/wire20022/pkg/models/EndpointTotalsReport/Message.go:48.16,50.3 1 0
github.com/moov-io/wire20022/pkg/models/EndpointTotalsReport/Message.go:52.2,53.16 2 0
github.com/moov-io/wire20022/pkg/models/EndpointTotalsReport/Message.go:53.16,55.3 1 0
github.com/moov-io/wire20022/pkg/models/EndpointTotalsReport/Message.go:57.2,58.12 2 0
github.com/moov-io/wire20022/pkg/models/EndpointTotalsReport/Message.go:83.85,86.22 2 0
github.com/moov-io/wire20022/pkg/models/EndpointTotalsReport/Message.go:86.22,88.3 1 0
github.com/moov-io/wire20022/pkg/models/EndpointTotalsReport/Message.go:91.2,92.16 2 0
github.com/moov-io/wire20022/pkg/models/EndpointTotalsReport/Message.go:92.16,94.3 1 0
github.com/moov-io/wire20022/pkg/models/EndpointTotalsReport/Message.go:97.2,101.55 3 0
github.com/moov-io/wire20022/pkg/models/EndpointTotalsReport/Message.go:101.55,103.3 1 0
github.com/moov-io/wire20022/pkg/models/EndpointTotalsReport/Message.go:106.2,106.44 1 0
github.com/moov-io/wire20022/pkg/models/EndpointTotalsReport/Message.go:106.44,108.3 1 0
github.com/moov-io/wire20022/pkg/models/EndpointTotalsReport/Message.go:110.2,110.24 1 0
github.com/moov-io/wire20022/pkg/models/EndpointTotalsReport/Message.go:121.13,127.39 1 1
github.com/moov-io/wire20022/pkg/models/EndpointTotalsReport/Message.go:127.39,129.5 1 3
github.com/moov-io/wire20022/pkg/models/EndpointTotalsReport/Message.go:134.39,136.5 1 3
github.com/moov-io/wire20022/pkg/models/EndpointTotalsReport/Message.go:141.39,143.5 1 3
github.com/moov-io/wire20022/pkg/models/EndpointTotalsReport/Message.go:148.39,150.5 1 3
github.com/moov-io/wire20022/pkg/models/EndpointTotalsReport/Message.go:155.39,157.5 1 3
github.com/moov-io/wire20022/pkg/models/EndpointTotalsReport/Message.go:162.39,164.5 1 3
github.com/moov-io/wire20022/pkg/models/EndpointTotalsReport/Message.go:169.39,171.5 1 4
github.com/moov-io/wire20022/pkg/models/EndpointTotalsReport/Message.go:176.39,178.5 1 3
github.com/moov-io/wire20022/pkg/models/EndpointTotalsReport/Message.go:183.39,185.5 1 3
github.com/moov-io/wire20022/pkg/models/EndpointTotalsReport/Message.go:190.39,192.5 1 3
github.com/moov-io/wire20022/pkg/models/EndpointTotalsReport/Message.go:197.39,199.5 1 3
github.com/moov-io/wire20022/pkg/models/EndpointTotalsReport/Message.go:203.2,211.3 2 1
github.com/moov-io/wire20022/pkg/models/EndpointTotalsReport/Message.go:216.51,218.16 2 12
github.com/moov-io/wire20022/pkg/models/EndpointTotalsReport/Message.go:218.16,220.3 1 0
github.com/moov-io/wire20022/pkg/models/EndpointTotalsReport/Message.go:221.2,221.20 1 12
github.com/moov-io/wire20022/pkg/models/EndpointTotalsReport/Message.go:243.97,245.64 1 33
github.com/moov-io/wire20022/pkg/models/EndpointTotalsReport/Message.go:245.64,247.3 1 11
github.com/moov-io/wire20022/pkg/models/EndpointTotalsReport/Message.go:248.2,248.49 1 22
github.com/moov-io/wire20022/pkg/models/EndpointTotalsReport/Message.go:252.52,254.2 1 0
github.com/moov-io/wire20022/pkg/models/EndpointTotalsReport/MessageHelper.go:18.41,61.2 1 0
github.com/moov-io/wire20022/pkg/models/EndpointTotalsReport/map.go:3.33,5.2 1 0
github.com/moov-io/wire20022/pkg/models/EndpointTotalsReport/map.go:6.33,8.2 1 1
github.com/moov-io/wire20022/pkg/models/EndpointTotalsReport/map.go:9.33,11.2 1 1
github.com/moov-io/wire20022/pkg/models/EndpointTotalsReport/map.go:12.33,14.2 1 1
github.com/moov-io/wire20022/pkg/models/EndpointTotalsReport/map.go:15.33,17.2 1 1
github.com/moov-io/wire20022/pkg/models/EndpointTotalsReport/map.go:18.33,20.2 1 1
github.com/moov-io/wire20022/pkg/models/EndpointTotalsReport/map.go:21.33,23.2 1 1
github.com/moov-io/wire20022/pkg/models/EndpointTotalsReport/map.go:24.33,26.2 1 1
github.com/moov-io/wire20022/pkg/models/EndpointTotalsReport/map.go:27.33,29.2 1 1
github.com/moov-io/wire20022/pkg/models/EndpointTotalsReport/map.go:30.34,32.2 1 1
github.com/moov-io/wire20022/pkg/models/EndpointTotalsReport/map.go:33.34,35.2 1 1
github.com/moov-io/wire20022/pkg/models/EndpointTotalsReport/map.go:36.34,38.2 1 1
github.com/moov-io/wire20022/pkg/models/EndpointTotalsReport/map.go:41.37,60.2 1 1
github.com/moov-io/wire20022/pkg/models/EndpointTotalsReport/map.go:63.37,85.2 1 4
github.com/moov-io/wire20022/pkg/models/EndpointTotalsReport/map.go:88.38,112.2 1 6
github.com/moov-io/wire20022/pkg/models/CustomerCreditTransfer/Message.go:33.46,34.42 1 0
github.com/moov-io/wire20022/pkg/models/CustomerCreditTransfer/Message.go:34.42,36.3 1 0
github.com/moov-io/wire20022/pkg/models/CustomerCreditTransfer/Message.go:37.2,37.12 1 0
github.com/moov-io/wire20022/pkg/models/CustomerCreditTransfer/Message.go:41.70,48.9 2 0
github.com/moov-io/wire20022/pkg/models/CustomerCreditTransfer/Message.go:49.34,50.43 1 0
github.com/moov-io/wire20022/pkg/models/CustomerCreditTransfer/Message.go:53.2,53.14 1 0
github.com/moov-io/wire20022/pkg/models/CustomerCreditTransfer/Message.go:57.78,59.47 1 0
github.com/moov-io/wire20022/pkg/models/CustomerCreditTransfer/Message.go:59.47,61.3 1 0
github.com/moov-io/wire20022/pkg/models/CustomerCreditTransfer/Message.go:64.2,64.9 1 0
github.com/moov-io/wire20022/pkg/models/CustomerCreditTransfer/Message.go:65.34,66.27 1 0
github.com/moov-io/wire20022/pkg/models/CustomerCreditTransfer/Message.go:66.27,68.4 1 0
github.com/moov-io/wire20022/pkg/models/CustomerCreditTransfer/Message.go:69.3,69.50 1 0
github.com/moov-io/wire20022/pkg/models/CustomerCreditTransfer/Message.go:69.50,71.4 1 0
github.com/moov-io/wire20022/pkg/models/CustomerCreditTransfer/Message.go:74.2,74.12 1 0
github.com/moov-io/wire20022/pkg/models/CustomerCreditTransfer/Message.go:78.50,80.23 1 0
github.com/moov-io/wire20022/pkg/models/CustomerCreditTransfer/Message.go:80.23,82.3 1 0
github.com/moov-io/wire20022/pkg/models/CustomerCreditTransfer/Message.go:83.2,83.32 1 0
github.com/moov-io/wire20022/pkg/models/CustomerCreditTransfer/Message.go:83.32,85.3 1 0
github.com/moov-io/wire20022/pkg/models/CustomerCreditTransfer/Message.go:86.2,86.27 1 0
github.com/moov-io/wire20022/pkg/models/CustomerCreditTransfer/Message.go:86.27,88.3 1 0
github.com/moov-io/wire20022/pkg/models/CustomerCreditTransfer/Message.go:89.2,89.24 1 0
github.com/moov-io/wire20022/pkg/models/CustomerCreditTransfer/Message.go:89.24,91.3 1 0
github.com/moov-io/wire20022/pkg/models/CustomerCreditTransfer/Message.go:92.2,92.12 1 0
github.com/moov-io/wire20022/pkg/models/CustomerCreditTransfer/Message.go:96.64,100.2 1 0
github.com/moov-io/wire20022/pkg/models/CustomerCreditTransfer/Message.go:147.57,150.54 2 0
github.com/moov-io/wire20022/pkg/models/CustomerCreditTransfer/Message.go:150.54,152.3 1 0
github.com/moov-io/wire20022/pkg/models/CustomerCreditTransfer/Message.go:155.2,159.52 3 0
github.com/moov-io/wire20022/pkg/models/CustomerCreditTransfer/Message.go:159.52,161.3 1 0
github.com/moov-io/wire20022/pkg/models/CustomerCreditTransfer/Message.go:164.2,167.67 2 0
github.com/moov-io/wire20022/pkg/models/CustomerCreditTransfer/Message.go:167.67,168.27 1 0
github.com/moov-io/wire20022/pkg/models/CustomerCreditTransfer/Message.go:168.27,170.4 1 0
github.com/moov-io/wire20022/pkg/models/CustomerCreditTransfer/Message.go:174.2,174.12 1 0
github.com/moov-io/wire20022/pkg/models/CustomerCreditTransfer/Message.go:178.51,180.16 2 4
github.com/moov-io/wire20022/pkg/models/CustomerCreditTransfer/Message.go:180.16,182.3 1 0
github.com/moov-io/wire20022/pkg/models/CustomerCreditTransfer/Message.go:184.2,185.16 2 4
github.com/moov-io/wire20022/pkg/models/CustomerCreditTransfer/Message.go:185.16,187.3 1 0
github.com/moov-io/wire20022/pkg/models/CustomerCreditTransfer/Message.go:189.2,190.12 2 4
github.com/moov-io/wire20022/pkg/models/CustomerCreditTransfer/Message.go:215.85,218.22 2 3
github.com/moov-io/wire20022/pkg/models/CustomerCreditTransfer/Message.go:218.22,220.3 1 1
github.com/moov-io/wire20022/pkg/models/CustomerCreditTransfer/Message.go:223.2,224.16 2 3
github.com/moov-io/wire20022/pkg/models/CustomerCreditTransfer/Message.go:224.16,226.3 1 0
[...]
github.com/moov-io/wire20022/pkg/models/FedwireFundsPaymentStatus/Message.go:283.39,285.5 1 3
github.com/moov-io/wire20022/pkg/models/FedwireFundsPaymentStatus/Message.go:290.39,292.5 1 4
github.com/moov-io/wire20022/pkg/models/FedwireFundsPaymentStatus/Message.go:297.39,299.5 1 3
github.com/moov-io/wire20022/pkg/models/FedwireFundsPaymentStatus/Message.go:304.39,306.5 1 3
github.com/moov-io/wire20022/pkg/models/FedwireFundsPaymentStatus/Message.go:311.39,313.5 1 3
github.com/moov-io/wire20022/pkg/models/FedwireFundsPaymentStatus/Message.go:318.39,320.5 1 3
github.com/moov-io/wire20022/pkg/models/FedwireFundsPaymentStatus/Message.go:324.2,332.3 2 1
github.com/moov-io/wire20022/pkg/models/FedwireFundsPaymentStatus/Message.go:337.51,339.16 2 13
github.com/moov-io/wire20022/pkg/models/FedwireFundsPaymentStatus/Message.go:339.16,341.3 1 0
github.com/moov-io/wire20022/pkg/models/FedwireFundsPaymentStatus/Message.go:342.2,342.20 1 13
github.com/moov-io/wire20022/pkg/models/FedwireFundsPaymentStatus/Message.go:364.97,366.64 1 36
github.com/moov-io/wire20022/pkg/models/FedwireFundsPaymentStatus/Message.go:366.64,368.3 1 12
github.com/moov-io/wire20022/pkg/models/FedwireFundsPaymentStatus/Message.go:369.2,369.49 1 24
github.com/moov-io/wire20022/pkg/models/FedwireFundsPaymentStatus/Message.go:373.52,375.2 1 0
github.com/moov-io/wire20022/pkg/models/FedwireFundsPaymentStatus/MessageHelper.go:21.41,92.2 1 0
github.com/moov-io/wire20022/pkg/models/FedwireFundsPaymentStatus/map.go:3.33,5.2 1 1
github.com/moov-io/wire20022/pkg/models/FedwireFundsPaymentStatus/map.go:6.33,8.2 1 1
github.com/moov-io/wire20022/pkg/models/FedwireFundsPaymentStatus/map.go:9.33,25.2 1 3
github.com/moov-io/wire20022/pkg/models/FedwireFundsPaymentStatus/map.go:26.33,28.2 1 1
github.com/moov-io/wire20022/pkg/models/FedwireFundsPaymentStatus/map.go:29.33,31.2 1 1
github.com/moov-io/wire20022/pkg/models/FedwireFundsPaymentStatus/map.go:32.33,34.2 1 1
github.com/moov-io/wire20022/pkg/models/FedwireFundsPaymentStatus/map.go:35.33,51.2 1 4
github.com/moov-io/wire20022/pkg/models/FedwireFundsPaymentStatus/map.go:52.34,70.2 1 5
github.com/moov-io/wire20022/pkg/models/FedwireFundsPaymentStatus/map.go:71.34,73.2 1 1
github.com/moov-io/wire20022/pkg/models/FedwireFundsPaymentStatus/map.go:74.34,76.2 1 1
github.com/moov-io/wire20022/pkg/models/FedwireFundsPaymentStatus/map.go:77.34,79.2 1 1
github.com/moov-io/wire20022/pkg/models/FedwireFundsPaymentStatus/map.go:80.34,82.2 1 1
github.com/moov-io/wire20022/pkg/models/PaymentStatusRequest/Message.go:37.51,39.16 2 0
github.com/moov-io/wire20022/pkg/models/PaymentStatusRequest/Message.go:39.16,41.3 1 0
github.com/moov-io/wire20022/pkg/models/PaymentStatusRequest/Message.go:43.2,44.16 2 0
github.com/moov-io/wire20022/pkg/models/PaymentStatusRequest/Message.go:44.16,46.3 1 0
github.com/moov-io/wire20022/pkg/models/PaymentStatusRequest/Message.go:48.2,49.12 2 0
github.com/moov-io/wire20022/pkg/models/PaymentStatusRequest/Message.go:74.85,77.22 2 0
github.com/moov-io/wire20022/pkg/models/PaymentStatusRequest/Message.go:77.22,79.3 1 0
github.com/moov-io/wire20022/pkg/models/PaymentStatusRequest/Message.go:82.2,83.16 2 0
github.com/moov-io/wire20022/pkg/models/PaymentStatusRequest/Message.go:83.16,85.3 1 0
github.com/moov-io/wire20022/pkg/models/PaymentStatusRequest/Message.go:88.2,92.55 3 0
github.com/moov-io/wire20022/pkg/models/PaymentStatusRequest/Message.go:92.55,94.3 1 0
github.com/moov-io/wire20022/pkg/models/PaymentStatusRequest/Message.go:97.2,97.44 1 0
github.com/moov-io/wire20022/pkg/models/PaymentStatusRequest/Message.go:97.44,99.3 1 0
github.com/moov-io/wire20022/pkg/models/PaymentStatusRequest/Message.go:101.2,101.24 1 0
github.com/moov-io/wire20022/pkg/models/PaymentStatusRequest/Message.go:114.13,120.39 1 1
github.com/moov-io/wire20022/pkg/models/PaymentStatusRequest/Message.go:120.39,122.5 1 3
github.com/moov-io/wire20022/pkg/models/PaymentStatusRequest/Message.go:127.39,129.5 1 3
github.com/moov-io/wire20022/pkg/models/PaymentStatusRequest/Message.go:134.39,136.5 1 4
github.com/moov-io/wire20022/pkg/models/PaymentStatusRequest/Message.go:141.39,143.5 1 3
github.com/moov-io/wire20022/pkg/models/PaymentStatusRequest/Message.go:148.39,150.5 1 3
github.com/moov-io/wire20022/pkg/models/PaymentStatusRequest/Message.go:155.39,157.5 1 3
github.com/moov-io/wire20022/pkg/models/PaymentStatusRequest/Message.go:161.2,169.3 2 1
github.com/moov-io/wire20022/pkg/models/PaymentStatusRequest/Message.go:174.51,176.16 2 7
github.com/moov-io/wire20022/pkg/models/PaymentStatusRequest/Message.go:176.16,178.3 1 0
github.com/moov-io/wire20022/pkg/models/PaymentStatusRequest/Message.go:179.2,179.20 1 7
github.com/moov-io/wire20022/pkg/models/PaymentStatusRequest/Message.go:201.97,203.64 1 18
github.com/moov-io/wire20022/pkg/models/PaymentStatusRequest/Message.go:203.64,205.3 1 6
github.com/moov-io/wire20022/pkg/models/PaymentStatusRequest/Message.go:206.2,206.49 1 12
github.com/moov-io/wire20022/pkg/models/PaymentStatusRequest/Message.go:210.52,212.2 1 0
github.com/moov-io/wire20022/pkg/models/PaymentStatusRequest/MessageHelper.go:28.41,81.2 1 0
github.com/moov-io/wire20022/pkg/models/PaymentStatusRequest/map.go:3.33,5.2 1 1
github.com/moov-io/wire20022/pkg/models/PaymentStatusRequest/map.go:6.33,20.2 1 2
github.com/moov-io/wire20022/pkg/models/PaymentStatusRequest/map.go:21.33,36.2 1 4
github.com/moov-io/wire20022/pkg/models/PaymentStatusRequest/map.go:37.33,39.2 1 1
github.com/moov-io/wire20022/pkg/models/PaymentStatusRequest/map.go:40.33,42.2 1 1
github.com/moov-io/wire20022/pkg/models/PaymentStatusRequest/map.go:43.33,45.2 1 1
github.com/moov-io/wire20022/pkg/models/Master/Message.go:44.51,46.16 2 0
github.com/moov-io/wire20022/pkg/models/Master/Message.go:46.16,48.3 1 0
github.com/moov-io/wire20022/pkg/models/Master/Message.go:50.2,51.16 2 0
github.com/moov-io/wire20022/pkg/models/Master/Message.go:51.16,53.3 1 0
github.com/moov-io/wire20022/pkg/models/Master/Message.go:55.2,56.12 2 0
github.com/moov-io/wire20022/pkg/models/Master/Message.go:81.85,84.22 2 0
github.com/moov-io/wire20022/pkg/models/Master/Message.go:84.22,86.3 1 0
github.com/moov-io/wire20022/pkg/models/Master/Message.go:89.2,90.16 2 0
github.com/moov-io/wire20022/pkg/models/Master/Message.go:90.16,92.3 1 0
github.com/moov-io/wire20022/pkg/models/Master/Message.go:95.2,99.55 3 0
github.com/moov-io/wire20022/pkg/models/Master/Message.go:99.55,101.3 1 0
github.com/moov-io/wire20022/pkg/models/Master/Message.go:104.2,104.44 1 0
github.com/moov-io/wire20022/pkg/models/Master/Message.go:104.44,106.3 1 0
github.com/moov-io/wire20022/pkg/models/Master/Message.go:108.2,108.24 1 0
github.com/moov-io/wire20022/pkg/models/Master/Message.go:120.13,126.39 1 1
github.com/moov-io/wire20022/pkg/models/Master/Message.go:126.39,128.5 1 3
github.com/moov-io/wire20022/pkg/models/Master/Message.go:133.39,135.5 1 3
github.com/moov-io/wire20022/pkg/models/Master/Message.go:140.39,142.5 1 3
github.com/moov-io/wire20022/pkg/models/Master/Message.go:147.39,149.5 1 3
github.com/moov-io/wire20022/pkg/models/Master/Message.go:154.39,156.5 1 3
github.com/moov-io/wire20022/pkg/models/Master/Message.go:161.39,163.5 1 3
github.com/moov-io/wire20022/pkg/models/Master/Message.go:168.39,170.5 1 4
github.com/moov-io/wire20022/pkg/models/Master/Message.go:175.39,177.5 1 3
github.com/moov-io/wire20022/pkg/models/Master/Message.go:182.39,184.5 1 3
github.com/moov-io/wire20022/pkg/models/Master/Message.go:189.39,191.5 1 3
github.com/moov-io/wire20022/pkg/models/Master/Message.go:196.39,198.5 1 3
github.com/moov-io/wire20022/pkg/models/Master/Message.go:202.2,210.3 2 1
github.com/moov-io/wire20022/pkg/models/Master/Message.go:215.51,217.16 2 12
github.com/moov-io/wire20022/pkg/models/Master/Message.go:217.16,219.3 1 0
github.com/moov-io/wire20022/pkg/models/Master/Message.go:220.2,220.20 1 12
github.com/moov-io/wire20022/pkg/models/Master/Message.go:242.97,244.64 1 33
github.com/moov-io/wire20022/pkg/models/Master/Message.go:244.64,246.3 1 11
github.com/moov-io/wire20022/pkg/models/Master/Message.go:247.2,247.49 1 22
github.com/moov-io/wire20022/pkg/models/Master/Message.go:251.52,253.2 1 0
github.com/moov-io/wire20022/pkg/models/Master/MessageHelper.go:12.47,34.2 1 0
github.com/moov-io/wire20022/pkg/models/Master/MessageHelper.go:44.41,67.2 1 0
github.com/moov-io/wire20022/pkg/models/Master/MessageHelper.go:78.83,107.2 1 0
github.com/moov-io/wire20022/pkg/models/Master/MessageHelper.go:137.41,203.2 1 0
github.com/moov-io/wire20022/pkg/models/Master/map.go:3.33,27.2 1 1
github.com/moov-io/wire20022/pkg/models/Master/map.go:28.33,55.2 1 1
github.com/moov-io/wire20022/pkg/models/Master/map.go:56.33,58.2 1 1
github.com/moov-io/wire20022/pkg/models/Master/map.go:59.33,61.2 1 1
github.com/moov-io/wire20022/pkg/models/Master/map.go:62.33,89.2 1 3
github.com/moov-io/wire20022/pkg/models/Master/map.go:90.33,92.2 1 1
github.com/moov-io/wire20022/pkg/models/Master/map.go:93.33,132.2 1 6
github.com/moov-io/wire20022/pkg/models/Master/map.go:133.33,135.2 1 1
github.com/moov-io/wire20022/pkg/models/Master/map.go:136.34,138.2 1 1
github.com/moov-io/wire20022/pkg/models/Master/map.go:139.34,141.2 1 1
github.com/moov-io/wire20022/pkg/models/Master/map.go:142.34,144.2 1 1
github.com/moov-io/wire20022/pkg/models/ReturnRequestResponse/Message.go:47.13,53.39 1 1
github.com/moov-io/wire20022/pkg/models/ReturnRequestResponse/Message.go:53.39,55.5 1 3
github.com/moov-io/wire20022/pkg/models/ReturnRequestResponse/Message.go:60.39,62.5 1 3
github.com/moov-io/wire20022/pkg/models/ReturnRequestResponse/Message.go:67.39,69.5 1 3
github.com/moov-io/wire20022/pkg/models/ReturnRequestResponse/Message.go:74.39,76.5 1 3
github.com/moov-io/wire20022/pkg/models/ReturnRequestResponse/Message.go:81.39,83.5 1 3
github.com/moov-io/wire20022/pkg/models/ReturnRequestResponse/Message.go:88.39,90.5 1 3
github.com/moov-io/wire20022/pkg/models/ReturnRequestResponse/Message.go:95.39,97.5 1 4
github.com/moov-io/wire20022/pkg/models/ReturnRequestResponse/Message.go:102.39,104.5 1 3
github.com/moov-io/wire20022/pkg/models/ReturnRequestResponse/Message.go:109.39,111.5 1 3
github.com/moov-io/wire20022/pkg/models/ReturnRequestResponse/Message.go:116.39,118.5 1 3
github.com/moov-io/wire20022/pkg/models/ReturnRequestResponse/Message.go:122.2,130.3 2 1
github.com/moov-io/wire20022/pkg/models/ReturnRequestResponse/Message.go:135.51,137.16 2 11
github.com/moov-io/wire20022/pkg/models/ReturnRequestResponse/Message.go:137.16,139.3 1 0
github.com/moov-io/wire20022/pkg/models/ReturnRequestResponse/Message.go:140.2,140.20 1 11
github.com/moov-io/wire20022/pkg/models/ReturnRequestResponse/Message.go:162.97,164.64 1 30
github.com/moov-io/wire20022/pkg/models/ReturnRequestResponse/Message.go:164.64,166.3 1 10
github.com/moov-io/wire20022/pkg/models/ReturnRequestResponse/Message.go:167.2,167.49 1 20
github.com/moov-io/wire20022/pkg/models/ReturnRequestResponse/Message.go:171.51,173.16 2 0
github.com/moov-io/wire20022/pkg/models/ReturnRequestResponse/Message.go:173.16,175.3 1 0
github.com/moov-io/wire20022/pkg/models/ReturnRequestResponse/Message.go:177.2,178.16 2 0
github.com/moov-io/wire20022/pkg/models/ReturnRequestResponse/Message.go:178.16,180.3 1 0
github.com/moov-io/wire20022/pkg/models/ReturnRequestResponse/Message.go:182.2,183.12 2 0
github.com/moov-io/wire20022/pkg/models/ReturnRequestResponse/Message.go:208.85,211.22 2 0
github.com/moov-io/wire20022/pkg/models/ReturnRequestResponse/Message.go:211.22,213.3 1 0
github.com/moov-io/wire20022/pkg/models/ReturnRequestResponse/Message.go:216.2,217.16 2 0
github.com/moov-io/wire20022/pkg/models/ReturnRequestResponse/Message.go:217.16,219.3 1 0
github.com/moov-io/wire20022/pkg/models/ReturnRequestResponse/Message.go:222.2,226.55 3 0
github.com/moov-io/wire20022/pkg/models/ReturnRequestResponse/Message.go:226.55,228.3 1 0
github.com/moov-io/wire20022/pkg/models/ReturnRequestResponse/Message.go:231.2,231.44 1 0
github.com/moov-io/wire20022/pkg/models/ReturnRequestResponse/Message.go:231.44,233.3 1 0
github.com/moov-io/wire20022/pkg/models/ReturnRequestResponse/Message.go:235.2,235.24 1 0
github.com/moov-io/wire20022/pkg/models/ReturnRequestResponse/Message.go:245.52,247.2 1 0
github.com/moov-io/wire20022/pkg/models/ReturnRequestResponse/MessageHelper.go:11.39,32.2 1 0
github.com/moov-io/wire20022/pkg/models/ReturnRequestResponse/MessageHelper.go:51.41,118.2 1 0
github.com/moov-io/wire20022/pkg/models/ReturnRequestResponse/map.go:3.33,5.2 1 1
github.com/moov-io/wire20022/pkg/models/ReturnRequestResponse/map.go:6.33,8.2 1 1
github.com/moov-io/wire20022/pkg/models/ReturnRequestResponse/map.go:9.33,11.2 1 1
github.com/moov-io/wire20022/pkg/models/ReturnRequestResponse/map.go:12.33,14.2 1 1
github.com/moov-io/wire20022/pkg/models/ReturnRequestResponse/map.go:15.33,17.2 1 1
github.com/moov-io/wire20022/pkg/models/ReturnRequestResponse/map.go:18.33,46.2 1 6
github.com/moov-io/wire20022/pkg/models/ReturnRequestResponse/map.go:47.33,79.2 1 4
github.com/moov-io/wire20022/pkg/models/ReturnRequestResponse/map.go:80.34,82.2 1 1
github.com/moov-io/wire20022/pkg/models/ReturnRequestResponse/map.go:83.34,85.2 1 1
github.com/moov-io/wire20022/pkg/models/ReturnRequestResponse/map.go:86.34,88.2 1 1
github.com/moov-io/wire20022/pkg/models/PaymentReturn/Message.go:33.54,34.26 1 0
github.com/moov-io/wire20022/pkg/models/PaymentReturn/Message.go:34.26,36.3 1 0
github.com/moov-io/wire20022/pkg/models/PaymentReturn/Message.go:37.2,37.12 1 0
github.com/moov-io/wire20022/pkg/models/PaymentReturn/Message.go:41.70,48.9 2 0
github.com/moov-io/wire20022/pkg/models/PaymentReturn/Message.go:49.34,50.59 1 0
github.com/moov-io/wire20022/pkg/models/PaymentReturn/Message.go:53.2,53.14 1 0
github.com/moov-io/wire20022/pkg/models/PaymentReturn/Message.go:57.78,59.47 1 0
github.com/moov-io/wire20022/pkg/models/PaymentReturn/Message.go:59.47,61.3 1 0
github.com/moov-io/wire20022/pkg/models/PaymentReturn/Message.go:64.2,64.9 1 0
github.com/moov-io/wire20022/pkg/models/PaymentReturn/Message.go:65.34,66.35 1 0
github.com/moov-io/wire20022/pkg/models/PaymentReturn/Message.go:66.35,68.4 1 0
github.com/moov-io/wire20022/pkg/models/PaymentReturn/Message.go:69.3,69.58 1 0
github.com/moov-io/wire20022/pkg/models/PaymentReturn/Message.go:69.58,71.4 1 0
github.com/moov-io/wire20022/pkg/models/PaymentReturn/Message.go:74.2,74.12 1 0
github.com/moov-io/wire20022/pkg/models/PaymentReturn/Message.go:78.50,80.23 1 0
github.com/moov-io/wire20022/pkg/models/PaymentReturn/Message.go:80.23,82.3 1 0
github.com/moov-io/wire20022/pkg/models/PaymentReturn/Message.go:83.2,83.32 1 0
github.com/moov-io/wire20022/pkg/models/PaymentReturn/Message.go:83.32,85.3 1 0
github.com/moov-io/wire20022/pkg/models/PaymentReturn/Message.go:86.2,86.31 1 0
github.com/moov-io/wire20022/pkg/models/PaymentReturn/Message.go:86.31,88.3 1 0
github.com/moov-io/wire20022/pkg/models/PaymentReturn/Message.go:89.2,89.35 1 0
github.com/moov-io/wire20022/pkg/models/PaymentReturn/Message.go:89.35,91.3 1 0
github.com/moov-io/wire20022/pkg/models/PaymentReturn/Message.go:92.2,92.12 1 0
github.com/moov-io/wire20022/pkg/models/PaymentReturn/Message.go:96.64,100.2 1 0
github.com/moov-io/wire20022/pkg/models/PaymentReturn/Message.go:129.57,132.54 2 0
github.com/moov-io/wire20022/pkg/models/PaymentReturn/Message.go:132.54,134.3 1 0
github.com/moov-io/wire20022/pkg/models/PaymentReturn/Message.go:137.2,141.52 3 0
github.com/moov-io/wire20022/pkg/models/PaymentReturn/Message.go:141.52,143.3 1 0
github.com/moov-io/wire20022/pkg/models/PaymentReturn/Message.go:146.2,149.67 2 0
github.com/moov-io/wire20022/pkg/models/PaymentReturn/Message.go:149.67,150.35 1 0
github.com/moov-io/wire20022/pkg/models/PaymentReturn/Message.go:150.35,152.4 1 0
github.com/moov-io/wire20022/pkg/models/PaymentReturn/Message.go:155.2,155.12 1 0
github.com/moov-io/wire20022/pkg/models/PaymentReturn/Message.go:159.51,161.16 2 0
github.com/moov-io/wire20022/pkg/models/PaymentReturn/Message.go:161.16,163.3 1 0
github.com/moov-io/wire20022/pkg/models/PaymentReturn/Message.go:165.2,166.16 2 0
github.com/moov-io/wire20022/pkg/models/PaymentReturn/Message.go:166.16,168.3 1 0
github.com/moov-io/wire20022/pkg/models/PaymentReturn/Message.go:170.2,171.12 2 0
github.com/moov-io/wire20022/pkg/models/PaymentReturn/Message.go:196.85,199.22 2 0
github.com/moov-io/wire20022/pkg/models/PaymentReturn/Message.go:199.22,201.3 1 0
github.com/moov-io/wire20022/pkg/models/PaymentReturn/Message.go:204.2,205.16 2 0
github.com/moov-io/wire20022/pkg/models/PaymentReturn/Message.go:205.16,207.3 1 0
github.com/moov-io/wire20022/pkg/models/PaymentReturn/Message.go:210.2,214.55 3 0
github.com/moov-io/wire20022/pkg/models/PaymentReturn/Message.go:214.55,216.3 1 0
github.com/moov-io/wire20022/pkg/models/PaymentReturn/Message.go:219.2,219.44 1 0
github.com/moov-io/wire20022/pkg/models/PaymentReturn/Message.go:219.44,221.3 1 0
github.com/moov-io/wire20022/pkg/models/PaymentReturn/Message.go:223.2,223.24 1 0
github.com/moov-io/wire20022/pkg/models/PaymentReturn/Message.go:237.13,243.39 1 1
github.com/moov-io/wire20022/pkg/models/PaymentReturn/Message.go:243.39,245.5 1 3
github.com/moov-io/wire20022/pkg/models/PaymentReturn/Message.go:250.39,252.5 1 3
github.com/moov-io/wire20022/pkg/models/PaymentReturn/Message.go:257.39,259.5 1 3
github.com/moov-io/wire20022/pkg/models/PaymentReturn/Message.go:264.39,266.5 1 3
github.com/moov-io/wire20022/pkg/models/PaymentReturn/Message.go:271.39,273.5 1 3
github.com/moov-io/wire20022/pkg/models/PaymentReturn/Message.go:278.39,280.5 1 3
github.com/moov-io/wire20022/pkg/models/PaymentReturn/Message.go:285.39,287.5 1 3
github.com/moov-io/wire20022/pkg/models/PaymentReturn/Message.go:292.39,294.5 1 3
github.com/moov-io/wire20022/pkg/models/PaymentReturn/Message.go:299.39,301.5 1 4
github.com/moov-io/wire20022/pkg/models/PaymentReturn/Message.go:306.39,308.5 1 3
github.com/moov-io/wire20022/pkg/models/PaymentReturn/Message.go:313.39,315.5 1 3
github.com/moov-io/wire20022/pkg/models/PaymentReturn/Message.go:320.39,322.5 1 3
github.com/moov-io/wire20022/pkg/models/PaymentReturn/Message.go:326.2,334.3 2 1
github.com/moov-io/wire20022/pkg/models/PaymentReturn/Message.go:339.51,341.16 2 13
github.com/moov-io/wire20022/pkg/models/PaymentReturn/Message.go:341.16,343.3 1 0
github.com/moov-io/wire20022/pkg/models/PaymentReturn/Message.go:344.2,344.20 1 13
github.com/moov-io/wire20022/pkg/models/PaymentReturn/Message.go:366.97,368.64 1 36
github.com/moov-io/wire20022/pkg/models/PaymentReturn/Message.go:368.64,370.3 1 12
github.com/moov-io/wire20022/pkg/models/PaymentReturn/Message.go:371.2,371.49 1 24
github.com/moov-io/wire20022/pkg/models/PaymentReturn/Message.go:375.52,377.2 1 0
github.com/moov-io/wire20022/pkg/models/PaymentReturn/MessageHelper.go:10.37,20.2 1 0
github.com/moov-io/wire20022/pkg/models/PaymentReturn/MessageHelper.go:31.49,50.2 1 0
github.com/moov-io/wire20022/pkg/models/PaymentReturn/MessageHelper.go:57.39,72.2 1 0
github.com/moov-io/wire20022/pkg/models/PaymentReturn/MessageHelper.go:97.41,190.2 1 0
github.com/moov-io/wire20022/pkg/models/PaymentReturn/map.go:3.33,5.2 1 1
github.com/moov-io/wire20022/pkg/models/PaymentReturn/map.go:6.33,8.2 1 1
github.com/moov-io/wire20022/pkg/models/PaymentReturn/map.go:9.33,11.2 1 1
github.com/moov-io/wire20022/pkg/models/PaymentReturn/map.go:12.33,14.2 1 1
github.com/moov-io/wire20022/pkg/models/PaymentReturn/map.go:15.33,17.2 1 1
github.com/moov-io/wire20022/pkg/models/PaymentReturn/map.go:18.33,44.2 1 6
github.com/moov-io/wire20022/pkg/models/PaymentReturn/map.go:45.33,103.2 1 1
github.com/moov-io/wire20022/pkg/models/PaymentReturn/map.go:104.33,175.2 1 1
github.com/moov-io/wire20022/pkg/models/PaymentReturn/map.go:176.34,249.2 1 4
github.com/moov-io/wire20022/pkg/models/PaymentReturn/map.go:250.34,252.2 1 1
github.com/moov-io/wire20022/pkg/models/PaymentReturn/map.go:253.34,255.2 1 1
github.com/moov-io/wire20022/pkg/models/PaymentReturn/map.go:256.34,258.2 1 1
